2015-03-13 10:32:49,903 [1] [ERROR] [GlobalLog] - 找不到配置文件：ClientConfig.xml
2015-03-13 10:35:25,752 [5] [ERROR] [GlobalLog] - 接收消息失败：System.Net.Sockets.SocketException (0x80004005): 远程主机强迫关闭了一个现有的连接。
   在 System.Net.Sockets.Socket.Receive(Byte[] buffer, Int32 offset, Int32 size, SocketFlags socketFlags)
   在 MonitorClient.Utils.SocketEx.Receive() 位置 e:\工作相关\ModificationWorks\FIDS Advance Solution\MonitorClient\Utils\SocketEx.cs:行号 189
2015-03-13 10:35:30,375 [7] [ERROR] [GlobalLog] - 发送消息失败:System.Net.Sockets.SocketException (0x80004005): 远程主机强迫关闭了一个现有的连接。
   在 System.Net.Sockets.Socket.Send(Byte[] buffer, Int32 offset, Int32 size, SocketFlags socketFlags)
   在 MonitorClient.Utils.SocketEx.Send(String message) 位置 e:\工作相关\ModificationWorks\FIDS Advance Solution\MonitorClient\Utils\SocketEx.cs:行号 135
2015-03-13 10:35:35,383 [7] [ERROR] [GlobalLog] - 发送消息失败:System.Net.Sockets.SocketException (0x80004005): 远程主机强迫关闭了一个现有的连接。
   在 System.Net.Sockets.Socket.Send(Byte[] buffer, Int32 offset, Int32 size, SocketFlags socketFlags)
   在 MonitorClient.Utils.SocketEx.Send(String message) 位置 e:\工作相关\ModificationWorks\FIDS Advance Solution\MonitorClient\Utils\SocketEx.cs:行号 135
2015-03-13 10:35:40,395 [7] [ERROR] [GlobalLog] - 发送消息失败:System.Net.Sockets.SocketException (0x80004005): 远程主机强迫关闭了一个现有的连接。
   在 System.Net.Sockets.Socket.Send(Byte[] buffer, Int32 offset, Int32 size, SocketFlags socketFlags)
   在 MonitorClient.Utils.SocketEx.Send(String message) 位置 e:\工作相关\ModificationWorks\FIDS Advance Solution\MonitorClient\Utils\SocketEx.cs:行号 135
2015-03-13 10:35:45,637 [7] [ERROR] [GlobalLog] - 发送消息失败:System.Net.Sockets.SocketException (0x80004005): 远程主机强迫关闭了一个现有的连接。
   在 System.Net.Sockets.Socket.Send(Byte[] buffer, Int32 offset, Int32 size, SocketFlags socketFlags)
   在 MonitorClient.Utils.SocketEx.Send(String message) 位置 e:\工作相关\ModificationWorks\FIDS Advance Solution\MonitorClient\Utils\SocketEx.cs:行号 135
2015-03-13 10:49:56,076 [5] [ERROR] [GlobalLog] - 接收消息失败：System.Net.Sockets.SocketException (0x80004005): 远程主机强迫关闭了一个现有的连接。
   在 System.Net.Sockets.Socket.Receive(Byte[] buffer, Int32 offset, Int32 size, SocketFlags socketFlags)
   在 MonitorClient.Utils.SocketEx.Receive() 位置 e:\工作相关\ModificationWorks\FIDS Advance Solution\MonitorClient\Utils\SocketEx.cs:行号 189
2015-03-13 10:49:56,872 [7] [ERROR] [GlobalLog] - 发送消息失败:System.Net.Sockets.SocketException (0x80004005): 远程主机强迫关闭了一个现有的连接。
   在 System.Net.Sockets.Socket.Send(Byte[] buffer, Int32 offset, Int32 size, SocketFlags socketFlags)
   在 MonitorClient.Utils.SocketEx.Send(String message) 位置 e:\工作相关\ModificationWorks\FIDS Advance Solution\MonitorClient\Utils\SocketEx.cs:行号 135
2015-03-13 10:50:01,880 [7] [ERROR] [GlobalLog] - 发送消息失败:System.Net.Sockets.SocketException (0x80004005): 远程主机强迫关闭了一个现有的连接。
   在 System.Net.Sockets.Socket.Send(Byte[] buffer, Int32 offset, Int32 size, SocketFlags socketFlags)
   在 MonitorClient.Utils.SocketEx.Send(String message) 位置 e:\工作相关\ModificationWorks\FIDS Advance Solution\MonitorClient\Utils\SocketEx.cs:行号 135
2015-03-13 10:50:06,887 [7] [ERROR] [GlobalLog] - 发送消息失败:System.Net.Sockets.SocketException (0x80004005): 远程主机强迫关闭了一个现有的连接。
   在 System.Net.Sockets.Socket.Send(Byte[] buffer, Int32 offset, Int32 size, SocketFlags socketFlags)
   在 MonitorClient.Utils.SocketEx.Send(String message) 位置 e:\工作相关\ModificationWorks\FIDS Advance Solution\MonitorClient\Utils\SocketEx.cs:行号 135
2015-03-13 10:50:12,098 [7] [ERROR] [GlobalLog] - 发送消息失败:System.Net.Sockets.SocketException (0x80004005): 远程主机强迫关闭了一个现有的连接。
   在 System.Net.Sockets.Socket.Send(Byte[] buffer, Int32 offset, Int32 size, SocketFlags socketFlags)
   在 MonitorClient.Utils.SocketEx.Send(String message) 位置 e:\工作相关\ModificationWorks\FIDS Advance Solution\MonitorClient\Utils\SocketEx.cs:行号 135
2015-03-13 11:01:41,600 [1] [ERROR] [GlobalLog] - 找不到配置文件：ClientConfig.xml
2015-03-13 11:01:41,643 [1] [ERROR] [GlobalLog] - 加载客户端配置配置失败
2015-03-13 11:04:02,589 [1] [ERROR] [GlobalLog] - 找不到配置文件：ClientConfig.xml
2015-03-13 11:04:02,751 [1] [ERROR] [GlobalLog] - 加载客户端配置失败
2015-03-13 11:04:53,265 [9] [ERROR] [GlobalLog] - 找不到配置文件：ClientConfig.xml
2015-03-13 11:05:03,806 [9] [ERROR] [GlobalLog] - 加载客户端配置失败
2015-03-13 11:05:51,947 [10] [ERROR] [GlobalLog] - 找不到配置文件：ClientConfig.xml
2015-03-13 11:06:20,515 [1] [ERROR] [GlobalLog] - 找不到配置文件：ClientConfig.xml
2015-03-13 11:06:20,588 [1] [ERROR] [GlobalLog] - 加载客户端配置失败
2015-03-13 11:17:35,839 [1] [ERROR] [GlobalLog] - 找不到配置文件：ClientConfig.xml
2015-03-13 11:17:35,893 [1] [ERROR] [GlobalLog] - 加载客户端配置失败
2015-03-13 11:18:25,375 [1] [ERROR] [GlobalLog] - 找不到配置文件：ClientConfig.xml
2015-03-13 11:18:25,437 [1] [ERROR] [GlobalLog] - 加载客户端配置失败
2015-03-13 11:19:21,191 [1] [ERROR] [GlobalLog] - 找不到配置文件：ClientConfig.xml
2015-03-13 11:19:21,268 [1] [ERROR] [GlobalLog] - 加载客户端配置失败
2015-03-13 11:20:14,392 [1] [ERROR] [GlobalLog] - 找不到配置文件：ClientConfig.xml
2015-03-13 11:20:14,463 [1] [ERROR] [GlobalLog] - 加载客户端配置失败
2015-03-13 11:20:38,505 [9] [ERROR] [GlobalLog] - 找不到配置文件：ClientConfig.xml
2015-03-13 11:20:40,673 [9] [ERROR] [GlobalLog] - 加载客户端配置失败
2015-03-13 11:32:07,927 [1] [ERROR] [GlobalLog] - 加载服务器配置文件ClientConfig.xml失败，异常信息为：System.InvalidOperationException: XML 文档(2, 2)中有错误。 ---> System.InvalidOperationException: 不应有 <ClientConfig1 xmlns=''>。
   在 Microsoft.Xml.Serialization.GeneratedAssembly.XmlSerializationReaderClientConfig.Read3_ClientConfig()
   --- 内部异常堆栈跟踪的结尾 ---
   在 System.Xml.Serialization.XmlSerializer.Deserialize(XmlReader xmlReader, String encodingStyle, XmlDeserializationEvents events)
   在 System.Xml.Serialization.XmlSerializer.Deserialize(TextReader textReader)
   在 Cares.Fids.Monitor.Models.Utils.ObjectXmlSerializer.ToObject[T](String str, Boolean isFile) 位置 e:\工作相关\ModificationWorks\FIDS Advance Solution\Cares.Fids.Monitor.Models\Utils\ObjectXmlSerializer.cs:行号 88
   在 MonitorClient.Models.ClientConfig.Load(String file) 位置 e:\工作相关\ModificationWorks\FIDS Advance Solution\MonitorClient\Models\ClientConfig.cs:行号 85
2015-03-13 11:32:07,982 [1] [ERROR] [GlobalLog] - 加载客户端配置失败
2015-03-13 11:32:52,544 [1] [ERROR] [GlobalLog] - 加载服务器配置文件ClientConfig.xml失败，异常信息为：System.InvalidOperationException: XML 文档(2, 2)中有错误。 ---> System.InvalidOperationException: 不应有 <ClientConfig1 xmlns=''>。
   在 Microsoft.Xml.Serialization.GeneratedAssembly.XmlSerializationReaderClientConfig.Read3_ClientConfig()
   --- 内部异常堆栈跟踪的结尾 ---
   在 System.Xml.Serialization.XmlSerializer.Deserialize(XmlReader xmlReader, String encodingStyle, XmlDeserializationEvents events)
   在 System.Xml.Serialization.XmlSerializer.Deserialize(TextReader textReader)
   在 Cares.Fids.Monitor.Models.Utils.ObjectXmlSerializer.ToObject[T](String str, Boolean isFile) 位置 e:\工作相关\ModificationWorks\FIDS Advance Solution\Cares.Fids.Monitor.Models\Utils\ObjectXmlSerializer.cs:行号 88
   在 MonitorClient.Models.ClientConfig.Load(String file) 位置 e:\工作相关\ModificationWorks\FIDS Advance Solution\MonitorClient\Models\ClientConfig.cs:行号 85
2015-03-13 11:32:52,598 [1] [ERROR] [GlobalLog] - 加载客户端配置失败
2015-03-13 11:33:11,828 [1] [ERROR] [GlobalLog] - 加载服务器配置文件ClientConfig.xml失败，异常信息为：System.InvalidOperationException: XML 文档(2, 2)中有错误。 ---> System.InvalidOperationException: 不应有 <ClientConfig1 xmlns=''>。
   在 Microsoft.Xml.Serialization.GeneratedAssembly.XmlSerializationReaderClientConfig.Read3_ClientConfig()
   --- 内部异常堆栈跟踪的结尾 ---
   在 System.Xml.Serialization.XmlSerializer.Deserialize(XmlReader xmlReader, String encodingStyle, XmlDeserializationEvents events)
   在 System.Xml.Serialization.XmlSerializer.Deserialize(TextReader textReader)
   在 Cares.Fids.Monitor.Models.Utils.ObjectXmlSerializer.ToObject[T](String str, Boolean isFile) 位置 e:\工作相关\ModificationWorks\FIDS Advance Solution\Cares.Fids.Monitor.Models\Utils\ObjectXmlSerializer.cs:行号 88
   在 MonitorClient.Models.ClientConfig.Load(String file) 位置 e:\工作相关\ModificationWorks\FIDS Advance Solution\MonitorClient\Models\ClientConfig.cs:行号 85
2015-03-13 11:33:11,894 [1] [ERROR] [GlobalLog] - 加载客户端配置失败
2015-03-13 11:34:07,266 [1] [ERROR] [GlobalLog] - 加载服务器配置文件ClientConfig.xml失败，异常信息为：System.InvalidOperationException: XML 文档(2, 2)中有错误。 ---> System.InvalidOperationException: 不应有 <ClientConfig1 xmlns=''>。
   在 Microsoft.Xml.Serialization.GeneratedAssembly.XmlSerializationReaderClientConfig.Read3_ClientConfig()
   --- 内部异常堆栈跟踪的结尾 ---
   在 System.Xml.Serialization.XmlSerializer.Deserialize(XmlReader xmlReader, String encodingStyle, XmlDeserializationEvents events)
   在 System.Xml.Serialization.XmlSerializer.Deserialize(TextReader textReader)
   在 Cares.Fids.Monitor.Models.Utils.ObjectXmlSerializer.ToObject[T](String str, Boolean isFile) 位置 e:\工作相关\ModificationWorks\FIDS Advance Solution\Cares.Fids.Monitor.Models\Utils\ObjectXmlSerializer.cs:行号 88
   在 MonitorClient.Models.ClientConfig.Load(String file) 位置 e:\工作相关\ModificationWorks\FIDS Advance Solution\MonitorClient\Models\ClientConfig.cs:行号 85
2015-03-13 11:34:07,318 [1] [ERROR] [GlobalLog] - 加载客户端配置失败
2015-03-13 11:34:27,283 [1] [ERROR] [GlobalLog] - 加载服务器配置文件ClientConfig.xml失败，异常信息为：System.InvalidOperationException: XML 文档(2, 2)中有错误。 ---> System.InvalidOperationException: 不应有 <ClientConfig1 xmlns=''>。
   在 Microsoft.Xml.Serialization.GeneratedAssembly.XmlSerializationReaderClientConfig.Read3_ClientConfig()
   --- 内部异常堆栈跟踪的结尾 ---
   在 System.Xml.Serialization.XmlSerializer.Deserialize(XmlReader xmlReader, String encodingStyle, XmlDeserializationEvents events)
   在 System.Xml.Serialization.XmlSerializer.Deserialize(TextReader textReader)
   在 Cares.Fids.Monitor.Models.Utils.ObjectXmlSerializer.ToObject[T](String str, Boolean isFile) 位置 e:\工作相关\ModificationWorks\FIDS Advance Solution\Cares.Fids.Monitor.Models\Utils\ObjectXmlSerializer.cs:行号 88
   在 MonitorClient.Models.ClientConfig.Load(String file) 位置 e:\工作相关\ModificationWorks\FIDS Advance Solution\MonitorClient\Models\ClientConfig.cs:行号 85
2015-03-13 11:34:27,346 [1] [ERROR] [GlobalLog] - 加载客户端配置失败
2015-03-13 11:34:49,893 [1] [ERROR] [GlobalLog] - 加载服务器配置文件ClientConfig.xml失败，异常信息为：System.InvalidOperationException: XML 文档(2, 2)中有错误。 ---> System.InvalidOperationException: 不应有 <ClientConfig1 xmlns=''>。
   在 Microsoft.Xml.Serialization.GeneratedAssembly.XmlSerializationReaderClientConfig.Read3_ClientConfig()
   --- 内部异常堆栈跟踪的结尾 ---
   在 System.Xml.Serialization.XmlSerializer.Deserialize(XmlReader xmlReader, String encodingStyle, XmlDeserializationEvents events)
   在 System.Xml.Serialization.XmlSerializer.Deserialize(TextReader textReader)
   在 Cares.Fids.Monitor.Models.Utils.ObjectXmlSerializer.ToObject[T](String str, Boolean isFile) 位置 e:\工作相关\ModificationWorks\FIDS Advance Solution\Cares.Fids.Monitor.Models\Utils\ObjectXmlSerializer.cs:行号 88
   在 MonitorClient.Models.ClientConfig.Load(String file) 位置 e:\工作相关\ModificationWorks\FIDS Advance Solution\MonitorClient\Models\ClientConfig.cs:行号 85
2015-03-13 11:34:49,955 [1] [ERROR] [GlobalLog] - 加载客户端配置失败
2015-03-13 11:35:02,187 [1] [ERROR] [GlobalLog] - 加载服务器配置文件ClientConfig.xml失败，异常信息为：System.InvalidOperationException: XML 文档(2, 2)中有错误。 ---> System.InvalidOperationException: 不应有 <ClientConfig1 xmlns=''>。
   在 Microsoft.Xml.Serialization.GeneratedAssembly.XmlSerializationReaderClientConfig.Read3_ClientConfig()
   --- 内部异常堆栈跟踪的结尾 ---
   在 System.Xml.Serialization.XmlSerializer.Deserialize(XmlReader xmlReader, String encodingStyle, XmlDeserializationEvents events)
   在 System.Xml.Serialization.XmlSerializer.Deserialize(TextReader textReader)
   在 Cares.Fids.Monitor.Models.Utils.ObjectXmlSerializer.ToObject[T](String str, Boolean isFile) 位置 e:\工作相关\ModificationWorks\FIDS Advance Solution\Cares.Fids.Monitor.Models\Utils\ObjectXmlSerializer.cs:行号 88
   在 MonitorClient.Models.ClientConfig.Load(String file) 位置 e:\工作相关\ModificationWorks\FIDS Advance Solution\MonitorClient\Models\ClientConfig.cs:行号 85
2015-03-13 11:35:02,249 [1] [ERROR] [GlobalLog] - 加载客户端配置失败
2015-03-13 11:38:53,206 [1] [ERROR] [GlobalLog] - 加载服务器配置文件ClientConfig.xml失败，异常信息为：System.InvalidOperationException: XML 文档(2, 2)中有错误。 ---> System.InvalidOperationException: 不应有 <ClientConfig1 xmlns=''>。
   在 Microsoft.Xml.Serialization.GeneratedAssembly.XmlSerializationReaderClientConfig.Read3_ClientConfig()
   --- 内部异常堆栈跟踪的结尾 ---
   在 System.Xml.Serialization.XmlSerializer.Deserialize(XmlReader xmlReader, String encodingStyle, XmlDeserializationEvents events)
   在 System.Xml.Serialization.XmlSerializer.Deserialize(TextReader textReader)
   在 Cares.Fids.Monitor.Models.Utils.ObjectXmlSerializer.ToObject[T](String str, Boolean isFile) 位置 e:\工作相关\ModificationWorks\FIDS Advance Solution\Cares.Fids.Monitor.Models\Utils\ObjectXmlSerializer.cs:行号 88
   在 MonitorClient.Models.ClientConfig.Load(String file) 位置 e:\工作相关\ModificationWorks\FIDS Advance Solution\MonitorClient\Models\ClientConfig.cs:行号 88
2015-03-13 11:38:53,273 [1] [ERROR] [GlobalLog] - 加载客户端配置失败
