2015-03-06 10:17:15,838 [1] INFO  GlobalLog - 注册控制台事件成功
2015-03-06 10:17:15,869 [1] INFO  GlobalLog - 开始加载配置文件
2015-03-06 10:17:16,103 [1] INFO  GlobalLog - 加载服务器配置文件ServerConfig.xml成功
2015-03-06 10:17:16,103 [1] INFO  GlobalLog - 开始启动服务器，
2015-03-06 10:17:16,119 [1] INFO  GlobalLog - 绑定服务器192.168.163.163:52321成功
2015-03-06 10:17:16,119 [1] INFO  GlobalLog - 启动服务器成功
2015-03-06 10:17:20,877 [5] ERROR GlobalLog - 用户[cmlu]于2015/3/6 10:17:20点击关闭按钮关闭系统
2015-03-06 10:19:29,496 [1] [INFO ] [GlobalLog] - 注册控制台事件成功
2015-03-06 10:19:29,527 [1] [INFO ] [GlobalLog] - 开始加载配置文件
2015-03-06 10:19:29,776 [1] [INFO ] [GlobalLog] - 加载服务器配置文件ServerConfig.xml成功
2015-03-06 10:19:29,776 [1] [INFO ] [GlobalLog] - 开始启动服务器，
2015-03-06 10:19:29,808 [1] [INFO ] [GlobalLog] - 绑定服务器192.168.163.163:52321成功
2015-03-06 10:19:29,808 [1] [INFO ] [GlobalLog] - 启动服务器成功
2015-03-06 10:19:31,836 [5] [ERROR] [GlobalLog] - 用户[cmlu]于2015/3/6 10:19:31点击关闭按钮关闭系统
2015-03-06 10:57:44,629 [1] [INFO ] [GlobalLog] - 注册控制台事件成功
2015-03-06 10:57:44,660 [1] [INFO ] [GlobalLog] - 开始加载配置文件
2015-03-06 10:57:44,894 [1] [INFO ] [GlobalLog] - 加载服务器配置文件ServerConfig.xml成功
2015-03-06 10:57:44,894 [1] [INFO ] [GlobalLog] - 开始启动服务器，
2015-03-06 10:57:44,909 [1] [INFO ] [GlobalLog] - 绑定服务器192.168.163.163:52321成功
2015-03-06 10:57:44,909 [1] [INFO ] [GlobalLog] - 启动服务器成功
2015-03-06 11:04:30,643 [5] [ERROR] [GlobalLog] - 用户[cmlu]于2015/3/6 11:04:30点击关闭按钮关闭系统
2015-03-06 11:15:29,495 [1] [INFO ] [GlobalLog] - 注册控制台事件成功
2015-03-06 11:15:29,542 [1] [INFO ] [GlobalLog] - 开始加载配置文件
2015-03-06 11:15:29,776 [1] [INFO ] [GlobalLog] - 加载服务器配置文件ServerConfig.xml成功
2015-03-06 11:15:29,776 [1] [INFO ] [GlobalLog] - 开始启动服务器，
2015-03-06 11:15:29,792 [1] [INFO ] [GlobalLog] - 绑定服务器192.168.163.163:52321成功
2015-03-06 11:15:29,792 [1] [INFO ] [GlobalLog] - 启动服务器成功
2015-03-06 11:15:30,587 [5] [ERROR] [GlobalLog] - 用户[cmlu]于2015/3/6 11:15:30点击关闭按钮关闭系统
2015-03-06 14:08:51,165 [1] [INFO ] [GlobalLog] - 注册控制台事件成功
2015-03-06 14:08:51,212 [1] [INFO ] [GlobalLog] - 开始加载配置文件
2015-03-06 14:08:51,430 [1] [INFO ] [GlobalLog] - 加载服务器配置文件ServerConfig.xml成功
2015-03-06 14:08:51,430 [1] [INFO ] [GlobalLog] - 开始启动服务器，
2015-03-06 14:08:51,462 [1] [INFO ] [GlobalLog] - 绑定服务器192.168.163.163:52321成功
2015-03-06 14:08:51,477 [1] [INFO ] [GlobalLog] - 计划创建4个连接池
2015-03-06 14:08:51,586 [1] [INFO ] [GlobalLog] - 连接池 [连接池1]初始化成功
2015-03-06 14:08:51,664 [1] [ERROR] [GlobalLog] - 启动服务器失败：System.NullReferenceException: 未将对象引用设置到对象的实例。
   在 MonitorServerConsole.Utils.Sockets.TcpListenerEx.Start() 位置 e:\工作相关\ModificationWorks\FIDS Advance Solution\MonitorServerConsole\Utils\Sockets\TcpListenerEx.cs:行号 88
2015-03-06 14:08:51,664 [1] [ERROR] [GlobalLog] - 启动服务器失败，程序退出
2015-03-06 14:08:51,696 [5] [INFO ] [GlobalLog] - 服务器停止，同时停止扫描客户端发送消息。
2015-03-06 14:09:38,954 [1] [INFO ] [GlobalLog] - 注册控制台事件成功
2015-03-06 14:09:39,001 [1] [INFO ] [GlobalLog] - 开始加载配置文件
2015-03-06 14:09:39,204 [1] [INFO ] [GlobalLog] - 加载服务器配置文件ServerConfig.xml成功
2015-03-06 14:09:39,204 [1] [INFO ] [GlobalLog] - 开始启动服务器，
2015-03-06 14:09:39,219 [1] [INFO ] [GlobalLog] - 绑定服务器192.168.163.163:52321成功
2015-03-06 14:09:39,235 [1] [INFO ] [GlobalLog] - 计划创建4个连接池
2015-03-06 14:09:39,235 [1] [INFO ] [GlobalLog] - 连接池 [连接池1]初始化成功
2015-03-06 14:09:39,282 [1] [INFO ] [GlobalLog] - 连接池 [连接池2]初始化成功
2015-03-06 14:09:39,282 [1] [INFO ] [GlobalLog] - 连接池 [连接池3]初始化成功
2015-03-06 14:09:39,282 [1] [INFO ] [GlobalLog] - 连接池 [连接池4]初始化成功
2015-03-06 14:09:39,282 [1] [INFO ] [GlobalLog] - 启动服务器成功
2015-03-06 14:19:11,573 [18] [ERROR] [GlobalLog] - 用户[cmlu]于2015/3/6 14:19:11点击关闭按钮关闭系统
2015-03-06 14:19:16,397 [1] [INFO ] [GlobalLog] - 注册控制台事件成功
2015-03-06 14:19:16,441 [1] [INFO ] [GlobalLog] - 开始加载配置文件
2015-03-06 14:19:16,663 [1] [INFO ] [GlobalLog] - 加载服务器配置文件ServerConfig.xml成功
2015-03-06 14:19:16,666 [1] [INFO ] [GlobalLog] - 开始启动服务器，
2015-03-06 14:19:16,685 [1] [INFO ] [GlobalLog] - 绑定服务器192.168.163.163:52321成功
2015-03-06 14:19:16,692 [1] [INFO ] [GlobalLog] - 计划创建4个连接池
2015-03-06 14:19:16,698 [1] [INFO ] [GlobalLog] - 连接池 [连接池1]初始化成功
2015-03-06 14:19:16,701 [1] [INFO ] [GlobalLog] - 连接池 [连接池2]初始化成功
2015-03-06 14:19:16,704 [1] [INFO ] [GlobalLog] - 连接池 [连接池3]初始化成功
2015-03-06 14:19:16,707 [1] [INFO ] [GlobalLog] - 连接池 [连接池4]初始化成功
2015-03-06 14:19:16,709 [1] [INFO ] [GlobalLog] - 启动服务器成功
2015-03-06 14:19:23,132 [17] [ERROR] [GlobalLog] - 用户[cmlu]于2015/3/6 14:19:23点击关闭按钮关闭系统
2015-03-06 14:19:46,635 [1] [INFO ] [GlobalLog] - 注册控制台事件成功
2015-03-06 14:19:46,683 [1] [INFO ] [GlobalLog] - 开始加载配置文件
2015-03-06 14:19:46,914 [1] [INFO ] [GlobalLog] - 加载服务器配置文件ServerConfig.xml成功
2015-03-06 14:19:46,916 [1] [INFO ] [GlobalLog] - 开始启动服务器，
2015-03-06 14:19:46,934 [1] [INFO ] [GlobalLog] - 绑定服务器192.168.163.163:52321成功
2015-03-06 14:19:46,936 [1] [INFO ] [GlobalLog] - 计划创建6个连接池
2015-03-06 14:19:46,942 [1] [INFO ] [GlobalLog] - 连接池 [连接池1]初始化成功
2015-03-06 14:19:46,944 [1] [INFO ] [GlobalLog] - 连接池 [连接池2]初始化成功
2015-03-06 14:19:46,947 [1] [INFO ] [GlobalLog] - 连接池 [连接池3]初始化成功
2015-03-06 14:19:46,952 [1] [INFO ] [GlobalLog] - 连接池 [连接池4]初始化成功
2015-03-06 14:19:46,962 [1] [INFO ] [GlobalLog] - 连接池 [连接池5]初始化成功
2015-03-06 14:19:46,966 [1] [INFO ] [GlobalLog] - 连接池 [连接池6]初始化成功
2015-03-06 14:19:46,967 [1] [INFO ] [GlobalLog] - 启动服务器成功
2015-03-06 14:19:58,590 [23] [ERROR] [GlobalLog] - 用户[cmlu]于2015/3/6 14:19:58点击关闭按钮关闭系统
2015-03-06 14:20:06,139 [1] [INFO ] [GlobalLog] - 注册控制台事件成功
2015-03-06 14:20:06,181 [1] [INFO ] [GlobalLog] - 开始加载配置文件
2015-03-06 14:20:06,410 [1] [INFO ] [GlobalLog] - 加载服务器配置文件ServerConfig.xml成功
2015-03-06 14:20:06,412 [1] [INFO ] [GlobalLog] - 开始启动服务器，
2015-03-06 14:20:06,429 [1] [INFO ] [GlobalLog] - 绑定服务器192.168.163.163:52321成功
2015-03-06 14:20:06,431 [1] [INFO ] [GlobalLog] - 计划创建6个连接池
2015-03-06 14:20:06,439 [1] [INFO ] [GlobalLog] - 连接池 [连接池1]初始化成功
2015-03-06 14:20:06,442 [1] [INFO ] [GlobalLog] - 连接池 [连接池2]初始化成功
2015-03-06 14:20:06,445 [1] [INFO ] [GlobalLog] - 连接池 [连接池3]初始化成功
2015-03-06 14:20:06,448 [1] [INFO ] [GlobalLog] - 连接池 [连接池4]初始化成功
2015-03-06 14:20:06,451 [1] [INFO ] [GlobalLog] - 连接池 [连接池5]初始化成功
2015-03-06 14:20:06,453 [1] [INFO ] [GlobalLog] - 连接池 [连接池6]初始化成功
2015-03-06 14:20:06,454 [1] [INFO ] [GlobalLog] - 启动服务器成功
2015-03-06 14:20:13,841 [5] [INFO ] [GlobalLog] - 服务器停止，同时停止扫描客户端发送消息。
2015-03-06 14:20:13,842 [8] [INFO ] [GlobalLog] - 服务器停止，同时停止扫描客户端发送消息。
2015-03-06 14:20:13,851 [11] [INFO ] [GlobalLog] - 服务器停止，同时停止扫描客户端发送消息。
2015-03-06 14:20:13,867 [17] [INFO ] [GlobalLog] - 服务器停止，同时停止扫描客户端发送消息。
2015-03-06 14:20:13,871 [20] [INFO ] [GlobalLog] - 服务器停止，同时停止扫描客户端发送消息。
2015-03-06 14:20:13,901 [14] [INFO ] [GlobalLog] - 服务器停止，同时停止扫描客户端发送消息。
2015-03-06 14:21:27,082 [1] [INFO ] [GlobalLog] - 注册控制台事件成功
2015-03-06 14:21:27,128 [1] [INFO ] [GlobalLog] - 开始加载配置文件
2015-03-06 14:21:27,326 [1] [INFO ] [GlobalLog] - 加载服务器配置文件ServerConfig.xml成功
2015-03-06 14:21:27,328 [1] [INFO ] [GlobalLog] - 开始启动服务器，
2015-03-06 14:21:27,345 [1] [INFO ] [GlobalLog] - 绑定服务器192.168.163.163:52321成功
2015-03-06 14:21:27,347 [1] [INFO ] [GlobalLog] - 计划创建6个连接池
2015-03-06 14:21:27,352 [1] [INFO ] [GlobalLog] - 连接池 [连接池1]初始化成功
2015-03-06 14:21:27,355 [1] [INFO ] [GlobalLog] - 连接池 [连接池2]初始化成功
2015-03-06 14:21:27,357 [1] [INFO ] [GlobalLog] - 连接池 [连接池3]初始化成功
2015-03-06 14:21:27,359 [1] [INFO ] [GlobalLog] - 连接池 [连接池4]初始化成功
2015-03-06 14:21:27,362 [1] [INFO ] [GlobalLog] - 连接池 [连接池5]初始化成功
2015-03-06 14:21:27,364 [1] [INFO ] [GlobalLog] - 连接池 [连接池6]初始化成功
2015-03-06 14:21:27,366 [1] [INFO ] [GlobalLog] - 启动服务器成功
2015-03-06 14:21:33,074 [1] [INFO ] [GlobalLog] - 注册控制台事件成功
2015-03-06 14:21:33,112 [1] [INFO ] [GlobalLog] - 开始加载配置文件
2015-03-06 14:21:33,304 [1] [INFO ] [GlobalLog] - 加载服务器配置文件ServerConfig.xml成功
2015-03-06 14:21:33,307 [1] [INFO ] [GlobalLog] - 开始启动服务器，
2015-03-06 14:21:33,390 [1] [INFO ] [GlobalLog] - 绑定服务器成功
2015-03-06 14:21:33,391 [1] [INFO ] [GlobalLog] - 计划创建6个连接池
2015-03-06 14:21:33,396 [5] [INFO ] [GlobalLog] - 服务器停止，同时停止扫描客户端发送消息。
2015-03-06 14:21:33,397 [1] [INFO ] [GlobalLog] - 连接池 [连接池1]初始化成功
2015-03-06 14:21:33,400 [8] [INFO ] [GlobalLog] - 服务器停止，同时停止扫描客户端发送消息。
2015-03-06 14:21:33,402 [1] [INFO ] [GlobalLog] - 连接池 [连接池2]初始化成功
2015-03-06 14:21:33,404 [11] [INFO ] [GlobalLog] - 服务器停止，同时停止扫描客户端发送消息。
2015-03-06 14:21:33,406 [1] [INFO ] [GlobalLog] - 连接池 [连接池3]初始化成功
2015-03-06 14:21:33,410 [14] [INFO ] [GlobalLog] - 服务器停止，同时停止扫描客户端发送消息。
2015-03-06 14:21:33,413 [1] [INFO ] [GlobalLog] - 连接池 [连接池4]初始化成功
2015-03-06 14:21:33,415 [17] [INFO ] [GlobalLog] - 服务器停止，同时停止扫描客户端发送消息。
2015-03-06 14:21:33,416 [1] [INFO ] [GlobalLog] - 连接池 [连接池5]初始化成功
2015-03-06 14:21:33,419 [20] [INFO ] [GlobalLog] - 服务器停止，同时停止扫描客户端发送消息。
2015-03-06 14:21:33,424 [1] [INFO ] [GlobalLog] - 连接池 [连接池6]初始化成功
2015-03-06 14:21:33,426 [1] [ERROR] [GlobalLog] - 启动服务器失败，程序退出
2015-03-06 14:21:33,473 [ServerThread] [ERROR] [GlobalLog] - 开启服务器监听线程失败：System.Net.Sockets.SocketException (0x80004005): 通常每个套接字地址(协议/网络地址/端口)只允许使用一次。
   在 System.Net.Sockets.Socket.DoBind(EndPoint endPointSnapshot, SocketAddress socketAddress)
   在 System.Net.Sockets.Socket.Bind(EndPoint localEP)
   在 System.Net.Sockets.TcpListener.Start(Int32 backlog)
   在 MonitorServerConsole.Utils.Sockets.TcpListenerEx.Listen() 位置 e:\工作相关\ModificationWorks\FIDS Advance Solution\MonitorServerConsole\Utils\Sockets\TcpListenerEx.cs:行号 114
2015-03-06 14:24:20,633 [24] [ERROR] [GlobalLog] - 用户[cmlu]于2015/3/6 14:24:20点击关闭按钮关闭系统
2015-03-06 14:24:25,026 [1] [INFO ] [GlobalLog] - 注册控制台事件成功
2015-03-06 14:24:25,076 [1] [INFO ] [GlobalLog] - 开始加载配置文件
2015-03-06 14:24:25,324 [1] [INFO ] [GlobalLog] - 加载服务器配置文件ServerConfig.xml成功
2015-03-06 14:24:25,326 [1] [INFO ] [GlobalLog] - 开始启动服务器，
2015-03-06 14:24:25,342 [1] [INFO ] [GlobalLog] - 绑定服务器192.168.163.163:52321成功
2015-03-06 14:24:25,344 [1] [INFO ] [GlobalLog] - 计划创建6个连接池
2015-03-06 14:24:25,349 [1] [INFO ] [GlobalLog] - 连接池 [连接池1]初始化成功
2015-03-06 14:24:25,352 [1] [INFO ] [GlobalLog] - 连接池 [连接池2]初始化成功
2015-03-06 14:24:25,354 [1] [INFO ] [GlobalLog] - 连接池 [连接池3]初始化成功
2015-03-06 14:24:25,356 [1] [INFO ] [GlobalLog] - 连接池 [连接池4]初始化成功
2015-03-06 14:24:25,358 [1] [INFO ] [GlobalLog] - 连接池 [连接池5]初始化成功
2015-03-06 14:24:25,360 [1] [INFO ] [GlobalLog] - 连接池 [连接池6]初始化成功
2015-03-06 14:24:25,361 [1] [INFO ] [GlobalLog] - 启动服务器成功
2015-03-06 14:24:29,667 [1] [INFO ] [GlobalLog] - 注册控制台事件成功
2015-03-06 14:24:29,717 [1] [INFO ] [GlobalLog] - 开始加载配置文件
2015-03-06 14:24:29,984 [1] [INFO ] [GlobalLog] - 加载服务器配置文件ServerConfig.xml成功
2015-03-06 14:24:29,986 [1] [INFO ] [GlobalLog] - 开始启动服务器，
2015-03-06 14:24:29,996 [1] [ERROR] [GlobalLog] - 启动服务器失败，程序退出
2015-03-06 14:24:30,006 [ServerThread] [ERROR] [GlobalLog] - 开启服务器监听线程失败：System.Net.Sockets.SocketException (0x80004005): 通常每个套接字地址(协议/网络地址/端口)只允许使用一次。
   在 System.Net.Sockets.Socket.DoBind(EndPoint endPointSnapshot, SocketAddress socketAddress)
   在 System.Net.Sockets.Socket.Bind(EndPoint localEP)
   在 System.Net.Sockets.TcpListener.Start(Int32 backlog)
   在 MonitorServerConsole.Utils.Sockets.TcpListenerEx.Listen() 位置 e:\工作相关\ModificationWorks\FIDS Advance Solution\MonitorServerConsole\Utils\Sockets\TcpListenerEx.cs:行号 117
2015-03-06 14:24:54,127 [24] [ERROR] [GlobalLog] - 用户[cmlu]于2015/3/6 14:24:54点击关闭按钮关闭系统
2015-03-06 14:25:41,998 [1] [INFO ] [GlobalLog] - 注册控制台事件成功
2015-03-06 14:25:42,042 [1] [INFO ] [GlobalLog] - 开始加载配置文件
2015-03-06 14:25:42,275 [1] [INFO ] [GlobalLog] - 加载服务器配置文件ServerConfig.xml成功
2015-03-06 14:25:42,277 [1] [INFO ] [GlobalLog] - 开始启动服务器，
2015-03-06 14:25:42,296 [1] [INFO ] [GlobalLog] - 绑定服务器192.168.163.163:52321成功
2015-03-06 14:25:42,299 [1] [INFO ] [GlobalLog] - 当前机器4核，计划创建4个连接池
2015-03-06 14:25:42,307 [1] [INFO ] [GlobalLog] - 连接池 [连接池1]初始化成功
2015-03-06 14:25:42,310 [1] [INFO ] [GlobalLog] - 连接池 [连接池2]初始化成功
2015-03-06 14:25:42,313 [1] [INFO ] [GlobalLog] - 连接池 [连接池3]初始化成功
2015-03-06 14:25:42,316 [1] [INFO ] [GlobalLog] - 连接池 [连接池4]初始化成功
2015-03-06 14:25:42,319 [1] [INFO ] [GlobalLog] - 连接池 [连接池5]初始化成功
2015-03-06 14:25:42,322 [1] [INFO ] [GlobalLog] - 连接池 [连接池6]初始化成功
2015-03-06 14:25:42,324 [1] [INFO ] [GlobalLog] - 启动服务器成功
2015-03-06 14:30:48,170 [23] [ERROR] [GlobalLog] - 用户[cmlu]于2015/3/6 14:30:48点击关闭按钮关闭系统
2015-03-06 14:30:52,535 [1] [INFO ] [GlobalLog] - 注册控制台事件成功
2015-03-06 14:30:52,581 [1] [INFO ] [GlobalLog] - 开始加载配置文件
2015-03-06 14:30:52,768 [1] [INFO ] [GlobalLog] - 加载服务器配置文件ServerConfig.xml成功
2015-03-06 14:30:52,770 [1] [INFO ] [GlobalLog] - 开始启动服务器，
2015-03-06 14:30:52,786 [1] [INFO ] [GlobalLog] - 绑定服务器192.168.163.163:52321成功
2015-03-06 14:30:52,788 [1] [INFO ] [GlobalLog] - 当前机器4核，计划创建4个连接池
2015-03-06 14:30:52,792 [1] [INFO ] [GlobalLog] - 连接池 [连接池1]初始化成功
2015-03-06 14:30:52,796 [1] [INFO ] [GlobalLog] - 连接池 [连接池2]初始化成功
2015-03-06 14:30:52,798 [1] [INFO ] [GlobalLog] - 连接池 [连接池3]初始化成功
2015-03-06 14:30:52,800 [1] [INFO ] [GlobalLog] - 连接池 [连接池4]初始化成功
2015-03-06 14:30:52,802 [1] [INFO ] [GlobalLog] - 连接池 [连接池5]初始化成功
2015-03-06 14:30:52,805 [1] [INFO ] [GlobalLog] - 连接池 [连接池6]初始化成功
2015-03-06 14:30:52,807 [1] [INFO ] [GlobalLog] - 启动服务器成功
2015-03-06 14:31:30,766 [23] [ERROR] [GlobalLog] - 用户[cmlu]于2015/3/6 14:31:30点击关闭按钮关闭系统
2015-03-06 14:31:34,424 [1] [INFO ] [GlobalLog] - 注册控制台事件成功
2015-03-06 14:31:34,485 [1] [INFO ] [GlobalLog] - 开始加载配置文件
2015-03-06 14:31:34,690 [1] [INFO ] [GlobalLog] - 加载服务器配置文件ServerConfig.xml成功
2015-03-06 14:31:34,691 [1] [INFO ] [GlobalLog] - 开始启动服务器，
2015-03-06 14:31:34,706 [1] [INFO ] [GlobalLog] - 绑定服务器192.168.163.163:52321成功
2015-03-06 14:31:34,707 [1] [INFO ] [GlobalLog] - 当前机器4核，计划创建4个连接池
2015-03-06 14:31:34,712 [1] [INFO ] [GlobalLog] - 连接池 [连接池1]初始化成功
2015-03-06 14:31:34,714 [1] [INFO ] [GlobalLog] - 连接池 [连接池2]初始化成功
2015-03-06 14:31:34,716 [1] [INFO ] [GlobalLog] - 连接池 [连接池3]初始化成功
2015-03-06 14:31:34,717 [1] [INFO ] [GlobalLog] - 连接池 [连接池4]初始化成功
2015-03-06 14:31:34,719 [1] [INFO ] [GlobalLog] - 连接池 [连接池5]初始化成功
2015-03-06 14:31:34,721 [1] [INFO ] [GlobalLog] - 连接池 [连接池6]初始化成功
2015-03-06 14:31:34,722 [1] [INFO ] [GlobalLog] - 启动服务器成功
2015-03-06 14:31:35,699 [ServerThread] [INFO ] [GlobalLog] - 服务器开始接受新链接---------------
2015-03-06 14:31:42,342 [23] [ERROR] [GlobalLog] - 用户[cmlu]于2015/3/6 14:31:42点击关闭按钮关闭系统
2015-03-06 14:47:57,252 [1] [INFO ] [GlobalLog] - 注册控制台事件成功
2015-03-06 14:47:57,338 [1] [INFO ] [GlobalLog] - 开始加载配置文件
2015-03-06 14:47:57,678 [1] [INFO ] [GlobalLog] - 加载服务器配置文件ServerConfig.xml成功
2015-03-06 14:47:57,680 [1] [INFO ] [GlobalLog] - 开始启动服务器，
2015-03-06 14:47:57,704 [1] [INFO ] [GlobalLog] - 绑定服务器192.168.163.163:52321成功
2015-03-06 14:47:57,706 [1] [INFO ] [GlobalLog] - 当前机器4核，计划创建4个连接池
2015-03-06 14:47:57,711 [1] [INFO ] [GlobalLog] - 连接池 [连接池1]初始化成功
2015-03-06 14:47:57,714 [1] [INFO ] [GlobalLog] - 连接池 [连接池2]初始化成功
2015-03-06 14:47:57,716 [1] [INFO ] [GlobalLog] - 连接池 [连接池3]初始化成功
2015-03-06 14:47:57,718 [1] [INFO ] [GlobalLog] - 连接池 [连接池4]初始化成功
2015-03-06 14:47:57,723 [1] [INFO ] [GlobalLog] - 连接池 [连接池5]初始化成功
2015-03-06 14:47:57,729 [1] [INFO ] [GlobalLog] - 连接池 [连接池6]初始化成功
2015-03-06 14:47:57,731 [1] [INFO ] [GlobalLog] - 启动服务器成功
2015-03-06 14:47:58,692 [ServerThread] [INFO ] [GlobalLog] - 服务器开始接受等待新链接---------------
2015-03-06 14:48:22,161 [1] [INFO ] [GlobalLog] - 注册控制台事件成功
2015-03-06 14:48:22,216 [1] [INFO ] [GlobalLog] - 开始加载配置文件
2015-03-06 14:48:22,478 [1] [INFO ] [GlobalLog] - 加载服务器配置文件ServerConfig.xml成功
2015-03-06 14:48:22,481 [1] [INFO ] [GlobalLog] - 开始启动服务器，
2015-03-06 14:48:22,496 [1] [ERROR] [GlobalLog] - 启动服务器失败，程序退出
2015-03-06 14:48:22,506 [ServerThread] [ERROR] [GlobalLog] - 开启服务器监听线程失败：System.Net.Sockets.SocketException (0x80004005): 通常每个套接字地址(协议/网络地址/端口)只允许使用一次。
   在 System.Net.Sockets.Socket.DoBind(EndPoint endPointSnapshot, SocketAddress socketAddress)
   在 System.Net.Sockets.Socket.Bind(EndPoint localEP)
   在 System.Net.Sockets.TcpListener.Start(Int32 backlog)
   在 MonitorServerConsole.Utils.Sockets.TcpListenerEx.Listen() 位置 e:\工作相关\ModificationWorks\FIDS Advance Solution\MonitorServerConsole\Utils\Sockets\TcpListenerEx.cs:行号 117
2015-03-06 15:03:40,059 [24] [ERROR] [GlobalLog] - 用户[cmlu]于2015/3/6 15:03:40点击关闭按钮关闭系统
2015-03-06 15:30:03,868 [1] [INFO ] [GlobalLog] - 注册控制台事件成功
2015-03-06 15:30:03,903 [1] [INFO ] [GlobalLog] - 开始加载配置文件
2015-03-06 15:30:04,098 [1] [INFO ] [GlobalLog] - 加载服务器配置文件ServerConfig.xml成功
2015-03-06 15:30:04,099 [1] [INFO ] [GlobalLog] - 开始启动服务器，
2015-03-06 15:30:04,117 [1] [INFO ] [GlobalLog] - 绑定服务器192.168.163.163:52321成功
2015-03-06 15:30:04,119 [1] [INFO ] [GlobalLog] - 当前机器4核，计划创建8个连接池
2015-03-06 15:30:04,123 [1] [INFO ] [GlobalLog] - 连接池 [连接池1]初始化成功
2015-03-06 15:30:04,126 [1] [INFO ] [GlobalLog] - 连接池 [连接池2]初始化成功
2015-03-06 15:30:04,127 [1] [INFO ] [GlobalLog] - 连接池 [连接池3]初始化成功
2015-03-06 15:30:04,129 [1] [INFO ] [GlobalLog] - 连接池 [连接池4]初始化成功
2015-03-06 15:30:04,131 [1] [INFO ] [GlobalLog] - 连接池 [连接池5]初始化成功
2015-03-06 15:30:04,133 [1] [INFO ] [GlobalLog] - 连接池 [连接池6]初始化成功
2015-03-06 15:30:04,135 [1] [INFO ] [GlobalLog] - 连接池 [连接池7]初始化成功
2015-03-06 15:30:04,137 [1] [INFO ] [GlobalLog] - 连接池 [连接池8]初始化成功
2015-03-06 15:30:04,138 [1] [INFO ] [GlobalLog] - 启动服务器成功
2015-03-06 15:30:05,109 [ServerThread] [INFO ] [GlobalLog] - 服务器开始接受等待新链接---------------
2015-03-06 15:30:05,809 [29] [ERROR] [GlobalLog] - 用户[cmlu]于2015/3/6 15:30:05点击关闭按钮关闭系统
2015-03-06 15:30:18,273 [1] [INFO ] [GlobalLog] - 注册控制台事件成功
2015-03-06 15:30:18,337 [1] [INFO ] [GlobalLog] - 开始加载配置文件
2015-03-06 15:30:18,653 [1] [INFO ] [GlobalLog] - 加载服务器配置文件ServerConfig.xml成功
2015-03-06 15:30:18,655 [1] [INFO ] [GlobalLog] - 开始启动服务器，
2015-03-06 15:30:18,680 [1] [INFO ] [GlobalLog] - 绑定服务器192.168.163.163:52321成功
2015-03-06 15:30:18,683 [1] [INFO ] [GlobalLog] - 当前机器4核，计划创建8个连接池
2015-03-06 15:30:18,690 [1] [INFO ] [GlobalLog] - 连接池 [连接池1]初始化成功
2015-03-06 15:30:18,702 [1] [INFO ] [GlobalLog] - 连接池 [连接池2]初始化成功
2015-03-06 15:30:18,706 [1] [INFO ] [GlobalLog] - 连接池 [连接池3]初始化成功
2015-03-06 15:30:18,710 [1] [INFO ] [GlobalLog] - 连接池 [连接池4]初始化成功
2015-03-06 15:30:18,720 [1] [INFO ] [GlobalLog] - 连接池 [连接池5]初始化成功
2015-03-06 15:30:18,727 [1] [INFO ] [GlobalLog] - 连接池 [连接池6]初始化成功
2015-03-06 15:30:18,732 [1] [INFO ] [GlobalLog] - 连接池 [连接池7]初始化成功
2015-03-06 15:30:18,737 [1] [INFO ] [GlobalLog] - 连接池 [连接池8]初始化成功
2015-03-06 15:30:18,741 [1] [INFO ] [GlobalLog] - 启动服务器成功
2015-03-06 15:30:19,671 [ServerThread] [INFO ] [GlobalLog] - 服务器开始接受等待新链接---------------
2015-03-06 15:30:20,419 [29] [ERROR] [GlobalLog] - 用户[cmlu]于2015/3/6 15:30:20点击关闭按钮关闭系统
2015-03-06 15:30:22,477 [1] [INFO ] [GlobalLog] - 注册控制台事件成功
2015-03-06 15:30:22,548 [1] [INFO ] [GlobalLog] - 开始加载配置文件
2015-03-06 15:30:22,839 [1] [INFO ] [GlobalLog] - 加载服务器配置文件ServerConfig.xml成功
2015-03-06 15:30:22,842 [1] [INFO ] [GlobalLog] - 开始启动服务器，
2015-03-06 15:30:22,867 [1] [INFO ] [GlobalLog] - 绑定服务器192.168.163.163:52321成功
2015-03-06 15:30:22,870 [1] [INFO ] [GlobalLog] - 当前机器4核，计划创建8个连接池
2015-03-06 15:30:22,877 [1] [INFO ] [GlobalLog] - 连接池 [连接池1]初始化成功
2015-03-06 15:30:22,881 [1] [INFO ] [GlobalLog] - 连接池 [连接池2]初始化成功
2015-03-06 15:30:22,884 [1] [INFO ] [GlobalLog] - 连接池 [连接池3]初始化成功
2015-03-06 15:30:22,889 [1] [INFO ] [GlobalLog] - 连接池 [连接池4]初始化成功
2015-03-06 15:30:22,892 [1] [INFO ] [GlobalLog] - 连接池 [连接池5]初始化成功
2015-03-06 15:30:22,895 [1] [INFO ] [GlobalLog] - 连接池 [连接池6]初始化成功
2015-03-06 15:30:22,898 [1] [INFO ] [GlobalLog] - 连接池 [连接池7]初始化成功
2015-03-06 15:30:22,901 [1] [INFO ] [GlobalLog] - 连接池 [连接池8]初始化成功
2015-03-06 15:30:22,904 [1] [INFO ] [GlobalLog] - 启动服务器成功
2015-03-06 15:30:23,856 [ServerThread] [INFO ] [GlobalLog] - 服务器开始接受等待新链接---------------
2015-03-06 15:30:27,440 [29] [ERROR] [GlobalLog] - 用户[cmlu]于2015/3/6 15:30:27点击关闭按钮关闭系统
2015-03-06 15:34:34,969 [1] [INFO ] [GlobalLog] - 注册控制台事件成功
2015-03-06 15:34:35,032 [1] [INFO ] [GlobalLog] - 开始加载配置文件
2015-03-06 15:34:35,261 [1] [INFO ] [GlobalLog] - 加载服务器配置文件ServerConfig.xml成功
2015-03-06 15:34:35,263 [1] [INFO ] [GlobalLog] - 开始启动服务器，
2015-03-06 15:34:35,283 [1] [INFO ] [GlobalLog] - 绑定服务器192.168.163.163:52321成功
2015-03-06 15:34:35,285 [1] [INFO ] [GlobalLog] - 当前机器4核，计划创建8个连接池
2015-03-06 15:34:35,292 [1] [INFO ] [GlobalLog] - 连接池 [连接池1]初始化成功
2015-03-06 15:34:35,295 [1] [INFO ] [GlobalLog] - 连接池 [连接池2]初始化成功
2015-03-06 15:34:35,297 [1] [INFO ] [GlobalLog] - 连接池 [连接池3]初始化成功
2015-03-06 15:34:35,299 [1] [INFO ] [GlobalLog] - 连接池 [连接池4]初始化成功
2015-03-06 15:34:35,302 [1] [INFO ] [GlobalLog] - 连接池 [连接池5]初始化成功
2015-03-06 15:34:35,304 [1] [INFO ] [GlobalLog] - 连接池 [连接池6]初始化成功
2015-03-06 15:34:35,307 [1] [INFO ] [GlobalLog] - 连接池 [连接池7]初始化成功
2015-03-06 15:34:35,309 [1] [INFO ] [GlobalLog] - 连接池 [连接池8]初始化成功
2015-03-06 15:34:35,311 [1] [INFO ] [GlobalLog] - 启动服务器成功
2015-03-06 15:34:36,275 [ServerThread] [INFO ] [GlobalLog] - 服务器开始接受等待新链接---------------
2015-03-06 15:36:21,534 [29] [ERROR] [GlobalLog] - 用户[cmlu]于2015/3/6 15:36:21点击关闭按钮关闭系统
2015-03-06 15:38:06,435 [1] [INFO ] [GlobalLog] - 注册控制台事件成功
2015-03-06 15:38:06,497 [1] [INFO ] [GlobalLog] - 开始加载配置文件
2015-03-06 15:38:06,826 [1] [INFO ] [GlobalLog] - 加载服务器配置文件ServerConfig.xml成功
2015-03-06 15:38:06,829 [1] [INFO ] [GlobalLog] - 开始启动服务器，
2015-03-06 15:38:06,851 [1] [INFO ] [GlobalLog] - 绑定服务器192.168.163.163:52321成功
2015-03-06 15:38:06,854 [1] [INFO ] [GlobalLog] - 当前机器4核，计划创建8个连接池
2015-03-06 15:38:06,859 [1] [INFO ] [GlobalLog] - 连接池 [连接池1]初始化成功
2015-03-06 15:38:06,862 [1] [INFO ] [GlobalLog] - 连接池 [连接池2]初始化成功
2015-03-06 15:38:06,865 [1] [INFO ] [GlobalLog] - 连接池 [连接池3]初始化成功
2015-03-06 15:38:06,868 [1] [INFO ] [GlobalLog] - 连接池 [连接池4]初始化成功
2015-03-06 15:38:06,872 [1] [INFO ] [GlobalLog] - 连接池 [连接池5]初始化成功
2015-03-06 15:38:06,875 [1] [INFO ] [GlobalLog] - 连接池 [连接池6]初始化成功
2015-03-06 15:38:06,878 [1] [INFO ] [GlobalLog] - 连接池 [连接池7]初始化成功
2015-03-06 15:38:06,881 [1] [INFO ] [GlobalLog] - 连接池 [连接池8]初始化成功
2015-03-06 15:38:06,883 [1] [INFO ] [GlobalLog] - 启动服务器成功
2015-03-06 15:38:07,843 [ServerThread] [INFO ] [GlobalLog] - 服务器开始接受等待新链接---------------
2015-03-06 15:39:51,506 [29] [ERROR] [GlobalLog] - 用户[cmlu]于2015/3/6 15:39:51点击关闭按钮关闭系统
2015-03-06 15:49:36,573 [1] [INFO ] [GlobalLog] - 注册控制台事件成功
2015-03-06 15:49:36,616 [1] [INFO ] [GlobalLog] - 开始加载配置文件
2015-03-06 15:49:36,820 [1] [INFO ] [GlobalLog] - 加载服务器配置文件ServerConfig.xml成功
2015-03-06 15:49:36,823 [1] [INFO ] [GlobalLog] - 开始启动服务器，
2015-03-06 15:49:36,840 [1] [INFO ] [GlobalLog] - 绑定服务器192.168.163.163:52321成功
2015-03-06 15:49:36,841 [1] [INFO ] [GlobalLog] - 当前机器4核，计划创建8个连接池
2015-03-06 15:49:36,849 [1] [INFO ] [GlobalLog] - 连接池 [连接池1]初始化成功
2015-03-06 15:49:36,851 [1] [INFO ] [GlobalLog] - 连接池 [连接池2]初始化成功
2015-03-06 15:49:36,853 [1] [INFO ] [GlobalLog] - 连接池 [连接池3]初始化成功
2015-03-06 15:49:36,856 [1] [INFO ] [GlobalLog] - 连接池 [连接池4]初始化成功
2015-03-06 15:49:36,858 [1] [INFO ] [GlobalLog] - 连接池 [连接池5]初始化成功
2015-03-06 15:49:36,860 [1] [INFO ] [GlobalLog] - 连接池 [连接池6]初始化成功
2015-03-06 15:49:36,862 [1] [INFO ] [GlobalLog] - 连接池 [连接池7]初始化成功
2015-03-06 15:49:36,867 [1] [INFO ] [GlobalLog] - 连接池 [连接池8]初始化成功
2015-03-06 15:49:36,868 [1] [INFO ] [GlobalLog] - 启动服务器成功
2015-03-06 15:49:37,832 [ServerThread] [INFO ] [GlobalLog] - 服务器开始接受等待新链接---------------
2015-03-06 15:49:40,580 [29] [ERROR] [GlobalLog] - 用户[cmlu]于2015/3/6 15:49:40点击关闭按钮关闭系统
