2015-03-05 09:04:25,804 [1] INFO  GlobalLog - 注册控制台事件成功
2015-03-05 09:04:25,867 [1] INFO  GlobalLog - 开始加载配置文件
2015-03-05 09:04:26,147 [1] INFO  GlobalLog - 加载服务器配置文件ServerConfig.xml成功
2015-03-05 09:04:26,163 [1] INFO  GlobalLog - 开始启动服务器，
2015-03-05 09:04:26,179 [1] INFO  GlobalLog - 绑定服务器192.168.163.163:52321成功
2015-03-05 09:04:26,179 [1] INFO  GlobalLog - 启动服务器成功
2015-03-05 09:04:28,160 [5] ERROR GlobalLog - 用户[cmlu]于2015/3/5 9:04:28点击关闭按钮关闭系统
2015-03-05 09:19:59,649 [1] INFO  GlobalLog - 注册控制台事件成功
2015-03-05 09:19:59,681 [1] INFO  GlobalLog - 开始加载配置文件
2015-03-05 09:19:59,837 [1] INFO  GlobalLog - 加载服务器配置文件ServerConfig.xml成功
2015-03-05 09:19:59,837 [1] INFO  GlobalLog - 开始启动服务器，
2015-03-05 09:19:59,852 [1] INFO  GlobalLog - 绑定服务器192.168.163.163:52321成功
2015-03-05 09:19:59,852 [1] INFO  GlobalLog - 启动服务器成功
2015-03-05 09:22:04,006 [5] ERROR GlobalLog - 用户[cmlu]于2015/3/5 9:22:03点击关闭按钮关闭系统
2015-03-05 09:31:23,627 [1] INFO  GlobalLog - 注册控制台事件成功
2015-03-05 09:31:23,673 [1] INFO  GlobalLog - 开始加载配置文件
2015-03-05 09:31:24,422 [1] INFO  GlobalLog - 加载服务器配置文件ServerConfig.xml成功
2015-03-05 09:31:24,422 [1] INFO  GlobalLog - 开始启动服务器，
2015-03-05 09:31:24,516 [1] INFO  GlobalLog - 绑定服务器192.168.163.163:52321成功
2015-03-05 09:31:24,531 [1] INFO  GlobalLog - 启动服务器成功
