2015-03-04 10:04:26,354 [1] INFO  GlobalLog - 开始加载配置文件
2015-03-04 10:04:27,306 [1] INFO  GlobalLog - ﻿<?xml version="1.0" encoding="utf-8"?>
<ServerConfig>
  <ServerPort>0</ServerPort>
  <Backlog>0</Backlog>
</ServerConfig>
2015-03-04 10:05:16,449 [10] INFO  GlobalLog - 开始加载配置文件
2015-03-04 10:20:41,972 [1] INFO  GlobalLog - 开始加载配置文件
2015-03-04 10:31:51,811 [1] INFO  GlobalLog - 开始加载配置文件
2015-03-04 10:35:20,349 [1] INFO  GlobalLog - 开始加载配置文件
2015-03-04 10:35:20,864 [1] ERROR GlobalLog - 加载服务器配置文件ServerConfig.xml失败，异常信息为：System.InvalidOperationException: XML 文档(1, 1)中有错误。 ---> System.Xml.XmlException: 根级别上的数据无效。 第 1 行，位置 1。
   在 System.Xml.XmlTextReaderImpl.Throw(Exception e)
   在 System.Xml.XmlTextReaderImpl.ParseRootLevelWhitespace()
   在 System.Xml.XmlTextReaderImpl.ParseDocumentContent()
   在 System.Xml.XmlReader.MoveToContent()
   在 Microsoft.Xml.Serialization.GeneratedAssembly.XmlSerializationReaderServerConfig.Read3_ServerConfig()
   --- 内部异常堆栈跟踪的结尾 ---
   在 System.Xml.Serialization.XmlSerializer.Deserialize(XmlReader xmlReader, String encodingStyle, XmlDeserializationEvents events)
   在 System.Xml.Serialization.XmlSerializer.Deserialize(TextReader textReader)
   在 Cares.Fids.Monitor.Models.Utils.ObjectXmlSerializer.ToObject[T](String str) 位置 e:\工作相关\ModificationWorks\FIDS Advance Solution\Cares.Fids.Monitor.Models\Utils\ObjectXmlSerializer.cs:行号 78
   在 MonitorServerConsole.Models.ServerConfig.Load(String file) 位置 e:\工作相关\ModificationWorks\FIDS Advance Solution\MonitorServerConsole\Models\ServerConfig.cs:行号 76
2015-03-04 10:35:20,895 [1] ERROR GlobalLog - 加载配置文件失败，程序退出
2015-03-04 10:50:05,803 [1] INFO  GlobalLog - 开始加载配置文件
2015-03-04 10:50:06,037 [1] INFO  GlobalLog - 加载服务器配置文件ServerConfig.xml成功
2015-03-04 10:51:20,708 [1] INFO  GlobalLog - 开始加载配置文件
2015-03-04 10:51:21,020 [1] INFO  GlobalLog - 加载服务器配置文件ServerConfig.xml成功
2015-03-04 10:58:38,930 [1] INFO  GlobalLog - 开始加载配置文件
2015-03-04 10:58:39,242 [1] ERROR GlobalLog - 加载服务器配置文件ServerConfig.xml失败，异常信息为：System.InvalidOperationException: XML 文档(7, 3)中有错误。 ---> System.FormatException: 字符串“True”不是有效的 Boolean 值。
   在 System.Xml.XmlConvert.ToBoolean(String s)
   在 Microsoft.Xml.Serialization.GeneratedAssembly.XmlSerializationReaderServerConfig.Read2_ServerConfig(Boolean isNullable, Boolean checkType)
   在 Microsoft.Xml.Serialization.GeneratedAssembly.XmlSerializationReaderServerConfig.Read3_ServerConfig()
   --- 内部异常堆栈跟踪的结尾 ---
   在 System.Xml.Serialization.XmlSerializer.Deserialize(XmlReader xmlReader, String encodingStyle, XmlDeserializationEvents events)
   在 System.Xml.Serialization.XmlSerializer.Deserialize(TextReader textReader)
   在 Cares.Fids.Monitor.Models.Utils.ObjectXmlSerializer.ToObject[T](String str, Boolean isFile) 位置 e:\工作相关\ModificationWorks\FIDS Advance Solution\Cares.Fids.Monitor.Models\Utils\ObjectXmlSerializer.cs:行号 88
   在 MonitorServerConsole.Models.ServerConfig.Load(String file) 位置 e:\工作相关\ModificationWorks\FIDS Advance Solution\MonitorServerConsole\Models\ServerConfig.cs:行号 83
2015-03-04 10:58:39,258 [1] ERROR GlobalLog - 加载配置文件失败，程序退出
2015-03-04 10:59:49,135 [1] INFO  GlobalLog - 开始加载配置文件
2015-03-04 10:59:49,369 [1] INFO  GlobalLog - 保存服务器配置文件D:\ServerConfig.xml成功
2015-03-04 10:59:49,385 [1] ERROR GlobalLog - 加载服务器配置文件ServerConfig.xml失败，异常信息为：System.InvalidOperationException: XML 文档(7, 3)中有错误。 ---> System.FormatException: 字符串“True”不是有效的 Boolean 值。
   在 System.Xml.XmlConvert.ToBoolean(String s)
   在 Microsoft.Xml.Serialization.GeneratedAssembly.XmlSerializationReaderServerConfig.Read2_ServerConfig(Boolean isNullable, Boolean checkType)
   在 Microsoft.Xml.Serialization.GeneratedAssembly.XmlSerializationReaderServerConfig.Read3_ServerConfig()
   --- 内部异常堆栈跟踪的结尾 ---
   在 System.Xml.Serialization.XmlSerializer.Deserialize(XmlReader xmlReader, String encodingStyle, XmlDeserializationEvents events)
   在 System.Xml.Serialization.XmlSerializer.Deserialize(TextReader textReader)
   在 Cares.Fids.Monitor.Models.Utils.ObjectXmlSerializer.ToObject[T](String str, Boolean isFile) 位置 e:\工作相关\ModificationWorks\FIDS Advance Solution\Cares.Fids.Monitor.Models\Utils\ObjectXmlSerializer.cs:行号 88
   在 MonitorServerConsole.Models.ServerConfig.Load(String file) 位置 e:\工作相关\ModificationWorks\FIDS Advance Solution\MonitorServerConsole\Models\ServerConfig.cs:行号 83
2015-03-04 10:59:49,400 [1] ERROR GlobalLog - 加载配置文件失败，程序退出
2015-03-04 11:00:18,430 [1] INFO  GlobalLog - 开始加载配置文件
2015-03-04 11:00:18,804 [1] INFO  GlobalLog - 保存服务器配置文件D:\ServerConfig.xml成功
2015-03-04 11:00:18,835 [1] INFO  GlobalLog - 加载服务器配置文件ServerConfig.xml成功
2015-03-04 13:41:56,509 [1] INFO  GlobalLog - 开始加载配置文件
2015-03-04 13:41:57,063 [1] INFO  GlobalLog - 加载服务器配置文件ServerConfig.xml成功
2015-03-04 14:05:18,198 [1] INFO  GlobalLog - 开始加载配置文件
2015-03-04 14:05:18,557 [1] INFO  GlobalLog - 加载服务器配置文件ServerConfig.xml成功
2015-03-04 14:05:18,557 [1] INFO  GlobalLog - 开始启动服务器，
2015-03-04 14:05:18,619 [1] INFO  GlobalLog - 服务器【0.0.0.0:52321】占用端口 52321.
2015-03-04 14:05:18,619 [1] INFO  GlobalLog - 启动服务器成功
2015-03-04 14:12:51,088 [1] INFO  GlobalLog - 开始加载配置文件
2015-03-04 14:12:51,462 [1] INFO  GlobalLog - 加载服务器配置文件ServerConfig.xml成功
2015-03-04 14:12:51,462 [1] INFO  GlobalLog - 开始启动服务器，
2015-03-04 14:12:51,493 [1] INFO  GlobalLog - 绑定服务器0.0.0.0:52321成功
2015-03-04 14:12:51,493 [1] INFO  GlobalLog - 启动服务器成功
2015-03-04 14:15:49,111 [1] INFO  GlobalLog - 开始加载配置文件
2015-03-04 14:15:49,376 [1] INFO  GlobalLog - 加载服务器配置文件ServerConfig.xml成功
2015-03-04 14:15:49,376 [1] INFO  GlobalLog - 开始启动服务器，
2015-03-04 14:15:49,391 [1] INFO  GlobalLog - 绑定服务器fe80::1898:3b9c:3f57:5c5c%17:52321成功
2015-03-04 14:15:49,391 [1] INFO  GlobalLog - 启动服务器成功
2015-03-04 14:16:09,969 [1] INFO  GlobalLog - 开始加载配置文件
2015-03-04 14:16:10,218 [1] INFO  GlobalLog - 加载服务器配置文件ServerConfig.xml成功
2015-03-04 14:16:10,218 [1] INFO  GlobalLog - 开始启动服务器，
2015-03-04 14:16:10,234 [1] INFO  GlobalLog - 绑定服务器63.87.92.92:52321成功
2015-03-04 14:16:10,234 [1] INFO  GlobalLog - 启动服务器成功
2015-03-04 14:16:48,906 [1] INFO  GlobalLog - 开始加载配置文件
2015-03-04 14:16:49,249 [1] INFO  GlobalLog - 加载服务器配置文件ServerConfig.xml成功
2015-03-04 14:16:49,249 [1] INFO  GlobalLog - 开始启动服务器，
2015-03-04 14:16:49,265 [1] INFO  GlobalLog - 绑定服务器27.12.217.170:52321成功
2015-03-04 14:16:49,265 [1] INFO  GlobalLog - 启动服务器成功
2015-03-04 14:17:15,347 [1] INFO  GlobalLog - 开始加载配置文件
2015-03-04 14:17:15,581 [1] INFO  GlobalLog - 加载服务器配置文件ServerConfig.xml成功
2015-03-04 14:17:15,581 [1] INFO  GlobalLog - 开始启动服务器，
2015-03-04 14:17:15,597 [1] INFO  GlobalLog - 绑定服务器fe80::1898:3b9c:3f57:5c5c%17:52321成功
2015-03-04 14:17:15,597 [1] INFO  GlobalLog - 启动服务器成功
2015-03-04 14:17:27,230 [1] INFO  GlobalLog - 开始加载配置文件
2015-03-04 14:17:27,526 [1] INFO  GlobalLog - 加载服务器配置文件ServerConfig.xml成功
2015-03-04 14:17:27,526 [1] INFO  GlobalLog - 开始启动服务器，
2015-03-04 14:17:27,542 [1] INFO  GlobalLog - 绑定服务器fe80::1898:3b9c:3f57:5c5c%17:52321成功
2015-03-04 14:17:27,557 [1] INFO  GlobalLog - 启动服务器成功
2015-03-04 14:18:17,163 [8] INFO  GlobalLog - 开始加载配置文件
2015-03-04 14:18:17,787 [8] INFO  GlobalLog - 加载服务器配置文件ServerConfig.xml成功
2015-03-04 14:18:17,787 [8] INFO  GlobalLog - 开始启动服务器，
2015-03-04 14:21:05,718 [1] INFO  GlobalLog - 开始加载配置文件
2015-03-04 14:21:05,968 [1] INFO  GlobalLog - 加载服务器配置文件ServerConfig.xml成功
2015-03-04 14:21:05,968 [1] INFO  GlobalLog - 开始启动服务器，
2015-03-04 14:21:05,983 [1] INFO  GlobalLog - 绑定服务器192.168.163.163:52321成功
2015-03-04 14:21:05,983 [1] INFO  GlobalLog - 启动服务器成功
2015-03-04 14:21:41,467 [1] INFO  GlobalLog - 开始加载配置文件
2015-03-04 14:21:41,826 [1] INFO  GlobalLog - 加载服务器配置文件ServerConfig.xml成功
2015-03-04 14:21:41,826 [1] INFO  GlobalLog - 开始启动服务器，
2015-03-04 14:21:41,857 [1] INFO  GlobalLog - 绑定服务器192.168.163.163:52321成功
2015-03-04 14:21:41,857 [1] INFO  GlobalLog - 启动服务器成功
2015-03-04 15:11:24,718 [1] INFO  GlobalLog - 注册控制台事件
2015-03-04 15:11:24,771 [1] INFO  GlobalLog - 开始加载配置文件
2015-03-04 15:11:25,021 [1] INFO  GlobalLog - 加载服务器配置文件ServerConfig.xml成功
2015-03-04 15:11:25,021 [1] INFO  GlobalLog - 开始启动服务器，
2015-03-04 15:11:25,037 [1] INFO  GlobalLog - 绑定服务器192.168.163.163:52321成功
2015-03-04 15:11:25,037 [1] INFO  GlobalLog - 启动服务器成功
2015-03-04 15:12:30,004 [1] INFO  GlobalLog - 注册控制台事件成功
2015-03-04 15:12:30,066 [1] INFO  GlobalLog - 开始加载配置文件
2015-03-04 15:12:30,269 [1] INFO  GlobalLog - 加载服务器配置文件ServerConfig.xml成功
2015-03-04 15:12:30,269 [1] INFO  GlobalLog - 开始启动服务器，
2015-03-04 15:12:30,285 [1] INFO  GlobalLog - 绑定服务器192.168.163.163:52321成功
2015-03-04 15:12:30,285 [1] INFO  GlobalLog - 启动服务器成功
2015-03-04 15:12:44,704 [1] INFO  GlobalLog - 注册控制台事件成功
2015-03-04 15:12:44,751 [1] INFO  GlobalLog - 开始加载配置文件
2015-03-04 15:12:44,985 [1] INFO  GlobalLog - 加载服务器配置文件ServerConfig.xml成功
2015-03-04 15:12:44,985 [1] INFO  GlobalLog - 开始启动服务器，
2015-03-04 15:12:45,001 [1] INFO  GlobalLog - 绑定服务器192.168.163.163:52321成功
2015-03-04 15:12:45,001 [1] INFO  GlobalLog - 启动服务器成功
2015-03-04 15:13:12,474 [1] INFO  GlobalLog - 注册控制台事件成功
2015-03-04 15:13:12,505 [1] INFO  GlobalLog - 开始加载配置文件
2015-03-04 15:13:12,755 [1] INFO  GlobalLog - 加载服务器配置文件ServerConfig.xml成功
2015-03-04 15:13:12,755 [1] INFO  GlobalLog - 开始启动服务器，
2015-03-04 15:13:12,755 [1] INFO  GlobalLog - 绑定服务器192.168.163.163:52321成功
2015-03-04 15:13:12,770 [1] INFO  GlobalLog - 启动服务器成功
2015-03-04 15:13:19,776 [1] INFO  GlobalLog - 注册控制台事件成功
2015-03-04 15:13:19,823 [1] INFO  GlobalLog - 开始加载配置文件
2015-03-04 15:13:20,072 [1] INFO  GlobalLog - 加载服务器配置文件ServerConfig.xml成功
2015-03-04 15:13:20,072 [1] INFO  GlobalLog - 开始启动服务器，
2015-03-04 15:13:20,104 [1] INFO  GlobalLog - 绑定服务器192.168.163.163:52321成功
2015-03-04 15:13:20,104 [1] INFO  GlobalLog - 启动服务器成功
2015-03-04 15:13:47,326 [1] INFO  GlobalLog - 注册控制台事件成功
2015-03-04 15:13:47,388 [1] INFO  GlobalLog - 开始加载配置文件
2015-03-04 15:13:47,810 [1] INFO  GlobalLog - 加载服务器配置文件ServerConfig.xml成功
2015-03-04 15:13:47,810 [1] INFO  GlobalLog - 开始启动服务器，
2015-03-04 15:13:47,841 [1] INFO  GlobalLog - 绑定服务器192.168.163.163:52321成功
2015-03-04 15:13:47,841 [1] INFO  GlobalLog - 启动服务器成功
2015-03-04 15:14:00,680 [1] INFO  GlobalLog - 注册控制台事件成功
2015-03-04 15:14:00,742 [1] INFO  GlobalLog - 开始加载配置文件
2015-03-04 15:14:01,101 [1] INFO  GlobalLog - 加载服务器配置文件ServerConfig.xml成功
2015-03-04 15:14:01,116 [1] INFO  GlobalLog - 开始启动服务器，
2015-03-04 15:14:01,132 [1] INFO  GlobalLog - 绑定服务器192.168.163.163:52321成功
2015-03-04 15:14:01,132 [1] INFO  GlobalLog - 启动服务器成功
2015-03-04 15:14:42,038 [1] INFO  GlobalLog - 注册控制台事件成功
2015-03-04 15:14:42,100 [1] INFO  GlobalLog - 开始加载配置文件
2015-03-04 15:14:42,396 [1] INFO  GlobalLog - 加载服务器配置文件ServerConfig.xml成功
2015-03-04 15:14:42,396 [1] INFO  GlobalLog - 开始启动服务器，
2015-03-04 15:14:42,428 [1] INFO  GlobalLog - 绑定服务器192.168.163.163:52321成功
2015-03-04 15:14:42,428 [1] INFO  GlobalLog - 启动服务器成功
2015-03-04 15:15:03,281 [1] INFO  GlobalLog - 注册控制台事件成功
2015-03-04 15:15:03,313 [1] INFO  GlobalLog - 开始加载配置文件
2015-03-04 15:15:03,562 [1] INFO  GlobalLog - 加载服务器配置文件ServerConfig.xml成功
2015-03-04 15:15:03,562 [1] INFO  GlobalLog - 开始启动服务器，
2015-03-04 15:15:03,609 [1] INFO  GlobalLog - 绑定服务器192.168.163.163:52321成功
2015-03-04 15:15:03,609 [1] INFO  GlobalLog - 启动服务器成功
2015-03-04 15:18:32,854 [1] INFO  GlobalLog - 注册控制台事件成功
2015-03-04 15:18:32,917 [1] INFO  GlobalLog - 开始加载配置文件
2015-03-04 15:18:33,198 [1] INFO  GlobalLog - 加载服务器配置文件ServerConfig.xml成功
2015-03-04 15:18:33,198 [1] INFO  GlobalLog - 开始启动服务器，
2015-03-04 15:18:33,213 [1] INFO  GlobalLog - 绑定服务器192.168.163.163:52321成功
2015-03-04 15:18:33,213 [1] INFO  GlobalLog - 启动服务器成功
2015-03-04 15:20:19,849 [10] INFO  GlobalLog - 注册控制台事件成功
2015-03-04 15:20:25,387 [10] INFO  GlobalLog - 开始加载配置文件
2015-03-04 15:20:25,995 [10] INFO  GlobalLog - 加载服务器配置文件ServerConfig.xml成功
2015-03-04 15:20:25,995 [10] INFO  GlobalLog - 开始启动服务器，
2015-03-04 15:20:27,852 [10] INFO  GlobalLog - 绑定服务器192.168.163.163:52321成功
2015-03-04 15:20:27,899 [10] INFO  GlobalLog - 启动服务器成功
2015-03-04 15:22:02,674 [1] INFO  GlobalLog - 注册控制台事件成功
2015-03-04 15:22:02,783 [1] INFO  GlobalLog - 开始加载配置文件
2015-03-04 15:22:03,064 [1] INFO  GlobalLog - 加载服务器配置文件ServerConfig.xml成功
2015-03-04 15:22:03,064 [1] INFO  GlobalLog - 开始启动服务器，
2015-03-04 15:22:03,079 [1] INFO  GlobalLog - 绑定服务器192.168.163.163:52321成功
2015-03-04 15:22:03,079 [1] INFO  GlobalLog - 启动服务器成功
2015-03-04 15:24:28,033 [1] INFO  GlobalLog - 注册控制台事件成功
2015-03-04 15:24:28,079 [1] INFO  GlobalLog - 开始加载配置文件
2015-03-04 15:24:28,282 [1] INFO  GlobalLog - 加载服务器配置文件ServerConfig.xml成功
2015-03-04 15:24:28,298 [1] INFO  GlobalLog - 开始启动服务器，
2015-03-04 15:24:28,298 [1] INFO  GlobalLog - 绑定服务器192.168.163.163:52321成功
2015-03-04 15:24:28,313 [1] INFO  GlobalLog - 启动服务器成功
2015-03-04 15:24:36,138 [1] INFO  GlobalLog - 注册控制台事件成功
2015-03-04 15:24:36,209 [1] INFO  GlobalLog - 开始加载配置文件
2015-03-04 15:24:36,493 [1] INFO  GlobalLog - 加载服务器配置文件ServerConfig.xml成功
2015-03-04 15:24:36,509 [1] INFO  GlobalLog - 开始启动服务器，
2015-03-04 15:24:36,540 [1] INFO  GlobalLog - 绑定服务器192.168.163.163:52321成功
2015-03-04 15:24:36,540 [1] INFO  GlobalLog - 启动服务器成功
2015-03-04 15:25:11,900 [1] INFO  GlobalLog - 注册控制台事件成功
2015-03-04 15:25:11,931 [1] INFO  GlobalLog - 开始加载配置文件
2015-03-04 15:25:12,134 [1] INFO  GlobalLog - 加载服务器配置文件ServerConfig.xml成功
2015-03-04 15:25:12,150 [1] INFO  GlobalLog - 开始启动服务器，
2015-03-04 15:25:12,150 [1] INFO  GlobalLog - 绑定服务器192.168.163.163:52321成功
2015-03-04 15:25:12,165 [1] INFO  GlobalLog - 启动服务器成功
2015-03-04 15:26:13,489 [1] INFO  GlobalLog - 注册控制台事件成功
2015-03-04 15:26:13,520 [1] INFO  GlobalLog - 开始加载配置文件
2015-03-04 15:26:13,738 [1] INFO  GlobalLog - 加载服务器配置文件ServerConfig.xml成功
2015-03-04 15:26:13,754 [1] INFO  GlobalLog - 开始启动服务器，
2015-03-04 15:26:13,754 [1] INFO  GlobalLog - 绑定服务器192.168.163.163:52321成功
2015-03-04 15:26:13,770 [1] INFO  GlobalLog - 启动服务器成功
2015-03-04 15:26:15,969 [5] INFO  GlobalLog - 程序退出
2015-03-04 15:26:15,969 [5] INFO  GlobalLog - 程序退出。。。
2015-03-04 15:28:52,896 [1] INFO  GlobalLog - 注册控制台事件成功
2015-03-04 15:28:52,927 [1] INFO  GlobalLog - 开始加载配置文件
2015-03-04 15:28:53,114 [1] INFO  GlobalLog - 加载服务器配置文件ServerConfig.xml成功
2015-03-04 15:28:53,114 [1] INFO  GlobalLog - 开始启动服务器，
2015-03-04 15:28:53,130 [1] INFO  GlobalLog - 绑定服务器192.168.163.163:52321成功
2015-03-04 15:28:53,130 [1] INFO  GlobalLog - 启动服务器成功
2015-03-04 15:28:55,673 [5] INFO  GlobalLog - 程序退出
2015-03-04 15:28:55,673 [5] INFO  GlobalLog - 程序退出。。。
2015-03-04 15:29:02,226 [1] INFO  GlobalLog - 注册控制台事件成功
2015-03-04 15:29:02,273 [1] INFO  GlobalLog - 开始加载配置文件
2015-03-04 15:29:02,569 [1] INFO  GlobalLog - 加载服务器配置文件ServerConfig.xml成功
2015-03-04 15:29:02,585 [1] INFO  GlobalLog - 开始启动服务器，
2015-03-04 15:29:02,600 [1] INFO  GlobalLog - 绑定服务器192.168.163.163:52321成功
2015-03-04 15:29:02,600 [1] INFO  GlobalLog - 启动服务器成功
2015-03-04 15:29:05,268 [5] INFO  GlobalLog - 程序退出
2015-03-04 15:29:05,268 [5] INFO  GlobalLog - 程序退出
2015-03-04 15:29:11,508 [6] INFO  GlobalLog - 程序退出
2015-03-04 15:29:11,508 [6] INFO  GlobalLog - 程序退出
2015-03-04 15:29:12,522 [7] INFO  GlobalLog - 程序退出
2015-03-04 15:29:12,522 [7] INFO  GlobalLog - 程序退出
2015-03-04 15:29:13,536 [8] INFO  GlobalLog - 程序退出
2015-03-04 15:29:13,536 [8] INFO  GlobalLog - 程序退出
2015-03-04 15:29:14,550 [9] INFO  GlobalLog - 程序退出
2015-03-04 15:29:14,550 [9] INFO  GlobalLog - 程序退出
2015-03-04 15:29:18,294 [10] INFO  GlobalLog - 程序退出
2015-03-04 15:29:18,294 [10] INFO  GlobalLog - 程序退出。。。
2015-03-04 15:30:17,229 [1] INFO  GlobalLog - 注册控制台事件成功
2015-03-04 15:30:17,307 [1] INFO  GlobalLog - 开始加载配置文件
2015-03-04 15:30:17,572 [1] INFO  GlobalLog - 加载服务器配置文件ServerConfig.xml成功
2015-03-04 15:30:17,572 [1] INFO  GlobalLog - 开始启动服务器，
2015-03-04 15:30:17,603 [1] INFO  GlobalLog - 绑定服务器192.168.163.163:52321成功
2015-03-04 15:30:17,603 [1] INFO  GlobalLog - 启动服务器成功
2015-03-04 15:30:19,226 [5] INFO  GlobalLog - 程序退出
2015-03-04 15:30:19,226 [5] INFO  GlobalLog - 请明确点击关闭按钮关闭
2015-03-04 15:30:20,942 [6] INFO  GlobalLog - 程序退出
2015-03-04 15:30:20,942 [6] INFO  GlobalLog - 请明确点击关闭按钮关闭
2015-03-04 15:30:23,032 [7] INFO  GlobalLog - 程序退出
2015-03-04 15:30:23,032 [7] INFO  GlobalLog - 程序退出。。。
2015-03-04 16:32:38,506 [1] INFO  GlobalLog - 注册控制台事件成功
2015-03-04 16:32:38,567 [1] INFO  GlobalLog - 开始加载配置文件
2015-03-04 16:32:38,876 [1] INFO  GlobalLog - 加载服务器配置文件ServerConfig.xml成功
2015-03-04 16:32:38,878 [1] INFO  GlobalLog - 开始启动服务器，
2015-03-04 16:32:38,900 [1] INFO  GlobalLog - 绑定服务器192.168.163.163:52321成功
2015-03-04 16:32:38,902 [1] INFO  GlobalLog - 启动服务器成功
2015-03-04 16:33:38,248 [5] ERROR GlobalLog - 用户[cmlu]于2015/3/4 16:33:38点击关闭按钮关闭系统
2015-03-04 16:49:03,169 [1] INFO  GlobalLog - 注册控制台事件成功
2015-03-04 16:49:03,202 [1] INFO  GlobalLog - 开始加载配置文件
2015-03-04 16:49:03,364 [1] INFO  GlobalLog - 加载服务器配置文件ServerConfig.xml成功
2015-03-04 16:49:03,366 [1] INFO  GlobalLog - 开始启动服务器，
2015-03-04 16:49:13,397 [1] INFO  GlobalLog - 绑定服务器192.168.163.163:52321成功
2015-03-04 16:49:13,399 [1] INFO  GlobalLog - 启动服务器成功
2015-03-04 16:49:19,993 [5] ERROR GlobalLog - 用户[cmlu]于2015/3/4 16:49:19点击关闭按钮关闭系统
2015-03-04 16:51:08,651 [1] INFO  GlobalLog - 注册控制台事件成功
2015-03-04 16:51:08,696 [1] INFO  GlobalLog - 开始加载配置文件
2015-03-04 16:51:08,957 [1] INFO  GlobalLog - 加载服务器配置文件ServerConfig.xml成功
2015-03-04 16:51:08,959 [1] INFO  GlobalLog - 开始启动服务器，
2015-03-04 16:51:08,980 [1] INFO  GlobalLog - 绑定服务器192.168.163.163:52321成功
2015-03-04 16:51:08,982 [1] INFO  GlobalLog - 启动服务器成功
2015-03-04 16:51:12,939 [5] ERROR GlobalLog - 用户[cmlu]于2015/3/4 16:51:12点击关闭按钮关闭系统
2015-03-04 16:54:58,448 [1] INFO  GlobalLog - 注册控制台事件成功
2015-03-04 16:54:58,483 [1] INFO  GlobalLog - 开始加载配置文件
2015-03-04 16:54:58,663 [1] INFO  GlobalLog - 加载服务器配置文件ServerConfig.xml成功
2015-03-04 16:54:58,666 [1] INFO  GlobalLog - 开始启动服务器，
2015-03-04 16:54:58,702 [1] INFO  GlobalLog - 绑定服务器192.168.163.163:52321成功
2015-03-04 16:54:58,705 [1] INFO  GlobalLog - 启动服务器成功
2015-03-04 16:54:59,687 [ServerThread] INFO  GlobalLog - isRuning=True
2015-03-04 16:55:00,688 [ServerThread] INFO  GlobalLog - isRuning=True
2015-03-04 16:55:01,689 [ServerThread] INFO  GlobalLog - isRuning=True
2015-03-04 16:55:02,692 [ServerThread] INFO  GlobalLog - isRuning=True
2015-03-04 16:55:03,693 [ServerThread] INFO  GlobalLog - isRuning=True
2015-03-04 16:55:04,694 [ServerThread] INFO  GlobalLog - isRuning=True
2015-03-04 16:55:05,696 [ServerThread] INFO  GlobalLog - isRuning=True
2015-03-04 16:55:06,697 [ServerThread] INFO  GlobalLog - isRuning=True
2015-03-04 16:55:07,699 [ServerThread] INFO  GlobalLog - isRuning=True
2015-03-04 16:55:08,630 [5] ERROR GlobalLog - 用户[cmlu]于2015/3/4 16:55:08点击关闭按钮关闭系统
2015-03-04 16:58:54,726 [1] INFO  GlobalLog - 注册控制台事件成功
2015-03-04 16:58:54,766 [1] INFO  GlobalLog - 开始加载配置文件
2015-03-04 16:58:55,184 [1] INFO  GlobalLog - 加载服务器配置文件ServerConfig.xml成功
2015-03-04 16:58:55,188 [1] INFO  GlobalLog - 开始启动服务器，
2015-03-04 16:58:55,247 [1] INFO  GlobalLog - 绑定服务器192.168.163.163:52321成功
2015-03-04 16:58:55,251 [1] INFO  GlobalLog - 启动服务器成功
2015-03-04 16:58:56,215 [ServerThread] INFO  GlobalLog - isRuning=True
2015-03-04 16:58:57,216 [ServerThread] INFO  GlobalLog - isRuning=True
2015-03-04 16:58:58,087 [5] ERROR GlobalLog - 用户[cmlu]于2015/3/4 16:58:58点击关闭按钮关闭系统
2015-03-04 17:02:43,675 [1] INFO  GlobalLog - 注册控制台事件成功
2015-03-04 17:02:43,729 [1] INFO  GlobalLog - 开始加载配置文件
2015-03-04 17:02:44,007 [1] INFO  GlobalLog - 加载服务器配置文件ServerConfig.xml成功
2015-03-04 17:02:44,009 [1] INFO  GlobalLog - 开始启动服务器，
2015-03-04 17:02:44,028 [1] INFO  GlobalLog - 绑定服务器192.168.163.163:52321成功
2015-03-04 17:02:44,032 [1] INFO  GlobalLog - 启动服务器成功
2015-03-04 17:02:45,021 [ServerThread] INFO  GlobalLog - isRuning=True
2015-03-04 17:02:46,023 [ServerThread] INFO  GlobalLog - isRuning=True
2015-03-04 17:02:47,025 [ServerThread] INFO  GlobalLog - isRuning=True
2015-03-04 17:02:48,026 [ServerThread] INFO  GlobalLog - isRuning=True
2015-03-04 17:02:49,029 [ServerThread] INFO  GlobalLog - isRuning=True
2015-03-04 17:02:50,032 [ServerThread] INFO  GlobalLog - isRuning=True
2015-03-04 17:02:51,034 [ServerThread] INFO  GlobalLog - isRuning=True
2015-03-04 17:02:52,035 [ServerThread] INFO  GlobalLog - isRuning=True
2015-03-04 17:02:53,038 [ServerThread] INFO  GlobalLog - isRuning=True
2015-03-04 17:02:54,042 [ServerThread] INFO  GlobalLog - isRuning=True
2015-03-04 17:02:55,043 [ServerThread] INFO  GlobalLog - isRuning=True
2015-03-04 17:02:56,046 [ServerThread] INFO  GlobalLog - isRuning=True
2015-03-04 17:02:57,047 [ServerThread] INFO  GlobalLog - isRuning=True
2015-03-04 17:02:58,052 [ServerThread] INFO  GlobalLog - isRuning=True
2015-03-04 17:02:59,054 [ServerThread] INFO  GlobalLog - isRuning=True
2015-03-04 17:03:00,055 [ServerThread] INFO  GlobalLog - isRuning=True
2015-03-04 17:03:01,056 [ServerThread] INFO  GlobalLog - isRuning=True
2015-03-04 17:03:02,057 [ServerThread] INFO  GlobalLog - isRuning=True
2015-03-04 17:03:03,058 [ServerThread] INFO  GlobalLog - isRuning=True
2015-03-04 17:03:04,061 [ServerThread] INFO  GlobalLog - isRuning=True
2015-03-04 17:03:05,064 [ServerThread] INFO  GlobalLog - isRuning=True
2015-03-04 17:03:06,077 [ServerThread] INFO  GlobalLog - isRuning=True
2015-03-04 17:03:07,080 [ServerThread] INFO  GlobalLog - isRuning=True
2015-03-04 17:03:08,084 [ServerThread] INFO  GlobalLog - isRuning=True
2015-03-04 17:03:09,089 [ServerThread] INFO  GlobalLog - isRuning=True
2015-03-04 17:03:10,099 [ServerThread] INFO  GlobalLog - isRuning=True
2015-03-04 17:03:11,102 [ServerThread] INFO  GlobalLog - isRuning=True
2015-03-04 17:03:12,104 [ServerThread] INFO  GlobalLog - isRuning=True
2015-03-04 17:03:13,105 [ServerThread] INFO  GlobalLog - isRuning=True
2015-03-04 17:03:14,108 [ServerThread] INFO  GlobalLog - isRuning=True
2015-03-04 17:03:15,111 [ServerThread] INFO  GlobalLog - isRuning=True
2015-03-04 17:03:16,116 [ServerThread] INFO  GlobalLog - isRuning=True
2015-03-04 17:03:17,119 [ServerThread] INFO  GlobalLog - isRuning=True
2015-03-04 17:03:18,122 [ServerThread] INFO  GlobalLog - isRuning=True
2015-03-04 17:03:19,123 [ServerThread] INFO  GlobalLog - isRuning=True
2015-03-04 17:03:20,124 [ServerThread] INFO  GlobalLog - isRuning=True
2015-03-04 17:03:21,125 [ServerThread] INFO  GlobalLog - isRuning=True
2015-03-04 17:03:22,130 [ServerThread] INFO  GlobalLog - isRuning=True
2015-03-04 17:03:23,132 [ServerThread] INFO  GlobalLog - isRuning=True
2015-03-04 17:03:24,133 [ServerThread] INFO  GlobalLog - isRuning=True
2015-03-04 17:03:25,135 [ServerThread] INFO  GlobalLog - isRuning=True
2015-03-04 17:03:26,136 [ServerThread] INFO  GlobalLog - isRuning=True
2015-03-04 17:03:27,139 [ServerThread] INFO  GlobalLog - isRuning=True
2015-03-04 17:03:28,142 [ServerThread] INFO  GlobalLog - isRuning=True
2015-03-04 17:03:29,149 [ServerThread] INFO  GlobalLog - isRuning=True
2015-03-04 17:03:30,152 [ServerThread] INFO  GlobalLog - isRuning=True
2015-03-04 17:03:31,154 [ServerThread] INFO  GlobalLog - isRuning=True
2015-03-04 17:03:32,156 [ServerThread] INFO  GlobalLog - isRuning=True
2015-03-04 17:03:33,159 [ServerThread] INFO  GlobalLog - isRuning=True
2015-03-04 17:03:34,174 [ServerThread] INFO  GlobalLog - isRuning=True
2015-03-04 17:03:35,175 [ServerThread] INFO  GlobalLog - isRuning=True
2015-03-04 17:03:36,177 [ServerThread] INFO  GlobalLog - isRuning=True
2015-03-04 17:03:37,180 [ServerThread] INFO  GlobalLog - isRuning=True
2015-03-04 17:03:38,181 [ServerThread] INFO  GlobalLog - isRuning=True
2015-03-04 17:03:39,183 [ServerThread] INFO  GlobalLog - isRuning=True
2015-03-04 17:03:40,185 [ServerThread] INFO  GlobalLog - isRuning=True
2015-03-04 17:03:41,187 [ServerThread] INFO  GlobalLog - isRuning=True
2015-03-04 17:03:42,189 [ServerThread] INFO  GlobalLog - isRuning=True
2015-03-04 17:03:43,191 [ServerThread] INFO  GlobalLog - isRuning=True
2015-03-04 17:03:44,192 [ServerThread] INFO  GlobalLog - isRuning=True
2015-03-04 17:03:45,195 [ServerThread] INFO  GlobalLog - isRuning=True
2015-03-04 17:03:46,196 [ServerThread] INFO  GlobalLog - isRuning=True
2015-03-04 17:03:47,198 [ServerThread] INFO  GlobalLog - isRuning=True
2015-03-04 17:03:48,201 [ServerThread] INFO  GlobalLog - isRuning=True
2015-03-04 17:03:49,202 [ServerThread] INFO  GlobalLog - isRuning=True
2015-03-04 17:03:50,207 [ServerThread] INFO  GlobalLog - isRuning=True
2015-03-04 17:03:51,208 [ServerThread] INFO  GlobalLog - isRuning=True
2015-03-04 17:03:52,212 [ServerThread] INFO  GlobalLog - isRuning=True
2015-03-04 17:03:53,214 [ServerThread] INFO  GlobalLog - isRuning=True
2015-03-04 17:03:54,215 [ServerThread] INFO  GlobalLog - isRuning=True
2015-03-04 17:03:55,217 [ServerThread] INFO  GlobalLog - isRuning=True
2015-03-04 17:03:56,219 [ServerThread] INFO  GlobalLog - isRuning=True
2015-03-04 17:03:57,221 [ServerThread] INFO  GlobalLog - isRuning=True
2015-03-04 17:03:58,223 [ServerThread] INFO  GlobalLog - isRuning=True
2015-03-04 17:03:59,225 [ServerThread] INFO  GlobalLog - isRuning=True
2015-03-04 17:04:00,228 [ServerThread] INFO  GlobalLog - isRuning=True
2015-03-04 17:04:01,232 [ServerThread] INFO  GlobalLog - isRuning=True
2015-03-04 17:04:02,233 [ServerThread] INFO  GlobalLog - isRuning=True
2015-03-04 17:04:03,234 [ServerThread] INFO  GlobalLog - isRuning=True
2015-03-04 17:04:04,235 [ServerThread] INFO  GlobalLog - isRuning=True
2015-03-04 17:04:05,236 [ServerThread] INFO  GlobalLog - isRuning=True
2015-03-04 17:04:06,237 [ServerThread] INFO  GlobalLog - isRuning=True
2015-03-04 17:04:07,238 [ServerThread] INFO  GlobalLog - isRuning=True
2015-03-04 17:04:08,240 [ServerThread] INFO  GlobalLog - isRuning=True
2015-03-04 17:04:09,242 [ServerThread] INFO  GlobalLog - isRuning=True
2015-03-04 17:04:10,244 [ServerThread] INFO  GlobalLog - isRuning=True
2015-03-04 17:04:11,245 [ServerThread] INFO  GlobalLog - isRuning=True
2015-03-04 17:04:12,246 [ServerThread] INFO  GlobalLog - isRuning=True
2015-03-04 17:04:13,247 [ServerThread] INFO  GlobalLog - isRuning=True
2015-03-04 17:04:14,256 [ServerThread] INFO  GlobalLog - isRuning=True
2015-03-04 17:04:15,259 [ServerThread] INFO  GlobalLog - isRuning=True
2015-03-04 17:04:16,261 [ServerThread] INFO  GlobalLog - isRuning=True
2015-03-04 17:04:17,263 [ServerThread] INFO  GlobalLog - isRuning=True
2015-03-04 17:04:18,265 [ServerThread] INFO  GlobalLog - isRuning=True
2015-03-04 17:04:19,266 [ServerThread] INFO  GlobalLog - isRuning=True
2015-03-04 17:04:20,267 [ServerThread] INFO  GlobalLog - isRuning=True
2015-03-04 17:04:21,269 [ServerThread] INFO  GlobalLog - isRuning=True
2015-03-04 17:04:22,270 [ServerThread] INFO  GlobalLog - isRuning=True
2015-03-04 17:04:23,272 [ServerThread] INFO  GlobalLog - isRuning=True
2015-03-04 17:04:24,273 [ServerThread] INFO  GlobalLog - isRuning=True
2015-03-04 17:04:25,274 [ServerThread] INFO  GlobalLog - isRuning=True
2015-03-04 17:04:26,275 [ServerThread] INFO  GlobalLog - isRuning=True
2015-03-04 17:04:27,276 [ServerThread] INFO  GlobalLog - isRuning=True
2015-03-04 17:04:28,277 [ServerThread] INFO  GlobalLog - isRuning=True
2015-03-04 17:04:29,281 [ServerThread] INFO  GlobalLog - isRuning=True
2015-03-04 17:04:30,283 [ServerThread] INFO  GlobalLog - isRuning=True
2015-03-04 17:04:31,285 [ServerThread] INFO  GlobalLog - isRuning=True
2015-03-04 17:04:32,287 [ServerThread] INFO  GlobalLog - isRuning=True
2015-03-04 17:04:33,288 [ServerThread] INFO  GlobalLog - isRuning=True
2015-03-04 17:04:34,292 [ServerThread] INFO  GlobalLog - isRuning=True
2015-03-04 17:04:35,294 [ServerThread] INFO  GlobalLog - isRuning=True
2015-03-04 17:04:36,296 [ServerThread] INFO  GlobalLog - isRuning=True
2015-03-04 17:04:37,297 [ServerThread] INFO  GlobalLog - isRuning=True
2015-03-04 17:04:38,299 [ServerThread] INFO  GlobalLog - isRuning=True
2015-03-04 17:04:39,302 [ServerThread] INFO  GlobalLog - isRuning=True
2015-03-04 17:04:40,303 [ServerThread] INFO  GlobalLog - isRuning=True
2015-03-04 17:04:41,304 [ServerThread] INFO  GlobalLog - isRuning=True
2015-03-04 17:04:42,305 [ServerThread] INFO  GlobalLog - isRuning=True
2015-03-04 17:04:43,306 [ServerThread] INFO  GlobalLog - isRuning=True
2015-03-04 17:04:44,307 [ServerThread] INFO  GlobalLog - isRuning=True
2015-03-04 17:04:45,309 [ServerThread] INFO  GlobalLog - isRuning=True
2015-03-04 17:04:46,312 [ServerThread] INFO  GlobalLog - isRuning=True
2015-03-04 17:04:47,313 [ServerThread] INFO  GlobalLog - isRuning=True
2015-03-04 17:04:48,314 [ServerThread] INFO  GlobalLog - isRuning=True
2015-03-04 17:04:49,315 [ServerThread] INFO  GlobalLog - isRuning=True
2015-03-04 17:04:50,316 [ServerThread] INFO  GlobalLog - isRuning=True
2015-03-04 17:04:51,317 [ServerThread] INFO  GlobalLog - isRuning=True
2015-03-04 17:04:52,322 [ServerThread] INFO  GlobalLog - isRuning=True
2015-03-04 17:04:53,323 [ServerThread] INFO  GlobalLog - isRuning=True
2015-03-04 17:04:54,324 [ServerThread] INFO  GlobalLog - isRuning=True
2015-03-04 17:04:55,326 [ServerThread] INFO  GlobalLog - isRuning=True
2015-03-04 17:04:56,328 [ServerThread] INFO  GlobalLog - isRuning=True
2015-03-04 17:04:57,329 [ServerThread] INFO  GlobalLog - isRuning=True
2015-03-04 17:04:58,331 [ServerThread] INFO  GlobalLog - isRuning=True
2015-03-04 17:04:59,333 [ServerThread] INFO  GlobalLog - isRuning=True
2015-03-04 17:05:00,334 [ServerThread] INFO  GlobalLog - isRuning=True
2015-03-04 17:05:01,335 [ServerThread] INFO  GlobalLog - isRuning=True
2015-03-04 17:05:02,336 [ServerThread] INFO  GlobalLog - isRuning=True
2015-03-04 17:05:03,337 [ServerThread] INFO  GlobalLog - isRuning=True
2015-03-04 17:05:04,338 [ServerThread] INFO  GlobalLog - isRuning=True
2015-03-04 17:05:05,339 [ServerThread] INFO  GlobalLog - isRuning=True
2015-03-04 17:05:06,341 [ServerThread] INFO  GlobalLog - isRuning=True
2015-03-04 17:05:07,342 [ServerThread] INFO  GlobalLog - isRuning=True
2015-03-04 17:05:08,342 [ServerThread] INFO  GlobalLog - isRuning=True
2015-03-04 17:05:09,343 [ServerThread] INFO  GlobalLog - isRuning=True
2015-03-04 17:05:10,346 [ServerThread] INFO  GlobalLog - isRuning=True
2015-03-04 17:05:11,347 [ServerThread] INFO  GlobalLog - isRuning=True
2015-03-04 17:05:12,350 [ServerThread] INFO  GlobalLog - isRuning=True
2015-03-04 17:05:13,353 [ServerThread] INFO  GlobalLog - isRuning=True
2015-03-04 17:05:14,354 [ServerThread] INFO  GlobalLog - isRuning=True
2015-03-04 17:05:15,355 [ServerThread] INFO  GlobalLog - isRuning=True
2015-03-04 17:05:16,356 [ServerThread] INFO  GlobalLog - isRuning=True
2015-03-04 17:05:17,358 [ServerThread] INFO  GlobalLog - isRuning=True
2015-03-04 17:05:18,362 [ServerThread] INFO  GlobalLog - isRuning=True
2015-03-04 17:05:19,363 [ServerThread] INFO  GlobalLog - isRuning=True
2015-03-04 17:05:20,364 [ServerThread] INFO  GlobalLog - isRuning=True
2015-03-04 17:05:21,365 [ServerThread] INFO  GlobalLog - isRuning=True
2015-03-04 17:05:22,366 [ServerThread] INFO  GlobalLog - isRuning=True
2015-03-04 17:05:23,367 [ServerThread] INFO  GlobalLog - isRuning=True
2015-03-04 17:05:24,369 [ServerThread] INFO  GlobalLog - isRuning=True
2015-03-04 17:05:25,371 [ServerThread] INFO  GlobalLog - isRuning=True
2015-03-04 17:05:26,372 [ServerThread] INFO  GlobalLog - isRuning=True
2015-03-04 17:05:27,375 [ServerThread] INFO  GlobalLog - isRuning=True
2015-03-04 17:05:28,376 [ServerThread] INFO  GlobalLog - isRuning=True
2015-03-04 17:05:29,377 [ServerThread] INFO  GlobalLog - isRuning=True
2015-03-04 17:05:30,378 [ServerThread] INFO  GlobalLog - isRuning=True
2015-03-04 17:05:31,379 [ServerThread] INFO  GlobalLog - isRuning=True
2015-03-04 17:05:32,383 [ServerThread] INFO  GlobalLog - isRuning=True
2015-03-04 17:05:33,384 [ServerThread] INFO  GlobalLog - isRuning=True
2015-03-04 17:05:34,385 [ServerThread] INFO  GlobalLog - isRuning=True
2015-03-04 17:05:35,387 [ServerThread] INFO  GlobalLog - isRuning=True
2015-03-04 17:05:36,388 [ServerThread] INFO  GlobalLog - isRuning=True
2015-03-04 17:05:37,391 [ServerThread] INFO  GlobalLog - isRuning=True
2015-03-04 17:05:38,394 [ServerThread] INFO  GlobalLog - isRuning=True
2015-03-04 17:05:39,396 [ServerThread] INFO  GlobalLog - isRuning=True
2015-03-04 17:05:40,398 [ServerThread] INFO  GlobalLog - isRuning=True
2015-03-04 17:05:41,401 [ServerThread] INFO  GlobalLog - isRuning=True
2015-03-04 17:05:42,402 [ServerThread] INFO  GlobalLog - isRuning=True
2015-03-04 17:05:43,404 [ServerThread] INFO  GlobalLog - isRuning=True
2015-03-04 17:05:44,405 [ServerThread] INFO  GlobalLog - isRuning=True
2015-03-04 17:05:45,407 [ServerThread] INFO  GlobalLog - isRuning=True
2015-03-04 17:05:46,409 [ServerThread] INFO  GlobalLog - isRuning=True
2015-03-04 17:05:47,410 [ServerThread] INFO  GlobalLog - isRuning=True
2015-03-04 17:05:48,413 [ServerThread] INFO  GlobalLog - isRuning=True
2015-03-04 17:05:49,415 [ServerThread] INFO  GlobalLog - isRuning=True
2015-03-04 17:05:50,416 [ServerThread] INFO  GlobalLog - isRuning=True
2015-03-04 17:05:51,417 [ServerThread] INFO  GlobalLog - isRuning=True
2015-03-04 17:05:52,418 [ServerThread] INFO  GlobalLog - isRuning=True
2015-03-04 17:05:53,419 [ServerThread] INFO  GlobalLog - isRuning=True
2015-03-04 17:05:54,422 [ServerThread] INFO  GlobalLog - isRuning=True
2015-03-04 17:05:55,423 [ServerThread] INFO  GlobalLog - isRuning=True
2015-03-04 17:05:56,425 [ServerThread] INFO  GlobalLog - isRuning=True
2015-03-04 17:05:57,426 [ServerThread] INFO  GlobalLog - isRuning=True
2015-03-04 17:05:58,427 [ServerThread] INFO  GlobalLog - isRuning=True
2015-03-04 17:05:59,429 [ServerThread] INFO  GlobalLog - isRuning=True
2015-03-04 17:06:00,431 [ServerThread] INFO  GlobalLog - isRuning=True
2015-03-04 17:06:01,435 [ServerThread] INFO  GlobalLog - isRuning=True
2015-03-04 17:06:02,437 [ServerThread] INFO  GlobalLog - isRuning=True
2015-03-04 17:06:03,439 [ServerThread] INFO  GlobalLog - isRuning=True
2015-03-04 17:06:04,443 [ServerThread] INFO  GlobalLog - isRuning=True
2015-03-04 17:06:05,444 [ServerThread] INFO  GlobalLog - isRuning=True
2015-03-04 17:06:06,445 [ServerThread] INFO  GlobalLog - isRuning=True
2015-03-04 17:06:07,446 [ServerThread] INFO  GlobalLog - isRuning=True
2015-03-04 17:06:08,448 [ServerThread] INFO  GlobalLog - isRuning=True
2015-03-04 17:06:09,451 [ServerThread] INFO  GlobalLog - isRuning=True
2015-03-04 17:06:10,452 [ServerThread] INFO  GlobalLog - isRuning=True
2015-03-04 17:06:11,454 [ServerThread] INFO  GlobalLog - isRuning=True
2015-03-04 17:06:12,455 [ServerThread] INFO  GlobalLog - isRuning=True
2015-03-04 17:06:13,456 [ServerThread] INFO  GlobalLog - isRuning=True
2015-03-04 17:06:14,457 [ServerThread] INFO  GlobalLog - isRuning=True
2015-03-04 17:06:15,458 [ServerThread] INFO  GlobalLog - isRuning=True
2015-03-04 17:06:16,462 [ServerThread] INFO  GlobalLog - isRuning=True
2015-03-04 17:06:17,463 [ServerThread] INFO  GlobalLog - isRuning=True
2015-03-04 17:06:18,472 [ServerThread] INFO  GlobalLog - isRuning=True
2015-03-04 17:06:19,473 [ServerThread] INFO  GlobalLog - isRuning=True
2015-03-04 17:06:20,475 [ServerThread] INFO  GlobalLog - isRuning=True
2015-03-04 17:06:21,476 [ServerThread] INFO  GlobalLog - isRuning=True
2015-03-04 17:06:22,477 [ServerThread] INFO  GlobalLog - isRuning=True
2015-03-04 17:06:23,478 [ServerThread] INFO  GlobalLog - isRuning=True
2015-03-04 17:06:24,481 [ServerThread] INFO  GlobalLog - isRuning=True
2015-03-04 17:06:25,482 [ServerThread] INFO  GlobalLog - isRuning=True
2015-03-04 17:06:26,483 [ServerThread] INFO  GlobalLog - isRuning=True
2015-03-04 17:06:27,485 [ServerThread] INFO  GlobalLog - isRuning=True
2015-03-04 17:06:28,486 [ServerThread] INFO  GlobalLog - isRuning=True
2015-03-04 17:06:29,487 [ServerThread] INFO  GlobalLog - isRuning=True
2015-03-04 17:06:30,488 [ServerThread] INFO  GlobalLog - isRuning=True
2015-03-04 17:06:31,489 [ServerThread] INFO  GlobalLog - isRuning=True
2015-03-04 17:06:32,492 [ServerThread] INFO  GlobalLog - isRuning=True
2015-03-04 17:06:33,494 [ServerThread] INFO  GlobalLog - isRuning=True
2015-03-04 17:06:34,495 [ServerThread] INFO  GlobalLog - isRuning=True
2015-03-04 17:06:35,496 [ServerThread] INFO  GlobalLog - isRuning=True
2015-03-04 17:06:36,497 [ServerThread] INFO  GlobalLog - isRuning=True
2015-03-04 17:06:37,499 [ServerThread] INFO  GlobalLog - isRuning=True
2015-03-04 17:06:38,500 [ServerThread] INFO  GlobalLog - isRuning=True
2015-03-04 17:06:39,501 [ServerThread] INFO  GlobalLog - isRuning=True
2015-03-04 17:06:40,503 [ServerThread] INFO  GlobalLog - isRuning=True
2015-03-04 17:06:41,504 [ServerThread] INFO  GlobalLog - isRuning=True
2015-03-04 17:06:42,505 [ServerThread] INFO  GlobalLog - isRuning=True
2015-03-04 17:06:43,506 [ServerThread] INFO  GlobalLog - isRuning=True
2015-03-04 17:06:44,507 [ServerThread] INFO  GlobalLog - isRuning=True
2015-03-04 17:06:45,508 [ServerThread] INFO  GlobalLog - isRuning=True
2015-03-04 17:06:46,509 [ServerThread] INFO  GlobalLog - isRuning=True
2015-03-04 17:06:47,512 [ServerThread] INFO  GlobalLog - isRuning=True
2015-03-04 17:06:48,513 [ServerThread] INFO  GlobalLog - isRuning=True
2015-03-04 17:06:49,514 [ServerThread] INFO  GlobalLog - isRuning=True
2015-03-04 17:06:50,515 [ServerThread] INFO  GlobalLog - isRuning=True
2015-03-04 17:06:51,517 [ServerThread] INFO  GlobalLog - isRuning=True
2015-03-04 17:06:52,518 [ServerThread] INFO  GlobalLog - isRuning=True
2015-03-04 17:06:53,521 [ServerThread] INFO  GlobalLog - isRuning=True
2015-03-04 17:06:54,523 [ServerThread] INFO  GlobalLog - isRuning=True
2015-03-04 17:06:55,525 [ServerThread] INFO  GlobalLog - isRuning=True
2015-03-04 17:06:56,528 [ServerThread] INFO  GlobalLog - isRuning=True
2015-03-04 17:06:57,529 [ServerThread] INFO  GlobalLog - isRuning=True
2015-03-04 17:06:58,532 [ServerThread] INFO  GlobalLog - isRuning=True
2015-03-04 17:06:59,533 [ServerThread] INFO  GlobalLog - isRuning=True
2015-03-04 17:07:00,535 [ServerThread] INFO  GlobalLog - isRuning=True
2015-03-04 17:07:01,535 [ServerThread] INFO  GlobalLog - isRuning=True
2015-03-04 17:07:02,552 [ServerThread] INFO  GlobalLog - isRuning=True
2015-03-04 17:07:03,554 [ServerThread] INFO  GlobalLog - isRuning=True
2015-03-04 17:07:04,556 [ServerThread] INFO  GlobalLog - isRuning=True
2015-03-04 17:07:05,566 [ServerThread] INFO  GlobalLog - isRuning=True
2015-03-04 17:07:06,567 [ServerThread] INFO  GlobalLog - isRuning=True
2015-03-04 17:07:07,568 [ServerThread] INFO  GlobalLog - isRuning=True
2015-03-04 17:07:08,572 [ServerThread] INFO  GlobalLog - isRuning=True
2015-03-04 17:07:09,573 [ServerThread] INFO  GlobalLog - isRuning=True
2015-03-04 17:07:10,574 [ServerThread] INFO  GlobalLog - isRuning=True
2015-03-04 17:07:11,575 [ServerThread] INFO  GlobalLog - isRuning=True
2015-03-04 17:07:12,576 [ServerThread] INFO  GlobalLog - isRuning=True
2015-03-04 17:07:13,578 [ServerThread] INFO  GlobalLog - isRuning=True
2015-03-04 17:07:14,584 [ServerThread] INFO  GlobalLog - isRuning=True
2015-03-04 17:07:15,585 [ServerThread] INFO  GlobalLog - isRuning=True
2015-03-04 17:07:16,586 [ServerThread] INFO  GlobalLog - isRuning=True
2015-03-04 17:07:17,587 [ServerThread] INFO  GlobalLog - isRuning=True
2015-03-04 17:07:18,589 [ServerThread] INFO  GlobalLog - isRuning=True
2015-03-04 17:07:19,595 [ServerThread] INFO  GlobalLog - isRuning=True
2015-03-04 17:07:20,596 [ServerThread] INFO  GlobalLog - isRuning=True
2015-03-04 17:07:21,598 [ServerThread] INFO  GlobalLog - isRuning=True
2015-03-04 17:07:22,599 [ServerThread] INFO  GlobalLog - isRuning=True
2015-03-04 17:07:23,600 [ServerThread] INFO  GlobalLog - isRuning=True
2015-03-04 17:07:24,603 [ServerThread] INFO  GlobalLog - isRuning=True
2015-03-04 17:07:25,604 [ServerThread] INFO  GlobalLog - isRuning=True
2015-03-04 17:07:26,606 [ServerThread] INFO  GlobalLog - isRuning=True
2015-03-04 17:07:27,607 [ServerThread] INFO  GlobalLog - isRuning=True
2015-03-04 17:07:28,609 [ServerThread] INFO  GlobalLog - isRuning=True
2015-03-04 17:07:29,611 [ServerThread] INFO  GlobalLog - isRuning=True
2015-03-04 17:07:30,613 [ServerThread] INFO  GlobalLog - isRuning=True
2015-03-04 17:07:31,614 [ServerThread] INFO  GlobalLog - isRuning=True
2015-03-04 17:07:32,615 [ServerThread] INFO  GlobalLog - isRuning=True
2015-03-04 17:07:33,616 [ServerThread] INFO  GlobalLog - isRuning=True
2015-03-04 17:07:34,617 [ServerThread] INFO  GlobalLog - isRuning=True
2015-03-04 17:07:35,618 [ServerThread] INFO  GlobalLog - isRuning=True
2015-03-04 17:07:36,620 [ServerThread] INFO  GlobalLog - isRuning=True
2015-03-04 17:07:37,622 [ServerThread] INFO  GlobalLog - isRuning=True
2015-03-04 17:07:38,623 [ServerThread] INFO  GlobalLog - isRuning=True
2015-03-04 17:07:39,624 [ServerThread] INFO  GlobalLog - isRuning=True
2015-03-04 17:07:40,624 [ServerThread] INFO  GlobalLog - isRuning=True
2015-03-04 17:07:41,625 [ServerThread] INFO  GlobalLog - isRuning=True
2015-03-04 17:07:42,628 [ServerThread] INFO  GlobalLog - isRuning=True
2015-03-04 17:07:43,629 [ServerThread] INFO  GlobalLog - isRuning=True
2015-03-04 17:07:44,630 [ServerThread] INFO  GlobalLog - isRuning=True
2015-03-04 17:07:45,632 [ServerThread] INFO  GlobalLog - isRuning=True
2015-03-04 17:07:46,638 [ServerThread] INFO  GlobalLog - isRuning=True
2015-03-04 17:07:47,639 [ServerThread] INFO  GlobalLog - isRuning=True
2015-03-04 17:07:48,642 [ServerThread] INFO  GlobalLog - isRuning=True
2015-03-04 17:07:49,643 [ServerThread] INFO  GlobalLog - isRuning=True
2015-03-04 17:07:50,644 [ServerThread] INFO  GlobalLog - isRuning=True
2015-03-04 17:07:51,645 [ServerThread] INFO  GlobalLog - isRuning=True
2015-03-04 17:07:52,646 [ServerThread] INFO  GlobalLog - isRuning=True
2015-03-04 17:07:53,647 [ServerThread] INFO  GlobalLog - isRuning=True
2015-03-04 17:07:54,647 [ServerThread] INFO  GlobalLog - isRuning=True
2015-03-04 17:07:55,648 [ServerThread] INFO  GlobalLog - isRuning=True
2015-03-04 17:07:56,649 [ServerThread] INFO  GlobalLog - isRuning=True
2015-03-04 17:07:57,651 [ServerThread] INFO  GlobalLog - isRuning=True
2015-03-04 17:07:58,655 [ServerThread] INFO  GlobalLog - isRuning=True
2015-03-04 17:07:59,656 [ServerThread] INFO  GlobalLog - isRuning=True
2015-03-04 17:08:00,657 [ServerThread] INFO  GlobalLog - isRuning=True
2015-03-04 17:08:01,658 [ServerThread] INFO  GlobalLog - isRuning=True
2015-03-04 17:08:02,659 [ServerThread] INFO  GlobalLog - isRuning=True
2015-03-04 17:08:03,660 [ServerThread] INFO  GlobalLog - isRuning=True
2015-03-04 17:08:04,662 [ServerThread] INFO  GlobalLog - isRuning=True
2015-03-04 17:08:05,663 [ServerThread] INFO  GlobalLog - isRuning=True
2015-03-04 17:08:06,664 [ServerThread] INFO  GlobalLog - isRuning=True
2015-03-04 17:08:07,664 [ServerThread] INFO  GlobalLog - isRuning=True
2015-03-04 17:08:08,665 [ServerThread] INFO  GlobalLog - isRuning=True
2015-03-04 17:08:09,666 [ServerThread] INFO  GlobalLog - isRuning=True
2015-03-04 17:08:10,667 [ServerThread] INFO  GlobalLog - isRuning=True
2015-03-04 17:08:11,668 [ServerThread] INFO  GlobalLog - isRuning=True
2015-03-04 17:08:12,669 [ServerThread] INFO  GlobalLog - isRuning=True
2015-03-04 17:08:13,670 [ServerThread] INFO  GlobalLog - isRuning=True
2015-03-04 17:08:14,671 [ServerThread] INFO  GlobalLog - isRuning=True
2015-03-04 17:08:15,672 [ServerThread] INFO  GlobalLog - isRuning=True
2015-03-04 17:08:16,673 [ServerThread] INFO  GlobalLog - isRuning=True
2015-03-04 17:08:17,674 [ServerThread] INFO  GlobalLog - isRuning=True
2015-03-04 17:08:18,675 [ServerThread] INFO  GlobalLog - isRuning=True
2015-03-04 17:08:19,676 [ServerThread] INFO  GlobalLog - isRuning=True
2015-03-04 17:08:20,677 [ServerThread] INFO  GlobalLog - isRuning=True
2015-03-04 17:08:21,678 [ServerThread] INFO  GlobalLog - isRuning=True
2015-03-04 17:08:22,680 [ServerThread] INFO  GlobalLog - isRuning=True
2015-03-04 17:08:23,682 [ServerThread] INFO  GlobalLog - isRuning=True
2015-03-04 17:08:24,683 [ServerThread] INFO  GlobalLog - isRuning=True
2015-03-04 17:08:25,684 [ServerThread] INFO  GlobalLog - isRuning=True
2015-03-04 17:08:26,685 [ServerThread] INFO  GlobalLog - isRuning=True
2015-03-04 17:08:27,686 [ServerThread] INFO  GlobalLog - isRuning=True
2015-03-04 17:08:28,687 [ServerThread] INFO  GlobalLog - isRuning=True
2015-03-04 17:08:29,688 [ServerThread] INFO  GlobalLog - isRuning=True
2015-03-04 17:08:30,689 [ServerThread] INFO  GlobalLog - isRuning=True
2015-03-04 17:08:31,694 [ServerThread] INFO  GlobalLog - isRuning=True
2015-03-04 17:08:32,696 [ServerThread] INFO  GlobalLog - isRuning=True
2015-03-04 17:08:33,697 [ServerThread] INFO  GlobalLog - isRuning=True
2015-03-04 17:08:34,698 [ServerThread] INFO  GlobalLog - isRuning=True
2015-03-04 17:08:35,699 [ServerThread] INFO  GlobalLog - isRuning=True
2015-03-04 17:08:36,702 [ServerThread] INFO  GlobalLog - isRuning=True
2015-03-04 17:08:37,702 [ServerThread] INFO  GlobalLog - isRuning=True
2015-03-04 17:08:38,703 [ServerThread] INFO  GlobalLog - isRuning=True
2015-03-04 17:08:39,705 [ServerThread] INFO  GlobalLog - isRuning=True
2015-03-04 17:08:40,706 [ServerThread] INFO  GlobalLog - isRuning=True
2015-03-04 17:08:41,707 [ServerThread] INFO  GlobalLog - isRuning=True
2015-03-04 17:08:42,708 [ServerThread] INFO  GlobalLog - isRuning=True
2015-03-04 17:08:43,709 [ServerThread] INFO  GlobalLog - isRuning=True
2015-03-04 17:08:44,710 [ServerThread] INFO  GlobalLog - isRuning=True
2015-03-04 17:08:45,712 [ServerThread] INFO  GlobalLog - isRuning=True
2015-03-04 17:08:46,713 [ServerThread] INFO  GlobalLog - isRuning=True
2015-03-04 17:08:47,714 [ServerThread] INFO  GlobalLog - isRuning=True
2015-03-04 17:08:48,714 [ServerThread] INFO  GlobalLog - isRuning=True
2015-03-04 17:08:49,715 [ServerThread] INFO  GlobalLog - isRuning=True
2015-03-04 17:08:50,717 [ServerThread] INFO  GlobalLog - isRuning=True
2015-03-04 17:08:51,718 [ServerThread] INFO  GlobalLog - isRuning=True
2015-03-04 17:08:52,726 [ServerThread] INFO  GlobalLog - isRuning=True
2015-03-04 17:08:53,729 [ServerThread] INFO  GlobalLog - isRuning=True
2015-03-04 17:08:54,732 [ServerThread] INFO  GlobalLog - isRuning=True
2015-03-04 17:08:55,787 [ServerThread] INFO  GlobalLog - isRuning=True
2015-03-04 17:08:56,796 [ServerThread] INFO  GlobalLog - isRuning=True
2015-03-04 17:08:57,802 [ServerThread] INFO  GlobalLog - isRuning=True
2015-03-04 17:08:58,804 [ServerThread] INFO  GlobalLog - isRuning=True
2015-03-04 17:08:59,806 [ServerThread] INFO  GlobalLog - isRuning=True
2015-03-04 17:09:00,810 [ServerThread] INFO  GlobalLog - isRuning=True
2015-03-04 17:09:01,815 [ServerThread] INFO  GlobalLog - isRuning=True
2015-03-04 17:09:02,819 [ServerThread] INFO  GlobalLog - isRuning=True
2015-03-04 17:09:03,824 [ServerThread] INFO  GlobalLog - isRuning=True
2015-03-04 17:09:04,827 [ServerThread] INFO  GlobalLog - isRuning=True
2015-03-04 17:09:05,831 [ServerThread] INFO  GlobalLog - isRuning=True
2015-03-04 17:09:06,835 [ServerThread] INFO  GlobalLog - isRuning=True
2015-03-04 17:09:07,836 [ServerThread] INFO  GlobalLog - isRuning=True
2015-03-04 17:09:08,838 [ServerThread] INFO  GlobalLog - isRuning=True
2015-03-04 17:09:09,839 [ServerThread] INFO  GlobalLog - isRuning=True
2015-03-04 17:09:10,842 [ServerThread] INFO  GlobalLog - isRuning=True
2015-03-04 17:09:11,844 [ServerThread] INFO  GlobalLog - isRuning=True
2015-03-04 17:09:12,845 [ServerThread] INFO  GlobalLog - isRuning=True
2015-03-04 17:09:13,850 [ServerThread] INFO  GlobalLog - isRuning=True
2015-03-04 17:09:14,853 [ServerThread] INFO  GlobalLog - isRuning=True
2015-03-04 17:09:15,854 [ServerThread] INFO  GlobalLog - isRuning=True
2015-03-04 17:09:16,855 [ServerThread] INFO  GlobalLog - isRuning=True
2015-03-04 17:09:17,856 [ServerThread] INFO  GlobalLog - isRuning=True
2015-03-04 17:09:18,857 [ServerThread] INFO  GlobalLog - isRuning=True
2015-03-04 17:09:19,858 [ServerThread] INFO  GlobalLog - isRuning=True
2015-03-04 17:09:20,878 [ServerThread] INFO  GlobalLog - isRuning=True
2015-03-04 17:09:21,880 [ServerThread] INFO  GlobalLog - isRuning=True
2015-03-04 17:09:22,884 [ServerThread] INFO  GlobalLog - isRuning=True
2015-03-04 17:09:23,898 [ServerThread] INFO  GlobalLog - isRuning=True
2015-03-04 17:09:24,916 [ServerThread] INFO  GlobalLog - isRuning=True
2015-03-04 17:09:25,926 [ServerThread] INFO  GlobalLog - isRuning=True
2015-03-04 17:09:26,928 [ServerThread] INFO  GlobalLog - isRuning=True
2015-03-04 17:09:27,929 [ServerThread] INFO  GlobalLog - isRuning=True
2015-03-04 17:09:28,937 [ServerThread] INFO  GlobalLog - isRuning=True
2015-03-04 17:09:29,939 [ServerThread] INFO  GlobalLog - isRuning=True
2015-03-04 17:09:30,943 [ServerThread] INFO  GlobalLog - isRuning=True
2015-03-04 17:09:31,944 [ServerThread] INFO  GlobalLog - isRuning=True
2015-03-04 17:09:32,947 [ServerThread] INFO  GlobalLog - isRuning=True
2015-03-04 17:09:33,948 [ServerThread] INFO  GlobalLog - isRuning=True
2015-03-04 17:09:34,952 [ServerThread] INFO  GlobalLog - isRuning=True
2015-03-04 17:09:35,953 [ServerThread] INFO  GlobalLog - isRuning=True
2015-03-04 17:09:36,954 [ServerThread] INFO  GlobalLog - isRuning=True
2015-03-04 17:09:37,649 [5] ERROR GlobalLog - 用户[cmlu]于2015/3/4 17:09:37点击关闭按钮关闭系统
