2015-03-09 11:04:20,673 [1] [INFO ] [GlobalLog] - 注册控制台事件成功
2015-03-09 11:04:20,713 [1] [INFO ] [GlobalLog] - 开始加载配置文件
2015-03-09 11:04:21,175 [1] [INFO ] [GlobalLog] - 加载服务器配置文件ServerConfig.xml成功
2015-03-09 11:04:21,206 [1] [INFO ] [GlobalLog] - 开始启动服务器，
2015-03-09 11:04:21,224 [1] [INFO ] [GlobalLog] - 绑定服务器192.168.163.163:52321成功
2015-03-09 11:04:21,232 [1] [INFO ] [GlobalLog] - 连接池 [连接池1]初始化成功
2015-03-09 11:04:21,238 [1] [INFO ] [GlobalLog] - 连接池 [连接池2]初始化成功
2015-03-09 11:04:21,244 [1] [INFO ] [GlobalLog] - 连接池 [连接池3]初始化成功
2015-03-09 11:04:21,250 [1] [INFO ] [GlobalLog] - 连接池 [连接池4]初始化成功
2015-03-09 11:04:21,256 [1] [INFO ] [GlobalLog] - 连接池 [连接池5]初始化成功
2015-03-09 11:04:21,262 [1] [INFO ] [GlobalLog] - 连接池 [连接池6]初始化成功
2015-03-09 11:04:21,268 [1] [INFO ] [GlobalLog] - 连接池 [连接池7]初始化成功
2015-03-09 11:04:21,276 [1] [INFO ] [GlobalLog] - 连接池 [连接池8]初始化成功
2015-03-09 11:04:21,292 [1] [INFO ] [GlobalLog] - 当前机器4核，创建8个连接池
2015-03-09 11:04:21,360 [1] [INFO ] [GlobalLog] - 启动服务器成功
2015-03-09 11:04:22,217 [ServerThread] [INFO ] [GlobalLog] - 服务器开始接受等待新链接---------------
2015-03-09 11:04:25,786 [29] [ERROR] [GlobalLog] - 用户[cmlu]于2015/3/9 11:04:25点击关闭按钮关闭系统
2015-03-09 11:10:38,406 [1] [INFO ] [GlobalLog] - 注册控制台事件成功
2015-03-09 11:10:38,448 [1] [INFO ] [GlobalLog] - 开始加载配置文件
2015-03-09 11:10:38,686 [1] [INFO ] [GlobalLog] - 加载服务器配置文件ServerConfig.xml成功
2015-03-09 11:10:38,695 [1] [INFO ] [GlobalLog] - 开始启动服务器，
2015-03-09 11:10:38,717 [1] [INFO ] [GlobalLog] - 绑定服务器192.168.163.163:52321成功
2015-03-09 11:10:38,728 [1] [INFO ] [GlobalLog] - 连接池 [连接池1]初始化成功
2015-03-09 11:10:38,738 [1] [INFO ] [GlobalLog] - 连接池 [连接池2]初始化成功
2015-03-09 11:10:38,746 [1] [INFO ] [GlobalLog] - 连接池 [连接池3]初始化成功
2015-03-09 11:10:38,754 [1] [INFO ] [GlobalLog] - 连接池 [连接池4]初始化成功
2015-03-09 11:10:38,761 [1] [INFO ] [GlobalLog] - 连接池 [连接池5]初始化成功
2015-03-09 11:10:38,772 [1] [INFO ] [GlobalLog] - 连接池 [连接池6]初始化成功
2015-03-09 11:10:38,780 [1] [INFO ] [GlobalLog] - 连接池 [连接池7]初始化成功
2015-03-09 11:10:38,788 [1] [INFO ] [GlobalLog] - 连接池 [连接池8]初始化成功
2015-03-09 11:10:38,798 [1] [INFO ] [GlobalLog] - 当前机器4核，创建8个连接池
2015-03-09 11:10:38,805 [1] [INFO ] [GlobalLog] - 启动服务器成功
2015-03-09 11:10:39,710 [ServerThread] [INFO ] [GlobalLog] - 服务器开始接受等待新链接---------------
2015-03-09 11:16:02,533 [33] [ERROR] [GlobalLog] - 用户[cmlu]于2015/3/9 11:16:02点击关闭按钮关闭系统
2015-03-09 11:16:04,529 [1] [INFO ] [GlobalLog] - 注册控制台事件成功
2015-03-09 11:16:04,592 [1] [INFO ] [GlobalLog] - 开始加载配置文件
2015-03-09 11:16:04,919 [1] [INFO ] [GlobalLog] - 加载服务器配置文件ServerConfig.xml成功
2015-03-09 11:16:04,935 [1] [INFO ] [GlobalLog] - 开始启动服务器，
2015-03-09 11:16:04,966 [1] [INFO ] [GlobalLog] - 绑定服务器192.168.163.163:52321成功
2015-03-09 11:16:04,982 [1] [INFO ] [GlobalLog] - 连接池 [连接池1]初始化成功
2015-03-09 11:16:04,997 [1] [INFO ] [GlobalLog] - 连接池 [连接池2]初始化成功
2015-03-09 11:16:05,013 [1] [INFO ] [GlobalLog] - 连接池 [连接池3]初始化成功
2015-03-09 11:16:05,013 [1] [INFO ] [GlobalLog] - 连接池 [连接池4]初始化成功
2015-03-09 11:16:05,029 [1] [INFO ] [GlobalLog] - 连接池 [连接池5]初始化成功
2015-03-09 11:16:05,044 [1] [INFO ] [GlobalLog] - 连接池 [连接池6]初始化成功
2015-03-09 11:16:05,060 [1] [INFO ] [GlobalLog] - 连接池 [连接池7]初始化成功
2015-03-09 11:16:05,091 [1] [INFO ] [GlobalLog] - 连接池 [连接池8]初始化成功
2015-03-09 11:16:05,091 [1] [INFO ] [GlobalLog] - 当前机器4核，创建8个连接池
2015-03-09 11:16:05,107 [1] [INFO ] [GlobalLog] - 启动服务器成功
2015-03-09 11:16:05,965 [ServerThread] [INFO ] [GlobalLog] - 服务器开始接受等待新链接---------------
2015-03-09 11:16:08,055 [29] [ERROR] [GlobalLog] - 用户[cmlu]于2015/3/9 11:16:08点击关闭按钮关闭系统
