2015-03-12 14:47:23,125 [1] [INFO ] [GlobalLog] - 初始化服务器 192.168.163.204:52321的连接成功
2015-03-12 14:47:28,192 [5] [INFO ] [GlobalLog] - 发送到服务器消息：Hello world
2015-03-12 14:47:33,200 [6] [INFO ] [GlobalLog] - 发送到服务器消息：Hello world
2015-03-12 14:47:38,207 [6] [INFO ] [GlobalLog] - 发送到服务器消息：Hello world
2015-03-12 14:49:07,714 [1] [INFO ] [GlobalLog] - 初始化服务器 192.168.163.204:52321的连接成功
2015-03-12 15:02:11,336 [1] [INFO ] [GlobalLog] - 初始化服务器 192.168.163.204:52321的连接成功
2015-03-12 15:02:16,382 [8] [INFO ] [GlobalLog] - 发送到服务器消息：Hello world
2015-03-12 15:02:21,390 [8] [INFO ] [GlobalLog] - 发送到服务器消息：Hello world
2015-03-12 15:02:26,396 [8] [INFO ] [GlobalLog] - 发送到服务器消息：Hello world
2015-03-12 15:02:31,405 [8] [INFO ] [GlobalLog] - 发送到服务器消息：Hello world
2015-03-12 15:02:36,420 [9] [INFO ] [GlobalLog] - 发送到服务器消息：Hello world
2015-03-12 15:02:41,419 [8] [INFO ] [GlobalLog] - 发送到服务器消息：Hello world
2015-03-12 15:02:46,432 [9] [INFO ] [GlobalLog] - 发送到服务器消息：Hello world
2015-03-12 15:02:51,434 [9] [INFO ] [GlobalLog] - 发送到服务器消息：Hello world
2015-03-12 15:02:56,446 [8] [INFO ] [GlobalLog] - 发送到服务器消息：Hello world
2015-03-12 15:03:01,446 [8] [INFO ] [GlobalLog] - 发送到服务器消息：Hello world
2015-03-12 15:03:06,456 [9] [INFO ] [GlobalLog] - 发送到服务器消息：Hello world
2015-03-12 15:03:11,466 [8] [INFO ] [GlobalLog] - 发送到服务器消息：Hello world
2015-03-12 15:03:16,476 [8] [INFO ] [GlobalLog] - 发送到服务器消息：Hello world
2015-03-12 15:03:21,478 [8] [INFO ] [GlobalLog] - 发送到服务器消息：Hello world
2015-03-12 15:03:26,488 [9] [INFO ] [GlobalLog] - 发送到服务器消息：Hello world
2015-03-12 15:03:31,498 [9] [INFO ] [GlobalLog] - 发送到服务器消息：Hello world
2015-03-12 15:03:36,502 [9] [INFO ] [GlobalLog] - 发送到服务器消息：Hello world
2015-03-12 15:03:41,506 [9] [INFO ] [GlobalLog] - 发送到服务器消息：Hello world
2015-03-12 15:03:46,514 [8] [INFO ] [GlobalLog] - 发送到服务器消息：Hello world
2015-03-12 15:03:51,522 [8] [INFO ] [GlobalLog] - 发送到服务器消息：Hello world
2015-03-12 15:03:56,534 [9] [INFO ] [GlobalLog] - 发送到服务器消息：Hello world
2015-03-12 15:04:01,537 [8] [INFO ] [GlobalLog] - 发送到服务器消息：Hello world
2015-03-12 15:04:06,550 [8] [INFO ] [GlobalLog] - 发送到服务器消息：Hello world
2015-03-12 15:04:11,553 [10] [INFO ] [GlobalLog] - 发送到服务器消息：Hello world
2015-03-12 15:04:16,567 [8] [INFO ] [GlobalLog] - 发送到服务器消息：Hello world
2015-03-12 15:04:21,575 [10] [INFO ] [GlobalLog] - 发送到服务器消息：Hello world
2015-03-12 15:04:26,585 [9] [INFO ] [GlobalLog] - 发送到服务器消息：Hello world
2015-03-12 15:04:31,585 [8] [INFO ] [GlobalLog] - 发送到服务器消息：Hello world
2015-03-12 15:04:36,591 [10] [INFO ] [GlobalLog] - 发送到服务器消息：Hello world
2015-03-12 15:04:41,613 [9] [ERROR] [GlobalLog] - 发送消息失败:System.Net.Sockets.SocketException (0x80004005): 远程主机强迫关闭了一个现有的连接。
   在 System.Net.Sockets.Socket.Send(Byte[] buffer, Int32 offset, Int32 size, SocketFlags socketFlags)
   在 MonitorClient.Utils.SocketEx.Send(String message) 位置 e:\工作相关\ModificationWorks\FIDS Advance Solution\MonitorClient\Utils\SocketEx.cs:行号 133
2015-03-12 15:04:46,615 [10] [ERROR] [GlobalLog] - 发送消息失败:System.Net.Sockets.SocketException (0x80004005): 远程主机强迫关闭了一个现有的连接。
   在 System.Net.Sockets.Socket.Send(Byte[] buffer, Int32 offset, Int32 size, SocketFlags socketFlags)
   在 MonitorClient.Utils.SocketEx.Send(String message) 位置 e:\工作相关\ModificationWorks\FIDS Advance Solution\MonitorClient\Utils\SocketEx.cs:行号 133
2015-03-12 15:04:51,615 [9] [ERROR] [GlobalLog] - 发送消息失败:System.Net.Sockets.SocketException (0x80004005): 远程主机强迫关闭了一个现有的连接。
   在 System.Net.Sockets.Socket.Send(Byte[] buffer, Int32 offset, Int32 size, SocketFlags socketFlags)
   在 MonitorClient.Utils.SocketEx.Send(String message) 位置 e:\工作相关\ModificationWorks\FIDS Advance Solution\MonitorClient\Utils\SocketEx.cs:行号 133
2015-03-12 15:04:56,625 [8] [INFO ] [GlobalLog] - 初始化服务器 192.168.163.204:52321的连接成功
2015-03-12 15:04:56,835 [8] [ERROR] [GlobalLog] - 发送消息失败:System.Net.Sockets.SocketException (0x80004005): 远程主机强迫关闭了一个现有的连接。
   在 System.Net.Sockets.Socket.Send(Byte[] buffer, Int32 offset, Int32 size, SocketFlags socketFlags)
   在 MonitorClient.Utils.SocketEx.Send(String message) 位置 e:\工作相关\ModificationWorks\FIDS Advance Solution\MonitorClient\Utils\SocketEx.cs:行号 133
2015-03-12 15:05:01,635 [10] [INFO ] [GlobalLog] - 发送到服务器消息：Hello world
2015-03-12 15:05:06,645 [9] [INFO ] [GlobalLog] - 发送到服务器消息：Hello world
2015-03-12 15:05:11,645 [8] [INFO ] [GlobalLog] - 发送到服务器消息：Hello world
2015-03-12 15:05:16,657 [10] [INFO ] [GlobalLog] - 发送到服务器消息：Hello world
2015-03-12 15:05:21,661 [9] [INFO ] [GlobalLog] - 发送到服务器消息：Hello world
2015-03-12 15:05:26,675 [8] [INFO ] [GlobalLog] - 发送到服务器消息：Hello world
2015-03-12 15:05:31,675 [9] [INFO ] [GlobalLog] - 发送到服务器消息：Hello world
2015-03-12 15:05:36,688 [8] [INFO ] [GlobalLog] - 发送到服务器消息：Hello world
2015-03-12 15:05:41,698 [8] [INFO ] [GlobalLog] - 发送到服务器消息：Hello world
2015-03-12 15:05:46,698 [9] [INFO ] [GlobalLog] - 发送到服务器消息：Hello world
2015-03-12 15:05:51,708 [10] [INFO ] [GlobalLog] - 发送到服务器消息：Hello world
2015-03-12 15:05:56,716 [8] [INFO ] [GlobalLog] - 发送到服务器消息：Hello world
2015-03-12 15:06:01,726 [9] [INFO ] [GlobalLog] - 发送到服务器消息：Hello world
2015-03-12 15:06:06,728 [8] [INFO ] [GlobalLog] - 发送到服务器消息：Hello world
2015-03-12 15:07:03,172 [1] [INFO ] [GlobalLog] - 初始化服务器 192.168.163.204:52321的连接成功
2015-03-12 15:07:23,146 [1] [INFO ] [GlobalLog] - 初始化服务器 192.168.163.204:52321的连接成功
2015-03-12 15:07:28,231 [8] [INFO ] [GlobalLog] - 发送到服务器消息：Hello world
2015-03-12 15:07:33,237 [8] [INFO ] [GlobalLog] - 发送到服务器消息：Hello world
2015-03-12 15:07:38,244 [8] [INFO ] [GlobalLog] - 发送到服务器消息：Hello world
2015-03-12 15:07:43,457 [9] [INFO ] [GlobalLog] - 发送到服务器消息：Hello world
2015-03-12 15:07:48,456 [8] [INFO ] [GlobalLog] - 发送到服务器消息：Hello world
2015-03-12 15:07:53,474 [8] [INFO ] [GlobalLog] - 发送到服务器消息：Hello world
2015-03-12 15:07:58,473 [8] [INFO ] [GlobalLog] - 发送到服务器消息：Hello world
2015-03-12 15:08:03,501 [9] [INFO ] [GlobalLog] - 发送到服务器消息：Hello world
2015-03-12 15:08:08,509 [9] [INFO ] [GlobalLog] - 发送到服务器消息：Hello world
2015-03-12 15:08:13,510 [8] [INFO ] [GlobalLog] - 发送到服务器消息：Hello world
2015-03-12 15:08:18,521 [8] [INFO ] [GlobalLog] - 发送到服务器消息：Hello world
2015-03-12 15:08:23,528 [8] [INFO ] [GlobalLog] - 发送到服务器消息：Hello world
2015-03-12 15:08:28,537 [9] [INFO ] [GlobalLog] - 发送到服务器消息：Hello world
2015-03-12 15:08:33,545 [9] [INFO ] [GlobalLog] - 发送到服务器消息：Hello world
2015-03-12 15:08:38,557 [9] [INFO ] [GlobalLog] - 发送到服务器消息：Hello world
2015-03-12 15:08:43,569 [9] [INFO ] [GlobalLog] - 发送到服务器消息：Hello world
2015-03-12 15:08:48,570 [9] [INFO ] [GlobalLog] - 发送到服务器消息：Hello world
2015-03-12 15:08:53,574 [9] [INFO ] [GlobalLog] - 发送到服务器消息：Hello world
2015-03-12 15:08:58,582 [9] [INFO ] [GlobalLog] - 发送到服务器消息：Hello world
2015-03-12 15:09:03,589 [9] [INFO ] [GlobalLog] - 发送到服务器消息：Hello world
2015-03-12 15:09:08,597 [9] [INFO ] [GlobalLog] - 发送到服务器消息：Hello world
2015-03-12 15:09:13,607 [9] [INFO ] [GlobalLog] - 发送到服务器消息：Hello world
2015-03-12 15:09:18,615 [9] [INFO ] [GlobalLog] - 发送到服务器消息：Hello world
2015-03-12 15:09:23,624 [10] [INFO ] [GlobalLog] - 发送到服务器消息：Hello world
2015-03-12 15:09:28,633 [8] [INFO ] [GlobalLog] - 发送到服务器消息：Hello world
2015-03-12 15:09:33,633 [9] [INFO ] [GlobalLog] - 发送到服务器消息：Hello world
2015-03-12 15:09:38,641 [10] [INFO ] [GlobalLog] - 发送到服务器消息：Hello world
2015-03-12 15:09:43,650 [8] [INFO ] [GlobalLog] - 发送到服务器消息：Hello world
2015-03-12 15:09:48,660 [9] [INFO ] [GlobalLog] - 发送到服务器消息：Hello world
2015-03-12 15:09:53,669 [10] [INFO ] [GlobalLog] - 发送到服务器消息：Hello world
2015-03-12 15:09:58,675 [8] [INFO ] [GlobalLog] - 发送到服务器消息：Hello world
2015-03-12 15:10:03,682 [10] [INFO ] [GlobalLog] - 发送到服务器消息：Hello world
2015-03-12 15:10:08,702 [9] [INFO ] [GlobalLog] - 发送到服务器消息：Hello world
2015-03-12 15:10:13,709 [8] [INFO ] [GlobalLog] - 发送到服务器消息：Hello world
2015-03-12 15:10:18,717 [10] [INFO ] [GlobalLog] - 发送到服务器消息：Hello world
2015-03-12 15:10:23,727 [9] [INFO ] [GlobalLog] - 发送到服务器消息：Hello world
2015-03-12 15:10:28,738 [10] [INFO ] [GlobalLog] - 发送到服务器消息：Hello world
2015-03-12 15:10:33,744 [8] [INFO ] [GlobalLog] - 发送到服务器消息：Hello world
2015-03-12 15:10:38,753 [9] [INFO ] [GlobalLog] - 发送到服务器消息：Hello world
2015-03-12 15:10:43,761 [8] [INFO ] [GlobalLog] - 发送到服务器消息：Hello world
2015-03-12 15:10:48,765 [10] [INFO ] [GlobalLog] - 发送到服务器消息：Hello world
2015-03-12 15:10:53,773 [9] [INFO ] [GlobalLog] - 发送到服务器消息：Hello world
2015-03-12 15:10:58,780 [10] [INFO ] [GlobalLog] - 发送到服务器消息：Hello world
2015-03-12 15:11:03,790 [8] [INFO ] [GlobalLog] - 发送到服务器消息：Hello world
2015-03-12 15:11:08,800 [9] [INFO ] [GlobalLog] - 发送到服务器消息：Hello world
2015-03-12 15:11:13,801 [10] [INFO ] [GlobalLog] - 发送到服务器消息：Hello world
2015-03-12 15:11:18,809 [8] [INFO ] [GlobalLog] - 发送到服务器消息：Hello world
2015-03-12 15:11:23,820 [10] [INFO ] [GlobalLog] - 发送到服务器消息：Hello world
2015-03-12 15:11:28,844 [9] [INFO ] [GlobalLog] - 发送到服务器消息：Hello world
2015-03-12 15:11:33,860 [10] [INFO ] [GlobalLog] - 发送到服务器消息：Hello world
2015-03-12 15:11:38,856 [10] [INFO ] [GlobalLog] - 发送到服务器消息：Hello world
2015-03-12 15:11:43,867 [9] [INFO ] [GlobalLog] - 发送到服务器消息：Hello world
2015-03-12 15:11:48,873 [8] [INFO ] [GlobalLog] - 发送到服务器消息：Hello world
2015-03-12 15:11:53,881 [8] [INFO ] [GlobalLog] - 发送到服务器消息：Hello world
2015-03-12 15:11:58,567 [1] [INFO ] [GlobalLog] - 初始化服务器 192.168.163.204:52321的连接成功
2015-03-12 15:13:19,764 [1] [INFO ] [GlobalLog] - 初始化服务器 192.168.163.204:52321的连接成功
2015-03-12 15:13:19,856 [1] [ERROR] [GlobalLog] - UI线程未捕获异常：System.Threading.ThreadStateException: 线程正在运行或被终止；它无法重新启动。
   在 System.Threading.Thread.StartupSetApartmentStateInternal()
   在 System.Threading.Thread.Start(StackCrawlMark& stackMark)
   在 System.Threading.Thread.Start()
   在 Cares.Fids.Monitor.Client.App.App_OnStartup(Object sender, StartupEventArgs e) 位置 e:\工作相关\ModificationWorks\FIDS Advance Solution\MonitorClient\App.xaml.cs:行号 251
   在 System.Windows.Application.OnStartup(StartupEventArgs e)
   在 System.Windows.Application.<.ctor>b__1(Object unused)
   在 System.Windows.Threading.ExceptionWrapper.InternalRealCall(Delegate callback, Object args, Int32 numArgs)
   在 MS.Internal.Threading.ExceptionFilterHelper.TryCatchWhen(Object source, Delegate method, Object args, Int32 numArgs, Delegate catchHandler)
2015-03-12 15:17:49,508 [1] [ERROR] [GlobalLog] - UI线程未捕获异常：System.UriFormatException: 无效的 URI: 未能确定 URI 的格式。
   在 System.Uri.CreateThis(String uri, Boolean dontEscape, UriKind uriKind)
   在 System.Uri..ctor(String uriString)
   在 Cares.Fids.Monitor.Client.App.App_OnStartup(Object sender, StartupEventArgs e) 位置 e:\工作相关\ModificationWorks\FIDS Advance Solution\MonitorClient\App.xaml.cs:行号 229
   在 System.Windows.Application.OnStartup(StartupEventArgs e)
   在 System.Windows.Application.<.ctor>b__1(Object unused)
   在 System.Windows.Threading.ExceptionWrapper.InternalRealCall(Delegate callback, Object args, Int32 numArgs)
   在 MS.Internal.Threading.ExceptionFilterHelper.TryCatchWhen(Object source, Delegate method, Object args, Int32 numArgs, Delegate catchHandler)
2015-03-12 15:21:17,609 [1] [INFO ] [GlobalLog] - 初始化服务器 192.168.163.204:52321的连接成功
2015-03-12 15:21:17,668 [1] [ERROR] [GlobalLog] - UI线程未捕获异常：System.Threading.ThreadStateException: 线程正在运行或被终止；它无法重新启动。
   在 System.Threading.Thread.StartupSetApartmentStateInternal()
   在 System.Threading.Thread.Start(StackCrawlMark& stackMark)
   在 System.Threading.Thread.Start()
   在 Cares.Fids.Monitor.Client.App.App_OnStartup(Object sender, StartupEventArgs e) 位置 e:\工作相关\ModificationWorks\FIDS Advance Solution\MonitorClient\App.xaml.cs:行号 252
   在 System.Windows.Application.OnStartup(StartupEventArgs e)
   在 System.Windows.Application.<.ctor>b__1(Object unused)
   在 System.Windows.Threading.ExceptionWrapper.InternalRealCall(Delegate callback, Object args, Int32 numArgs)
   在 MS.Internal.Threading.ExceptionFilterHelper.TryCatchWhen(Object source, Delegate method, Object args, Int32 numArgs, Delegate catchHandler)
2015-03-12 15:23:12,025 [8] [INFO ] [GlobalLog] - 初始化服务器 192.168.163.204:52321的连接成功
2015-03-12 15:23:56,504 [1] [INFO ] [GlobalLog] - 初始化服务器 192.168.163.204:52321的连接成功
2015-03-12 15:24:01,586 [7] [INFO ] [GlobalLog] - 发送到服务器消息：Hello world
2015-03-12 15:24:06,590 [7] [INFO ] [GlobalLog] - 发送到服务器消息：Hello world
2015-03-12 15:24:11,591 [7] [INFO ] [GlobalLog] - 发送到服务器消息：Hello world
2015-03-12 15:24:16,600 [7] [INFO ] [GlobalLog] - 发送到服务器消息：Hello world
2015-03-12 15:24:21,610 [7] [INFO ] [GlobalLog] - 发送到服务器消息：Hello world
2015-03-12 15:24:26,617 [7] [INFO ] [GlobalLog] - 发送到服务器消息：Hello world
2015-03-12 15:24:31,631 [7] [INFO ] [GlobalLog] - 发送到服务器消息：Hello world
2015-03-12 15:24:36,636 [7] [INFO ] [GlobalLog] - 发送到服务器消息：Hello world
2015-03-12 15:24:41,643 [7] [INFO ] [GlobalLog] - 发送到服务器消息：Hello world
2015-03-12 15:24:46,650 [7] [INFO ] [GlobalLog] - 发送到服务器消息：Hello world
2015-03-12 15:24:51,651 [7] [INFO ] [GlobalLog] - 发送到服务器消息：Hello world
2015-03-12 15:24:56,661 [7] [INFO ] [GlobalLog] - 发送到服务器消息：Hello world
2015-03-12 15:25:01,670 [7] [INFO ] [GlobalLog] - 发送到服务器消息：Hello world
2015-03-12 15:25:06,678 [7] [INFO ] [GlobalLog] - 发送到服务器消息：Hello world
2015-03-12 15:25:11,687 [7] [INFO ] [GlobalLog] - 发送到服务器消息：Hello world
2015-03-12 15:25:16,695 [7] [INFO ] [GlobalLog] - 发送到服务器消息：Hello world
2015-03-12 15:25:21,710 [7] [INFO ] [GlobalLog] - 发送到服务器消息：Hello world
2015-03-12 15:25:26,709 [7] [INFO ] [GlobalLog] - 发送到服务器消息：Hello world
2015-03-12 15:25:31,727 [7] [INFO ] [GlobalLog] - 发送到服务器消息：Hello world
2015-03-12 15:25:36,726 [7] [INFO ] [GlobalLog] - 发送到服务器消息：Hello world
2015-03-12 15:25:41,739 [7] [INFO ] [GlobalLog] - 发送到服务器消息：Hello world
2015-03-12 15:25:46,743 [7] [INFO ] [GlobalLog] - 发送到服务器消息：Hello world
2015-03-12 15:25:51,745 [7] [INFO ] [GlobalLog] - 发送到服务器消息：Hello world
2015-03-12 15:25:56,752 [7] [INFO ] [GlobalLog] - 发送到服务器消息：Hello world
2015-03-12 15:26:01,760 [7] [INFO ] [GlobalLog] - 发送到服务器消息：Hello world
2015-03-12 15:26:06,771 [7] [INFO ] [GlobalLog] - 发送到服务器消息：Hello world
2015-03-12 15:26:11,784 [7] [INFO ] [GlobalLog] - 发送到服务器消息：Hello world
2015-03-12 15:26:16,783 [7] [INFO ] [GlobalLog] - 发送到服务器消息：Hello world
2015-03-12 15:26:21,793 [7] [INFO ] [GlobalLog] - 发送到服务器消息：Hello world
2015-03-12 15:26:26,803 [7] [INFO ] [GlobalLog] - 发送到服务器消息：Hello world
2015-03-12 15:26:31,810 [7] [INFO ] [GlobalLog] - 发送到服务器消息：Hello world
2015-03-12 15:26:36,816 [7] [INFO ] [GlobalLog] - 发送到服务器消息：Hello world
2015-03-12 15:26:41,826 [7] [INFO ] [GlobalLog] - 发送到服务器消息：Hello world
2015-03-12 15:26:46,833 [7] [INFO ] [GlobalLog] - 发送到服务器消息：Hello world
2015-03-12 15:26:51,843 [7] [INFO ] [GlobalLog] - 发送到服务器消息：Hello world
2015-03-12 15:26:56,844 [7] [INFO ] [GlobalLog] - 发送到服务器消息：Hello world
2015-03-12 15:27:01,854 [7] [INFO ] [GlobalLog] - 发送到服务器消息：Hello world
2015-03-12 15:27:06,861 [7] [INFO ] [GlobalLog] - 发送到服务器消息：Hello world
2015-03-12 15:27:11,871 [7] [INFO ] [GlobalLog] - 发送到服务器消息：Hello world
2015-03-12 15:27:16,880 [7] [INFO ] [GlobalLog] - 发送到服务器消息：Hello world
2015-03-12 15:27:21,889 [7] [INFO ] [GlobalLog] - 发送到服务器消息：Hello world
2015-03-12 15:27:26,895 [7] [INFO ] [GlobalLog] - 发送到服务器消息：Hello world
2015-03-12 15:27:31,898 [7] [INFO ] [GlobalLog] - 发送到服务器消息：Hello world
2015-03-12 15:27:36,904 [7] [INFO ] [GlobalLog] - 发送到服务器消息：Hello world
2015-03-12 15:27:41,912 [7] [INFO ] [GlobalLog] - 发送到服务器消息：Hello world
2015-03-12 15:27:46,921 [7] [INFO ] [GlobalLog] - 发送到服务器消息：Hello world
2015-03-12 15:27:51,931 [7] [INFO ] [GlobalLog] - 发送到服务器消息：Hello world
2015-03-12 15:27:56,939 [7] [INFO ] [GlobalLog] - 发送到服务器消息：Hello world
2015-03-12 15:28:01,954 [7] [INFO ] [GlobalLog] - 发送到服务器消息：Hello world
2015-03-12 15:28:06,956 [7] [INFO ] [GlobalLog] - 发送到服务器消息：Hello world
2015-03-12 15:28:11,965 [7] [INFO ] [GlobalLog] - 发送到服务器消息：Hello world
2015-03-12 15:28:16,967 [7] [INFO ] [GlobalLog] - 发送到服务器消息：Hello world
2015-03-12 15:28:21,979 [7] [INFO ] [GlobalLog] - 发送到服务器消息：Hello world
2015-03-12 15:28:26,984 [7] [INFO ] [GlobalLog] - 发送到服务器消息：Hello world
2015-03-12 15:28:31,989 [7] [INFO ] [GlobalLog] - 发送到服务器消息：Hello world
2015-03-12 15:28:37,002 [7] [INFO ] [GlobalLog] - 发送到服务器消息：Hello world
2015-03-12 15:28:42,007 [7] [INFO ] [GlobalLog] - 发送到服务器消息：Hello world
2015-03-12 15:28:47,018 [7] [INFO ] [GlobalLog] - 发送到服务器消息：Hello world
2015-03-12 15:28:52,024 [7] [INFO ] [GlobalLog] - 发送到服务器消息：Hello world
2015-03-12 15:28:57,041 [7] [INFO ] [GlobalLog] - 发送到服务器消息：Hello world
2015-03-12 15:29:02,056 [7] [INFO ] [GlobalLog] - 发送到服务器消息：Hello world
2015-03-12 15:29:07,063 [7] [INFO ] [GlobalLog] - 发送到服务器消息：Hello world
2015-03-12 15:29:12,070 [7] [INFO ] [GlobalLog] - 发送到服务器消息：Hello world
2015-03-12 15:29:17,077 [7] [INFO ] [GlobalLog] - 发送到服务器消息：Hello world
2015-03-12 15:29:22,084 [7] [INFO ] [GlobalLog] - 发送到服务器消息：Hello world
2015-03-12 15:29:27,094 [7] [INFO ] [GlobalLog] - 发送到服务器消息：Hello world
2015-03-12 15:29:32,099 [7] [INFO ] [GlobalLog] - 发送到服务器消息：Hello world
2015-03-12 15:29:37,110 [7] [INFO ] [GlobalLog] - 发送到服务器消息：Hello world
2015-03-12 15:29:42,120 [7] [INFO ] [GlobalLog] - 发送到服务器消息：Hello world
2015-03-12 15:29:47,127 [7] [INFO ] [GlobalLog] - 发送到服务器消息：Hello world
2015-03-12 15:29:52,125 [7] [INFO ] [GlobalLog] - 发送到服务器消息：Hello world
2015-03-12 15:29:57,133 [7] [INFO ] [GlobalLog] - 发送到服务器消息：Hello world
2015-03-12 15:30:02,141 [7] [INFO ] [GlobalLog] - 发送到服务器消息：Hello world
2015-03-12 15:30:07,149 [7] [INFO ] [GlobalLog] - 发送到服务器消息：Hello world
2015-03-12 15:30:12,161 [7] [INFO ] [GlobalLog] - 发送到服务器消息：Hello world
2015-03-12 15:30:17,166 [7] [INFO ] [GlobalLog] - 发送到服务器消息：Hello world
2015-03-12 15:30:22,177 [7] [INFO ] [GlobalLog] - 发送到服务器消息：Hello world
2015-03-12 15:30:27,184 [7] [INFO ] [GlobalLog] - 发送到服务器消息：Hello world
2015-03-12 15:30:32,196 [7] [INFO ] [GlobalLog] - 发送到服务器消息：Hello world
2015-03-12 15:30:37,200 [7] [INFO ] [GlobalLog] - 发送到服务器消息：Hello world
2015-03-12 15:30:42,209 [7] [INFO ] [GlobalLog] - 发送到服务器消息：Hello world
2015-03-12 15:30:47,210 [7] [INFO ] [GlobalLog] - 发送到服务器消息：Hello world
2015-03-12 15:30:52,218 [7] [INFO ] [GlobalLog] - 发送到服务器消息：Hello world
2015-03-12 15:30:57,235 [7] [INFO ] [GlobalLog] - 发送到服务器消息：Hello world
2015-03-12 15:31:02,233 [7] [INFO ] [GlobalLog] - 发送到服务器消息：Hello world
2015-03-12 15:31:07,241 [7] [INFO ] [GlobalLog] - 发送到服务器消息：Hello world
2015-03-12 15:31:12,257 [7] [INFO ] [GlobalLog] - 发送到服务器消息：Hello world
2015-03-12 15:31:17,258 [7] [INFO ] [GlobalLog] - 发送到服务器消息：Hello world
2015-03-12 15:31:22,266 [7] [INFO ] [GlobalLog] - 发送到服务器消息：Hello world
2015-03-12 15:31:27,277 [7] [INFO ] [GlobalLog] - 发送到服务器消息：Hello world
2015-03-12 15:31:32,284 [7] [INFO ] [GlobalLog] - 发送到服务器消息：Hello world
2015-03-12 15:31:37,291 [7] [INFO ] [GlobalLog] - 发送到服务器消息：Hello world
2015-03-12 15:31:42,300 [7] [INFO ] [GlobalLog] - 发送到服务器消息：Hello world
2015-03-12 15:31:47,311 [7] [INFO ] [GlobalLog] - 发送到服务器消息：Hello world
2015-03-12 15:31:52,310 [7] [INFO ] [GlobalLog] - 发送到服务器消息：Hello world
2015-03-12 15:31:57,323 [7] [INFO ] [GlobalLog] - 发送到服务器消息：Hello world
2015-03-12 15:32:02,326 [7] [INFO ] [GlobalLog] - 发送到服务器消息：Hello world
2015-03-12 15:32:07,335 [7] [INFO ] [GlobalLog] - 发送到服务器消息：Hello world
2015-03-12 15:32:12,347 [7] [INFO ] [GlobalLog] - 发送到服务器消息：Hello world
2015-03-12 15:32:17,351 [7] [INFO ] [GlobalLog] - 发送到服务器消息：Hello world
2015-03-12 15:32:22,360 [7] [INFO ] [GlobalLog] - 发送到服务器消息：Hello world
2015-03-12 15:32:27,369 [7] [INFO ] [GlobalLog] - 发送到服务器消息：Hello world
2015-03-12 15:32:32,376 [7] [INFO ] [GlobalLog] - 发送到服务器消息：Hello world
2015-03-12 15:32:37,384 [7] [INFO ] [GlobalLog] - 发送到服务器消息：Hello world
2015-03-12 15:32:42,386 [7] [INFO ] [GlobalLog] - 发送到服务器消息：Hello world
2015-03-12 15:32:47,394 [7] [INFO ] [GlobalLog] - 发送到服务器消息：Hello world
2015-03-12 15:32:52,403 [7] [INFO ] [GlobalLog] - 发送到服务器消息：Hello world
2015-03-12 15:32:57,410 [7] [INFO ] [GlobalLog] - 发送到服务器消息：Hello world
2015-03-12 15:33:02,422 [7] [INFO ] [GlobalLog] - 发送到服务器消息：Hello world
2015-03-12 15:33:07,428 [7] [INFO ] [GlobalLog] - 发送到服务器消息：Hello world
2015-03-12 15:33:12,437 [7] [INFO ] [GlobalLog] - 发送到服务器消息：Hello world
2015-03-12 15:33:17,444 [7] [INFO ] [GlobalLog] - 发送到服务器消息：Hello world
2015-03-12 15:33:22,453 [7] [INFO ] [GlobalLog] - 发送到服务器消息：Hello world
2015-03-12 15:33:27,456 [7] [INFO ] [GlobalLog] - 发送到服务器消息：Hello world
2015-03-12 15:33:32,463 [7] [INFO ] [GlobalLog] - 发送到服务器消息：Hello world
2015-03-12 15:33:37,474 [7] [INFO ] [GlobalLog] - 发送到服务器消息：Hello world
2015-03-12 15:33:42,479 [7] [INFO ] [GlobalLog] - 发送到服务器消息：Hello world
2015-03-12 15:33:47,488 [7] [INFO ] [GlobalLog] - 发送到服务器消息：Hello world
2015-03-12 15:33:52,502 [7] [INFO ] [GlobalLog] - 发送到服务器消息：Hello world
2015-03-12 15:33:57,505 [7] [INFO ] [GlobalLog] - 发送到服务器消息：Hello world
2015-03-12 15:34:02,520 [7] [INFO ] [GlobalLog] - 发送到服务器消息：Hello world
2015-03-12 15:34:07,521 [7] [INFO ] [GlobalLog] - 发送到服务器消息：Hello world
2015-03-12 15:34:12,528 [7] [INFO ] [GlobalLog] - 发送到服务器消息：Hello world
2015-03-12 15:34:17,537 [7] [INFO ] [GlobalLog] - 发送到服务器消息：Hello world
2015-03-12 15:34:22,543 [7] [INFO ] [GlobalLog] - 发送到服务器消息：Hello world
2015-03-12 15:34:27,546 [7] [INFO ] [GlobalLog] - 发送到服务器消息：Hello world
2015-03-12 15:34:32,556 [7] [INFO ] [GlobalLog] - 发送到服务器消息：Hello world
2015-03-12 15:34:37,562 [7] [INFO ] [GlobalLog] - 发送到服务器消息：Hello world
2015-03-12 15:34:42,570 [7] [INFO ] [GlobalLog] - 发送到服务器消息：Hello world
2015-03-12 15:34:47,580 [7] [INFO ] [GlobalLog] - 发送到服务器消息：Hello world
2015-03-12 15:35:17,226 [1] [INFO ] [GlobalLog] - 初始化服务器 192.168.163.204:52321的连接成功
2015-03-12 15:35:22,265 [7] [INFO ] [GlobalLog] - 发送到服务器消息：Hello world
2015-03-12 15:35:35,915 [1] [ERROR] [GlobalLog] - 记录窗口日志失败，异常信息为：System.FormatException: 无法为字符“'”找到匹配的引号字符。
   在 System.DateTimeFormat.ParseQuoteString(String format, Int32 pos, StringBuilder result)
   在 System.DateTimeFormat.FormatCustomized(DateTime dateTime, String format, DateTimeFormatInfo dtfi, TimeSpan offset)
   在 System.DateTimeFormat.Format(DateTime dateTime, String format, DateTimeFormatInfo dtfi, TimeSpan offset)
   在 System.DateTimeFormat.Format(DateTime dateTime, String format, DateTimeFormatInfo dtfi)
   在 MonitorClient.Utils.LogWindowUtils.LogWindow(String message) 位置 e:\工作相关\ModificationWorks\FIDS Advance Solution\MonitorClient\Utils\LogWindowUtils.cs:行号 28
2015-03-12 15:35:35,964 [1] [INFO ] [GlobalLog] - 初始化服务器 192.168.163.204:52321的连接成功
2015-03-12 15:35:40,985 [7] [ERROR] [GlobalLog] - 记录窗口日志失败，异常信息为：System.FormatException: 无法为字符“'”找到匹配的引号字符。
   在 System.DateTimeFormat.ParseQuoteString(String format, Int32 pos, StringBuilder result)
   在 System.DateTimeFormat.FormatCustomized(DateTime dateTime, String format, DateTimeFormatInfo dtfi, TimeSpan offset)
   在 System.DateTimeFormat.Format(DateTime dateTime, String format, DateTimeFormatInfo dtfi, TimeSpan offset)
   在 System.DateTimeFormat.Format(DateTime dateTime, String format, DateTimeFormatInfo dtfi)
   在 MonitorClient.Utils.LogWindowUtils.LogWindow(String message) 位置 e:\工作相关\ModificationWorks\FIDS Advance Solution\MonitorClient\Utils\LogWindowUtils.cs:行号 28
2015-03-12 15:35:41,001 [7] [INFO ] [GlobalLog] - 发送到服务器消息：Hello world
2015-03-12 15:35:45,983 [7] [ERROR] [GlobalLog] - 记录窗口日志失败，异常信息为：System.FormatException: 无法为字符“'”找到匹配的引号字符。
   在 System.DateTimeFormat.ParseQuoteString(String format, Int32 pos, StringBuilder result)
   在 System.DateTimeFormat.FormatCustomized(DateTime dateTime, String format, DateTimeFormatInfo dtfi, TimeSpan offset)
   在 System.DateTimeFormat.Format(DateTime dateTime, String format, DateTimeFormatInfo dtfi, TimeSpan offset)
   在 System.DateTimeFormat.Format(DateTime dateTime, String format, DateTimeFormatInfo dtfi)
   在 MonitorClient.Utils.LogWindowUtils.LogWindow(String message) 位置 e:\工作相关\ModificationWorks\FIDS Advance Solution\MonitorClient\Utils\LogWindowUtils.cs:行号 28
2015-03-12 15:35:46,141 [7] [INFO ] [GlobalLog] - 发送到服务器消息：Hello world
2015-03-12 15:35:50,991 [7] [ERROR] [GlobalLog] - 记录窗口日志失败，异常信息为：System.FormatException: 无法为字符“'”找到匹配的引号字符。
   在 System.DateTimeFormat.ParseQuoteString(String format, Int32 pos, StringBuilder result)
   在 System.DateTimeFormat.FormatCustomized(DateTime dateTime, String format, DateTimeFormatInfo dtfi, TimeSpan offset)
   在 System.DateTimeFormat.Format(DateTime dateTime, String format, DateTimeFormatInfo dtfi, TimeSpan offset)
   在 System.DateTimeFormat.Format(DateTime dateTime, String format, DateTimeFormatInfo dtfi)
   在 MonitorClient.Utils.LogWindowUtils.LogWindow(String message) 位置 e:\工作相关\ModificationWorks\FIDS Advance Solution\MonitorClient\Utils\LogWindowUtils.cs:行号 28
2015-03-12 15:35:51,029 [7] [INFO ] [GlobalLog] - 发送到服务器消息：Hello world
2015-03-12 15:35:55,999 [7] [ERROR] [GlobalLog] - 记录窗口日志失败，异常信息为：System.FormatException: 无法为字符“'”找到匹配的引号字符。
   在 System.DateTimeFormat.ParseQuoteString(String format, Int32 pos, StringBuilder result)
   在 System.DateTimeFormat.FormatCustomized(DateTime dateTime, String format, DateTimeFormatInfo dtfi, TimeSpan offset)
   在 System.DateTimeFormat.Format(DateTime dateTime, String format, DateTimeFormatInfo dtfi, TimeSpan offset)
   在 System.DateTimeFormat.Format(DateTime dateTime, String format, DateTimeFormatInfo dtfi)
   在 MonitorClient.Utils.LogWindowUtils.LogWindow(String message) 位置 e:\工作相关\ModificationWorks\FIDS Advance Solution\MonitorClient\Utils\LogWindowUtils.cs:行号 28
2015-03-12 15:35:56,034 [7] [INFO ] [GlobalLog] - 发送到服务器消息：Hello world
2015-03-12 15:36:06,033 [1] [INFO ] [GlobalLog] - 初始化服务器 192.168.163.204:52321的连接成功
2015-03-12 15:36:11,090 [7] [INFO ] [GlobalLog] - 发送到服务器消息：Hello world
2015-03-12 15:36:16,096 [7] [INFO ] [GlobalLog] - 发送到服务器消息：Hello world
2015-03-12 15:36:21,104 [7] [INFO ] [GlobalLog] - 发送到服务器消息：Hello world
2015-03-12 15:36:26,112 [7] [INFO ] [GlobalLog] - 发送到服务器消息：Hello world
2015-03-12 15:36:31,121 [7] [INFO ] [GlobalLog] - 发送到服务器消息：Hello world
2015-03-12 15:36:36,121 [7] [INFO ] [GlobalLog] - 发送到服务器消息：Hello world
2015-03-12 15:36:41,131 [7] [INFO ] [GlobalLog] - 发送到服务器消息：Hello world
2015-03-12 15:36:46,139 [7] [INFO ] [GlobalLog] - 发送到服务器消息：Hello world
2015-03-12 15:36:51,152 [7] [INFO ] [GlobalLog] - 发送到服务器消息：Hello world
2015-03-12 15:36:56,178 [7] [INFO ] [GlobalLog] - 发送到服务器消息：Hello world
2015-03-12 15:37:01,165 [7] [INFO ] [GlobalLog] - 发送到服务器消息：Hello world
2015-03-12 15:37:06,173 [7] [INFO ] [GlobalLog] - 发送到服务器消息：Hello world
2015-03-12 15:37:11,181 [7] [INFO ] [GlobalLog] - 发送到服务器消息：Hello world
2015-03-12 15:37:16,191 [7] [INFO ] [GlobalLog] - 发送到服务器消息：Hello world
2015-03-12 15:37:21,189 [7] [INFO ] [GlobalLog] - 发送到服务器消息：Hello world
2015-03-12 15:37:26,200 [7] [INFO ] [GlobalLog] - 发送到服务器消息：Hello world
2015-03-12 15:37:31,210 [7] [INFO ] [GlobalLog] - 发送到服务器消息：Hello world
2015-03-12 15:37:36,215 [7] [INFO ] [GlobalLog] - 发送到服务器消息：Hello world
2015-03-12 15:37:41,224 [7] [INFO ] [GlobalLog] - 发送到服务器消息：Hello world
2015-03-12 15:37:46,234 [7] [INFO ] [GlobalLog] - 发送到服务器消息：Hello world
2015-03-12 15:37:51,240 [7] [INFO ] [GlobalLog] - 发送到服务器消息：Hello world
2015-03-12 15:37:56,248 [7] [INFO ] [GlobalLog] - 发送到服务器消息：Hello world
2015-03-12 15:38:01,261 [7] [INFO ] [GlobalLog] - 发送到服务器消息：Hello world
2015-03-12 15:38:06,265 [7] [INFO ] [GlobalLog] - 发送到服务器消息：Hello world
2015-03-12 15:38:11,265 [7] [INFO ] [GlobalLog] - 发送到服务器消息：Hello world
2015-03-12 15:38:16,284 [7] [INFO ] [GlobalLog] - 发送到服务器消息：Hello world
2015-03-12 15:38:21,282 [7] [INFO ] [GlobalLog] - 发送到服务器消息：Hello world
2015-03-12 15:38:26,291 [7] [INFO ] [GlobalLog] - 发送到服务器消息：Hello world
2015-03-12 15:38:31,300 [7] [INFO ] [GlobalLog] - 发送到服务器消息：Hello world
2015-03-12 15:38:36,308 [7] [INFO ] [GlobalLog] - 发送到服务器消息：Hello world
2015-03-12 15:38:41,316 [7] [INFO ] [GlobalLog] - 发送到服务器消息：Hello world
2015-03-12 15:38:46,326 [7] [INFO ] [GlobalLog] - 发送到服务器消息：Hello world
2015-03-12 15:38:51,331 [7] [INFO ] [GlobalLog] - 发送到服务器消息：Hello world
2015-03-12 15:38:56,341 [7] [INFO ] [GlobalLog] - 发送到服务器消息：Hello world
2015-03-12 15:39:01,352 [7] [INFO ] [GlobalLog] - 发送到服务器消息：Hello world
2015-03-12 15:39:06,356 [7] [INFO ] [GlobalLog] - 发送到服务器消息：Hello world
2015-03-12 15:39:11,362 [7] [INFO ] [GlobalLog] - 发送到服务器消息：Hello world
2015-03-12 15:39:16,370 [7] [INFO ] [GlobalLog] - 发送到服务器消息：Hello world
2015-03-12 15:39:21,376 [7] [INFO ] [GlobalLog] - 发送到服务器消息：Hello world
2015-03-12 15:39:26,388 [7] [INFO ] [GlobalLog] - 发送到服务器消息：Hello world
2015-03-12 15:39:31,395 [7] [INFO ] [GlobalLog] - 发送到服务器消息：Hello world
2015-03-12 15:39:36,404 [7] [INFO ] [GlobalLog] - 发送到服务器消息：Hello world
2015-03-12 15:39:41,413 [7] [INFO ] [GlobalLog] - 发送到服务器消息：Hello world
2015-03-12 15:39:46,418 [7] [INFO ] [GlobalLog] - 发送到服务器消息：Hello world
2015-03-12 15:39:51,421 [7] [INFO ] [GlobalLog] - 发送到服务器消息：Hello world
2015-03-12 15:39:56,429 [7] [INFO ] [GlobalLog] - 发送到服务器消息：Hello world
2015-03-12 15:40:01,437 [7] [INFO ] [GlobalLog] - 发送到服务器消息：Hello world
2015-03-12 15:40:06,446 [7] [INFO ] [GlobalLog] - 发送到服务器消息：Hello world
2015-03-12 15:40:11,453 [7] [INFO ] [GlobalLog] - 发送到服务器消息：Hello world
2015-03-12 15:40:16,463 [7] [INFO ] [GlobalLog] - 发送到服务器消息：Hello world
2015-03-12 15:40:21,467 [7] [INFO ] [GlobalLog] - 发送到服务器消息：Hello world
2015-03-12 15:40:26,474 [7] [INFO ] [GlobalLog] - 发送到服务器消息：Hello world
2015-03-12 15:40:31,486 [7] [INFO ] [GlobalLog] - 发送到服务器消息：Hello world
2015-03-12 15:40:36,492 [7] [INFO ] [GlobalLog] - 发送到服务器消息：Hello world
2015-03-12 15:40:41,502 [7] [INFO ] [GlobalLog] - 发送到服务器消息：Hello world
2015-03-12 15:40:46,510 [7] [INFO ] [GlobalLog] - 发送到服务器消息：Hello world
2015-03-12 15:40:51,509 [7] [INFO ] [GlobalLog] - 发送到服务器消息：Hello world
2015-03-12 15:40:56,519 [7] [INFO ] [GlobalLog] - 发送到服务器消息：Hello world
2015-03-12 15:41:01,533 [7] [INFO ] [GlobalLog] - 发送到服务器消息：Hello world
2015-03-12 15:41:06,539 [7] [INFO ] [GlobalLog] - 发送到服务器消息：Hello world
2015-03-12 15:41:11,546 [7] [INFO ] [GlobalLog] - 发送到服务器消息：Hello world
2015-03-12 15:41:16,555 [7] [INFO ] [GlobalLog] - 发送到服务器消息：Hello world
2015-03-12 15:41:21,564 [7] [INFO ] [GlobalLog] - 发送到服务器消息：Hello world
2015-03-12 15:41:26,565 [7] [INFO ] [GlobalLog] - 发送到服务器消息：Hello world
2015-03-12 15:41:31,575 [7] [INFO ] [GlobalLog] - 发送到服务器消息：Hello world
2015-03-12 15:41:36,582 [7] [INFO ] [GlobalLog] - 发送到服务器消息：Hello world
2015-03-12 15:41:41,591 [7] [INFO ] [GlobalLog] - 发送到服务器消息：Hello world
2015-03-12 15:41:46,599 [7] [INFO ] [GlobalLog] - 发送到服务器消息：Hello world
2015-03-12 15:41:51,611 [7] [INFO ] [GlobalLog] - 发送到服务器消息：Hello world
2015-03-12 15:41:56,615 [7] [INFO ] [GlobalLog] - 发送到服务器消息：Hello world
2015-03-12 15:42:01,625 [7] [INFO ] [GlobalLog] - 发送到服务器消息：Hello world
2015-03-12 15:42:06,632 [7] [INFO ] [GlobalLog] - 发送到服务器消息：Hello world
2015-03-12 15:42:11,642 [7] [INFO ] [GlobalLog] - 发送到服务器消息：Hello world
2015-03-12 15:42:16,642 [7] [INFO ] [GlobalLog] - 发送到服务器消息：Hello world
2015-03-12 15:42:21,665 [7] [INFO ] [GlobalLog] - 发送到服务器消息：Hello world
2015-03-12 15:42:26,660 [7] [INFO ] [GlobalLog] - 发送到服务器消息：Hello world
2015-03-12 15:42:31,669 [7] [INFO ] [GlobalLog] - 发送到服务器消息：Hello world
2015-03-12 15:42:36,684 [7] [INFO ] [GlobalLog] - 发送到服务器消息：Hello world
2015-03-12 15:42:41,684 [7] [INFO ] [GlobalLog] - 发送到服务器消息：Hello world
2015-03-12 15:42:46,690 [7] [INFO ] [GlobalLog] - 发送到服务器消息：Hello world
2015-03-12 15:42:51,703 [7] [INFO ] [GlobalLog] - 发送到服务器消息：Hello world
2015-03-12 15:42:56,704 [7] [INFO ] [GlobalLog] - 发送到服务器消息：Hello world
2015-03-12 15:43:01,720 [7] [INFO ] [GlobalLog] - 发送到服务器消息：Hello world
2015-03-12 15:43:06,757 [7] [INFO ] [GlobalLog] - 发送到服务器消息：Hello world
2015-03-12 15:43:11,759 [7] [INFO ] [GlobalLog] - 发送到服务器消息：Hello world
2015-03-12 15:43:16,767 [7] [INFO ] [GlobalLog] - 发送到服务器消息：Hello world
2015-03-12 15:43:21,775 [7] [INFO ] [GlobalLog] - 发送到服务器消息：Hello world
2015-03-12 15:43:26,790 [7] [INFO ] [GlobalLog] - 发送到服务器消息：Hello world
2015-03-12 15:43:31,795 [7] [INFO ] [GlobalLog] - 发送到服务器消息：Hello world
2015-03-12 15:43:36,799 [7] [INFO ] [GlobalLog] - 发送到服务器消息：Hello world
2015-03-12 15:43:45,575 [1] [INFO ] [GlobalLog] - 初始化服务器 192.168.163.204:52321的连接成功
2015-03-12 15:43:50,664 [7] [INFO ] [GlobalLog] - 发送到服务器消息：Hello world
2015-03-12 15:43:55,664 [7] [INFO ] [GlobalLog] - 发送到服务器消息：Hello world
2015-03-12 15:44:00,666 [7] [INFO ] [GlobalLog] - 发送到服务器消息：Hello world
2015-03-12 15:44:27,738 [1] [INFO ] [GlobalLog] - 初始化服务器 192.168.163.204:52321的连接成功
2015-03-12 15:44:32,804 [7] [INFO ] [GlobalLog] - 发送到服务器消息：Hello world
2015-03-12 15:44:37,812 [7] [INFO ] [GlobalLog] - 发送到服务器消息：Hello world
2015-03-12 15:44:42,813 [7] [INFO ] [GlobalLog] - 发送到服务器消息：Hello world
2015-03-12 15:44:47,823 [7] [INFO ] [GlobalLog] - 发送到服务器消息：Hello world
2015-03-12 15:44:52,830 [7] [INFO ] [GlobalLog] - 发送到服务器消息：Hello world
2015-03-12 15:44:57,839 [7] [INFO ] [GlobalLog] - 发送到服务器消息：Hello world
2015-03-12 15:45:02,848 [7] [INFO ] [GlobalLog] - 发送到服务器消息：Hello world
2015-03-12 15:45:07,855 [7] [INFO ] [GlobalLog] - 发送到服务器消息：Hello world
2015-03-12 15:45:12,863 [7] [INFO ] [GlobalLog] - 发送到服务器消息：Hello world
2015-03-12 15:45:17,922 [7] [INFO ] [GlobalLog] - 发送到服务器消息：Hello world
2015-03-12 15:45:22,878 [7] [INFO ] [GlobalLog] - 发送到服务器消息：Hello world
2015-03-12 15:45:27,912 [7] [INFO ] [GlobalLog] - 发送到服务器消息：Hello world
2015-03-12 15:45:32,911 [7] [INFO ] [GlobalLog] - 发送到服务器消息：Hello world
2015-03-12 15:45:37,913 [7] [INFO ] [GlobalLog] - 发送到服务器消息：Hello world
2015-03-12 15:45:42,921 [7] [INFO ] [GlobalLog] - 发送到服务器消息：Hello world
2015-03-12 15:45:47,940 [7] [INFO ] [GlobalLog] - 发送到服务器消息：Hello world
2015-03-12 15:45:52,941 [7] [INFO ] [GlobalLog] - 发送到服务器消息：Hello world
2015-03-12 15:45:57,654 [1] [INFO ] [GlobalLog] - 初始化服务器 192.168.163.204:52321的连接成功
2015-03-12 15:46:02,711 [7] [INFO ] [GlobalLog] - 发送到服务器消息：Hello world
2015-03-12 15:46:07,740 [7] [INFO ] [GlobalLog] - 发送到服务器消息：Hello world
2015-03-12 15:46:10,181 [1] [INFO ] [GlobalLog] - 应用程序关闭
2015-03-12 15:46:23,001 [1] [INFO ] [GlobalLog] - 初始化服务器 192.168.163.204:52321的连接成功
2015-03-12 15:46:28,023 [7] [INFO ] [GlobalLog] - 发送到服务器消息：Hello world
2015-03-12 15:46:33,032 [7] [INFO ] [GlobalLog] - 发送到服务器消息：Hello world
2015-03-12 15:46:38,040 [7] [INFO ] [GlobalLog] - 发送到服务器消息：Hello world
2015-03-12 15:46:39,476 [1] [INFO ] [GlobalLog] - 应用程序关闭
2015-03-12 16:00:06,745 [1] [INFO ] [GlobalLog] - 初始化服务器 192.168.163.204:52321的连接成功
2015-03-12 16:00:11,778 [7] [INFO ] [GlobalLog] - 发送到服务器消息：Hello world
2015-03-12 16:00:16,777 [7] [INFO ] [GlobalLog] - 发送到服务器消息：Hello world
2015-03-12 16:00:17,885 [1] [INFO ] [GlobalLog] - 应用程序关闭
2015-03-12 16:02:27,222 [1] [INFO ] [GlobalLog] - 初始化服务器 192.168.163.204:52321的连接成功
2015-03-12 16:02:32,288 [7] [INFO ] [GlobalLog] - 发送到服务器消息：Hello world
2015-03-12 16:02:37,294 [7] [INFO ] [GlobalLog] - 发送到服务器消息：Hello world
2015-03-12 16:02:42,299 [7] [INFO ] [GlobalLog] - 发送到服务器消息：Hello world
2015-03-12 16:02:47,304 [7] [INFO ] [GlobalLog] - 发送到服务器消息：Hello world
2015-03-12 16:02:49,612 [1] [INFO ] [GlobalLog] - 应用程序关闭
2015-03-12 16:03:23,694 [1] [INFO ] [GlobalLog] - 初始化服务器 192.168.163.204:52321的连接成功
2015-03-12 16:03:28,776 [7] [INFO ] [GlobalLog] - 发送到服务器消息：Hello world
2015-03-12 16:03:33,780 [7] [INFO ] [GlobalLog] - 发送到服务器消息：Hello world
2015-03-12 16:03:38,781 [7] [INFO ] [GlobalLog] - 发送到服务器消息：Hello world
2015-03-12 16:03:43,790 [7] [INFO ] [GlobalLog] - 发送到服务器消息：Hello world
2015-03-12 16:03:45,596 [1] [INFO ] [GlobalLog] - 应用程序关闭
2015-03-12 16:04:21,037 [1] [INFO ] [GlobalLog] - 初始化服务器 192.168.163.204:52321的连接成功
2015-03-12 16:04:26,093 [7] [INFO ] [GlobalLog] - 发送到服务器消息：Hello world
2015-03-12 16:04:31,093 [7] [INFO ] [GlobalLog] - 发送到服务器消息：Hello world
2015-03-12 16:04:36,097 [7] [INFO ] [GlobalLog] - 发送到服务器消息：Hello world
2015-03-12 16:04:37,306 [1] [INFO ] [GlobalLog] - 应用程序关闭
2015-03-12 16:04:50,623 [1] [INFO ] [GlobalLog] - 初始化服务器 192.168.163.204:52321的连接成功
2015-03-12 16:04:55,683 [7] [INFO ] [GlobalLog] - 发送到服务器消息：Hello world
2015-03-12 16:05:00,687 [7] [INFO ] [GlobalLog] - 发送到服务器消息：Hello world
2015-03-12 16:05:04,681 [1] [INFO ] [GlobalLog] - 应用程序关闭
2015-03-12 16:05:46,004 [1] [INFO ] [GlobalLog] - 初始化服务器 192.168.163.204:52321的连接成功
2015-03-12 16:05:51,073 [7] [INFO ] [GlobalLog] - 发送到服务器消息：Hello world
2015-03-12 16:05:56,080 [7] [INFO ] [GlobalLog] - 发送到服务器消息：Hello world
2015-03-12 16:06:01,092 [7] [INFO ] [GlobalLog] - 发送到服务器消息：Hello world
2015-03-12 16:06:06,100 [7] [INFO ] [GlobalLog] - 发送到服务器消息：Hello world
2015-03-12 16:06:10,527 [1] [INFO ] [GlobalLog] - 应用程序关闭
2015-03-12 16:06:39,835 [1] [INFO ] [GlobalLog] - 初始化服务器 192.168.163.204:52321的连接成功
2015-03-12 16:06:44,882 [7] [INFO ] [GlobalLog] - 发送到服务器消息：Hello world
2015-03-12 16:06:49,887 [7] [INFO ] [GlobalLog] - 发送到服务器消息：Hello world
2015-03-12 16:06:54,896 [7] [INFO ] [GlobalLog] - 发送到服务器消息：Hello world
2015-03-12 16:06:59,905 [7] [INFO ] [GlobalLog] - 发送到服务器消息：Hello world
2015-03-12 16:07:01,427 [1] [INFO ] [GlobalLog] - 应用程序关闭
2015-03-12 16:07:16,910 [1] [INFO ] [GlobalLog] - 初始化服务器 192.168.163.204:52321的连接成功
2015-03-12 16:07:21,965 [7] [INFO ] [GlobalLog] - 发送到服务器消息：Hello world
2015-03-12 16:07:25,094 [1] [INFO ] [GlobalLog] - 应用程序关闭
2015-03-12 16:07:53,930 [1] [INFO ] [GlobalLog] - 初始化服务器 192.168.163.204:52321的连接成功
2015-03-12 16:07:59,006 [7] [INFO ] [GlobalLog] - 发送到服务器消息：Hello world
2015-03-12 16:08:04,004 [7] [INFO ] [GlobalLog] - 发送到服务器消息：Hello world
2015-03-12 16:08:04,400 [1] [INFO ] [GlobalLog] - 应用程序关闭
2015-03-12 16:08:20,104 [1] [INFO ] [GlobalLog] - 初始化服务器 192.168.163.204:52321的连接成功
2015-03-12 16:08:25,173 [7] [INFO ] [GlobalLog] - 发送到服务器消息：Hello world
2015-03-12 16:08:30,180 [7] [INFO ] [GlobalLog] - 发送到服务器消息：Hello world
2015-03-12 16:08:35,190 [7] [INFO ] [GlobalLog] - 发送到服务器消息：Hello world
2015-03-12 16:08:35,572 [1] [INFO ] [GlobalLog] - 应用程序关闭
2015-03-12 16:08:57,811 [1] [INFO ] [GlobalLog] - 初始化服务器 192.168.163.204:52321的连接成功
2015-03-12 16:09:02,866 [7] [INFO ] [GlobalLog] - 发送到服务器消息：Hello world
2015-03-12 16:09:07,871 [7] [INFO ] [GlobalLog] - 发送到服务器消息：Hello world
2015-03-12 16:09:12,880 [7] [INFO ] [GlobalLog] - 发送到服务器消息：Hello world
2015-03-12 16:09:17,882 [7] [INFO ] [GlobalLog] - 发送到服务器消息：Hello world
2015-03-12 16:09:19,087 [1] [INFO ] [GlobalLog] - 应用程序关闭
2015-03-12 16:09:38,776 [1] [INFO ] [GlobalLog] - 初始化服务器 192.168.163.204:52321的连接成功
2015-03-12 16:09:43,818 [7] [INFO ] [GlobalLog] - 发送到服务器消息：Hello world
2015-03-12 16:09:48,823 [7] [INFO ] [GlobalLog] - 发送到服务器消息：Hello world
2015-03-12 16:09:49,532 [1] [INFO ] [GlobalLog] - 应用程序关闭
2015-03-12 16:10:42,277 [1] [INFO ] [GlobalLog] - 初始化服务器 192.168.163.204:52321的连接成功
2015-03-12 16:10:47,337 [7] [INFO ] [GlobalLog] - 发送到服务器消息：Hello world
2015-03-12 16:10:50,887 [1] [INFO ] [GlobalLog] - 应用程序关闭
2015-03-12 16:11:17,531 [1] [INFO ] [GlobalLog] - 初始化服务器 192.168.163.204:52321的连接成功
2015-03-12 16:11:22,016 [1] [INFO ] [GlobalLog] - 应用程序关闭
2015-03-12 16:11:51,226 [1] [INFO ] [GlobalLog] - 初始化服务器 192.168.163.204:52321的连接成功
2015-03-12 16:11:56,276 [7] [INFO ] [GlobalLog] - 发送到服务器消息：Hello world
2015-03-12 16:11:58,846 [1] [INFO ] [GlobalLog] - 应用程序关闭
2015-03-12 16:12:12,814 [1] [INFO ] [GlobalLog] - 初始化服务器 192.168.163.204:52321的连接成功
2015-03-12 16:12:17,879 [7] [INFO ] [GlobalLog] - 发送到服务器消息：Hello world
2015-03-12 16:12:21,066 [1] [INFO ] [GlobalLog] - 应用程序关闭
2015-03-12 16:13:01,849 [1] [INFO ] [GlobalLog] - 初始化服务器 192.168.163.204:52321的连接成功
2015-03-12 16:13:06,930 [7] [INFO ] [GlobalLog] - 发送到服务器消息：Hello world
2015-03-12 16:13:11,934 [7] [INFO ] [GlobalLog] - 发送到服务器消息：Hello world
2015-03-12 16:13:16,943 [7] [INFO ] [GlobalLog] - 发送到服务器消息：Hello world
2015-03-12 16:13:21,200 [1] [INFO ] [GlobalLog] - 应用程序关闭
2015-03-12 16:13:32,743 [1] [INFO ] [GlobalLog] - 初始化服务器 192.168.163.204:52321的连接成功
2015-03-12 16:13:37,818 [7] [INFO ] [GlobalLog] - 发送到服务器消息：Hello world
2015-03-12 16:13:41,343 [1] [INFO ] [GlobalLog] - 应用程序关闭
2015-03-12 16:13:59,803 [1] [INFO ] [GlobalLog] - 初始化服务器 192.168.163.204:52321的连接成功
2015-03-12 16:14:04,882 [7] [INFO ] [GlobalLog] - 发送到服务器消息：Hello world
2015-03-12 16:14:09,885 [7] [INFO ] [GlobalLog] - 发送到服务器消息：Hello world
2015-03-12 16:14:14,895 [7] [INFO ] [GlobalLog] - 发送到服务器消息：Hello world
2015-03-12 16:14:19,901 [7] [INFO ] [GlobalLog] - 发送到服务器消息：Hello world
2015-03-12 16:14:24,910 [7] [INFO ] [GlobalLog] - 发送到服务器消息：Hello world
2015-03-12 16:14:29,918 [7] [INFO ] [GlobalLog] - 发送到服务器消息：Hello world
2015-03-12 16:14:32,363 [1] [INFO ] [GlobalLog] - 应用程序关闭
2015-03-12 16:16:38,801 [1] [INFO ] [GlobalLog] - 初始化服务器 192.168.163.204:52321的连接成功
2015-03-12 16:16:43,856 [7] [INFO ] [GlobalLog] - 发送到服务器消息：Hello world
2015-03-12 16:16:48,853 [7] [INFO ] [GlobalLog] - 发送到服务器消息：Hello world
2015-03-12 16:16:53,861 [7] [INFO ] [GlobalLog] - 发送到服务器消息：Hello world
2015-03-12 16:16:58,868 [7] [INFO ] [GlobalLog] - 发送到服务器消息：Hello world
2015-03-12 16:17:02,990 [1] [INFO ] [GlobalLog] - 应用程序关闭
2015-03-12 16:17:39,466 [1] [INFO ] [GlobalLog] - 初始化服务器 192.168.163.204:52321的连接成功
2015-03-12 16:17:44,517 [7] [INFO ] [GlobalLog] - 发送到服务器消息：Hello world
2015-03-12 16:17:49,523 [7] [INFO ] [GlobalLog] - 发送到服务器消息：Hello world
2015-03-12 16:17:54,530 [7] [INFO ] [GlobalLog] - 发送到服务器消息：Hello world
2015-03-12 16:17:59,539 [7] [INFO ] [GlobalLog] - 发送到服务器消息：Hello world
2015-03-12 16:18:04,540 [7] [INFO ] [GlobalLog] - 发送到服务器消息：Hello world
2015-03-12 16:18:09,550 [7] [INFO ] [GlobalLog] - 发送到服务器消息：Hello world
2015-03-12 16:18:14,561 [7] [INFO ] [GlobalLog] - 发送到服务器消息：Hello world
2015-03-12 16:18:19,568 [7] [INFO ] [GlobalLog] - 发送到服务器消息：Hello world
2015-03-12 16:18:24,584 [7] [INFO ] [GlobalLog] - 发送到服务器消息：Hello world
2015-03-12 16:18:29,577 [7] [INFO ] [GlobalLog] - 发送到服务器消息：Hello world
2015-03-12 16:18:34,589 [7] [INFO ] [GlobalLog] - 发送到服务器消息：Hello world
2015-03-12 16:18:39,596 [7] [INFO ] [GlobalLog] - 发送到服务器消息：Hello world
2015-03-12 16:18:44,580 [1] [INFO ] [GlobalLog] - 应用程序关闭
2015-03-12 16:18:56,096 [1] [INFO ] [GlobalLog] - 初始化服务器 192.168.163.204:52321的连接成功
2015-03-12 16:19:01,130 [7] [INFO ] [GlobalLog] - 发送到服务器消息：Hello world
2015-03-12 16:19:06,226 [1] [INFO ] [GlobalLog] - 应用程序关闭
2015-03-12 16:19:52,212 [1] [INFO ] [GlobalLog] - 初始化服务器 192.168.163.204:52321的连接成功
2015-03-12 16:19:57,256 [7] [INFO ] [GlobalLog] - 发送到服务器消息：Hello world
2015-03-12 16:20:02,262 [7] [INFO ] [GlobalLog] - 发送到服务器消息：Hello world
2015-03-12 16:20:07,272 [7] [INFO ] [GlobalLog] - 发送到服务器消息：Hello world
2015-03-12 16:20:12,280 [7] [INFO ] [GlobalLog] - 发送到服务器消息：Hello world
2015-03-12 16:20:17,281 [7] [INFO ] [GlobalLog] - 发送到服务器消息：Hello world
2015-03-12 16:20:21,460 [1] [INFO ] [GlobalLog] - 应用程序关闭
2015-03-12 16:24:07,293 [1] [INFO ] [GlobalLog] - 初始化服务器 192.168.163.204:52321的连接成功
2015-03-12 16:24:12,316 [7] [INFO ] [GlobalLog] - 发送到服务器消息：Hello world
2015-03-12 16:24:17,322 [7] [INFO ] [GlobalLog] - 发送到服务器消息：Hello world
2015-03-12 16:24:22,332 [7] [INFO ] [GlobalLog] - 发送到服务器消息：Hello world
2015-03-12 16:24:27,344 [7] [INFO ] [GlobalLog] - 发送到服务器消息：Hello world
2015-03-12 16:24:27,821 [1] [INFO ] [GlobalLog] - 应用程序关闭
2015-03-12 16:24:48,244 [1] [INFO ] [GlobalLog] - 初始化服务器 192.168.163.204:52321的连接成功
2015-03-12 16:24:53,297 [7] [INFO ] [GlobalLog] - 发送到服务器消息：Hello world
2015-03-12 16:24:58,305 [7] [INFO ] [GlobalLog] - 发送到服务器消息：Hello world
2015-03-12 16:25:00,445 [1] [INFO ] [GlobalLog] - 应用程序关闭
2015-03-12 16:25:16,825 [1] [INFO ] [GlobalLog] - 初始化服务器 192.168.163.204:52321的连接成功
2015-03-12 16:25:21,959 [7] [INFO ] [GlobalLog] - 发送到服务器消息：Hello world
2015-03-12 16:25:26,964 [7] [INFO ] [GlobalLog] - 发送到服务器消息：Hello world
2015-03-12 16:25:31,856 [1] [INFO ] [GlobalLog] - 应用程序关闭
2015-03-12 16:26:44,103 [1] [INFO ] [GlobalLog] - 初始化服务器 192.168.163.204:52321的连接成功
2015-03-12 16:26:49,147 [7] [INFO ] [GlobalLog] - 发送到服务器消息：Hello world
2015-03-12 16:26:54,150 [7] [INFO ] [GlobalLog] - 发送到服务器消息：Hello world
2015-03-12 16:26:56,560 [1] [INFO ] [GlobalLog] - 应用程序关闭
2015-03-12 16:27:35,948 [1] [INFO ] [GlobalLog] - 初始化服务器 192.168.163.204:52321的连接成功
2015-03-12 16:27:41,002 [7] [INFO ] [GlobalLog] - 发送到服务器消息：Hello world
2015-03-12 16:27:46,005 [7] [INFO ] [GlobalLog] - 发送到服务器消息：Hello world
2015-03-12 16:27:51,016 [7] [INFO ] [GlobalLog] - 发送到服务器消息：Hello world
2015-03-12 16:27:52,415 [1] [INFO ] [GlobalLog] - 应用程序关闭
2015-03-12 16:30:50,822 [1] [INFO ] [GlobalLog] - 初始化服务器 192.168.163.204:52321的连接成功
2015-03-12 16:30:55,880 [7] [INFO ] [GlobalLog] - 发送到服务器消息：Hello world
2015-03-12 16:31:00,878 [7] [INFO ] [GlobalLog] - 发送到服务器消息：Hello world
2015-03-12 16:31:05,888 [7] [INFO ] [GlobalLog] - 发送到服务器消息：Hello world
2015-03-12 16:31:10,896 [7] [INFO ] [GlobalLog] - 发送到服务器消息：Hello world
2015-03-12 16:31:15,904 [7] [INFO ] [GlobalLog] - 发送到服务器消息：Hello world
2015-03-12 16:31:16,868 [1] [INFO ] [GlobalLog] - 应用程序关闭
2015-03-12 16:31:41,496 [1] [INFO ] [GlobalLog] - 初始化服务器 192.168.163.204:52321的连接成功
2015-03-12 16:31:46,570 [7] [INFO ] [GlobalLog] - 发送到服务器消息：Hello world
2015-03-12 16:31:51,567 [7] [INFO ] [GlobalLog] - 发送到服务器消息：Hello world
2015-03-12 16:31:56,576 [7] [INFO ] [GlobalLog] - 发送到服务器消息：Hello world
2015-03-12 16:32:01,584 [7] [INFO ] [GlobalLog] - 发送到服务器消息：Hello world
2015-03-12 16:32:06,591 [7] [INFO ] [GlobalLog] - 发送到服务器消息：Hello world
2015-03-12 16:32:11,600 [7] [INFO ] [GlobalLog] - 发送到服务器消息：Hello world
2015-03-12 16:32:16,609 [7] [INFO ] [GlobalLog] - 发送到服务器消息：Hello world
2015-03-12 16:32:21,616 [7] [INFO ] [GlobalLog] - 发送到服务器消息：Hello world
2015-03-12 16:32:26,616 [7] [INFO ] [GlobalLog] - 发送到服务器消息：Hello world
2015-03-12 16:32:31,626 [7] [INFO ] [GlobalLog] - 发送到服务器消息：Hello world
2015-03-12 16:32:36,634 [7] [INFO ] [GlobalLog] - 发送到服务器消息：Hello world
2015-03-12 16:32:38,827 [1] [INFO ] [GlobalLog] - 应用程序关闭
2015-03-12 16:35:08,581 [1] [INFO ] [GlobalLog] - 初始化服务器 192.168.163.204:52321的连接成功
2015-03-12 16:35:13,655 [7] [INFO ] [GlobalLog] - 发送到服务器消息：Hello world
2015-03-12 16:35:18,658 [7] [INFO ] [GlobalLog] - 发送到服务器消息：Hello world
2015-03-12 16:35:23,666 [7] [INFO ] [GlobalLog] - 发送到服务器消息：Hello world
2015-03-12 16:35:23,972 [1] [INFO ] [GlobalLog] - 应用程序关闭
2015-03-12 16:35:46,791 [1] [INFO ] [GlobalLog] - 初始化服务器 192.168.163.204:52321的连接成功
2015-03-12 16:35:51,873 [7] [INFO ] [GlobalLog] - 发送到服务器消息：Hello world
2015-03-12 16:35:56,878 [7] [INFO ] [GlobalLog] - 发送到服务器消息：Hello world
2015-03-12 16:36:01,886 [7] [INFO ] [GlobalLog] - 发送到服务器消息：Hello world
2015-03-12 16:36:06,895 [7] [INFO ] [GlobalLog] - 发送到服务器消息：Hello world
2015-03-12 16:36:11,903 [7] [INFO ] [GlobalLog] - 发送到服务器消息：Hello world
2015-03-12 16:36:16,913 [7] [INFO ] [GlobalLog] - 发送到服务器消息：Hello world
2015-03-12 16:36:17,028 [1] [INFO ] [GlobalLog] - 应用程序关闭
2015-03-12 16:39:58,553 [1] [INFO ] [GlobalLog] - 初始化服务器 192.168.163.204:52321的连接成功
2015-03-12 16:40:03,619 [7] [INFO ] [GlobalLog] - 发送到服务器消息：Hello world
2015-03-12 16:40:08,620 [7] [INFO ] [GlobalLog] - 发送到服务器消息：Hello world
2015-03-12 16:40:13,636 [7] [INFO ] [GlobalLog] - 发送到服务器消息：Hello world
2015-03-12 16:40:14,077 [1] [INFO ] [GlobalLog] - 应用程序关闭
2015-03-12 16:40:36,581 [1] [INFO ] [GlobalLog] - 初始化服务器 192.168.163.204:52321的连接成功
2015-03-12 16:40:41,659 [7] [INFO ] [GlobalLog] - 发送到服务器消息：Hello world
2015-03-12 16:40:43,639 [1] [INFO ] [GlobalLog] - 应用程序关闭
2015-03-12 16:48:58,454 [1] [INFO ] [GlobalLog] - 初始化服务器 192.168.163.204:52321的连接成功
2015-03-12 16:49:03,499 [7] [INFO ] [GlobalLog] - 发送到服务器消息：Hello world
2015-03-12 16:49:08,505 [7] [INFO ] [GlobalLog] - 发送到服务器消息：Hello world
2015-03-12 16:49:13,515 [7] [INFO ] [GlobalLog] - 发送到服务器消息：Hello world
2015-03-12 16:49:18,525 [7] [INFO ] [GlobalLog] - 发送到服务器消息：Hello world
2015-03-12 16:49:23,525 [7] [INFO ] [GlobalLog] - 发送到服务器消息：Hello world
2015-03-12 16:49:28,534 [7] [INFO ] [GlobalLog] - 发送到服务器消息：Hello world
2015-03-12 16:49:33,545 [7] [INFO ] [GlobalLog] - 发送到服务器消息：Hello world
2015-03-12 16:49:38,553 [7] [INFO ] [GlobalLog] - 发送到服务器消息：Hello world
2015-03-12 16:49:43,564 [7] [INFO ] [GlobalLog] - 发送到服务器消息：Hello world
2015-03-12 16:49:48,570 [7] [INFO ] [GlobalLog] - 发送到服务器消息：Hello world
2015-03-12 16:49:53,411 [1] [INFO ] [GlobalLog] - 应用程序关闭
2015-03-12 16:50:45,557 [1] [INFO ] [GlobalLog] - 初始化服务器 192.168.163.204:52321的连接成功
2015-03-12 16:50:50,612 [7] [INFO ] [GlobalLog] - 发送到服务器消息：Hello world
2015-03-12 16:50:55,619 [7] [INFO ] [GlobalLog] - 发送到服务器消息：Hello world
2015-03-12 16:51:00,629 [7] [INFO ] [GlobalLog] - 发送到服务器消息：Hello world
2015-03-12 16:51:03,165 [1] [INFO ] [GlobalLog] - 应用程序关闭
2015-03-12 16:51:08,256 [1] [INFO ] [GlobalLog] - 初始化服务器 192.168.163.204:52321的连接成功
2015-03-12 16:51:13,293 [7] [INFO ] [GlobalLog] - 发送到服务器消息：Hello world
2015-03-12 16:51:14,914 [1] [INFO ] [GlobalLog] - 应用程序关闭
2015-03-12 16:53:09,045 [1] [INFO ] [GlobalLog] - 初始化服务器 192.168.163.204:52321的连接成功
2015-03-12 16:53:14,102 [7] [INFO ] [GlobalLog] - 发送到服务器消息：Hello world
2015-03-12 16:53:19,106 [7] [INFO ] [GlobalLog] - 发送到服务器消息：Hello world
2015-03-12 16:53:24,115 [7] [INFO ] [GlobalLog] - 发送到服务器消息：Hello world
2015-03-12 16:53:27,337 [1] [INFO ] [GlobalLog] - 应用程序关闭
2015-03-12 16:54:02,958 [1] [INFO ] [GlobalLog] - 初始化服务器 192.168.163.204:52321的连接成功
2015-03-12 16:54:08,038 [7] [INFO ] [GlobalLog] - 发送到服务器消息：Hello world
2015-03-12 16:54:13,080 [1] [INFO ] [GlobalLog] - 应用程序关闭
2015-03-12 16:54:22,549 [1] [INFO ] [GlobalLog] - 初始化服务器 192.168.163.204:52321的连接成功
2015-03-12 16:54:27,642 [7] [INFO ] [GlobalLog] - 发送到服务器消息：Hello world
2015-03-12 16:54:32,641 [7] [INFO ] [GlobalLog] - 发送到服务器消息：Hello world
2015-03-12 16:54:37,650 [7] [INFO ] [GlobalLog] - 发送到服务器消息：Hello world
2015-03-12 16:54:42,659 [7] [INFO ] [GlobalLog] - 发送到服务器消息：Hello world
2015-03-12 16:54:47,669 [7] [INFO ] [GlobalLog] - 发送到服务器消息：Hello world
2015-03-12 16:54:52,678 [7] [INFO ] [GlobalLog] - 发送到服务器消息：Hello world
2015-03-12 16:54:57,688 [7] [INFO ] [GlobalLog] - 发送到服务器消息：Hello world
2015-03-12 16:55:02,688 [7] [INFO ] [GlobalLog] - 发送到服务器消息：Hello world
2015-03-12 16:55:07,696 [7] [INFO ] [GlobalLog] - 发送到服务器消息：Hello world
2015-03-12 16:55:09,244 [1] [INFO ] [GlobalLog] - 应用程序关闭
2015-03-12 16:55:26,451 [1] [INFO ] [GlobalLog] - 初始化服务器 192.168.163.204:52321的连接成功
2015-03-12 16:55:30,779 [1] [INFO ] [GlobalLog] - 应用程序关闭
2015-03-12 16:55:42,515 [1] [INFO ] [GlobalLog] - 初始化服务器 192.168.163.204:52321的连接成功
2015-03-12 16:55:47,639 [7] [INFO ] [GlobalLog] - 发送到服务器消息：Hello world
2015-03-12 16:55:52,642 [7] [INFO ] [GlobalLog] - 发送到服务器消息：Hello world
2015-03-12 16:55:57,651 [7] [INFO ] [GlobalLog] - 发送到服务器消息：Hello world
2015-03-12 16:56:02,660 [7] [INFO ] [GlobalLog] - 发送到服务器消息：Hello world
2015-03-12 16:56:07,661 [7] [INFO ] [GlobalLog] - 发送到服务器消息：Hello world
2015-03-12 16:56:07,838 [1] [INFO ] [GlobalLog] - 应用程序关闭
2015-03-12 16:56:15,695 [1] [INFO ] [GlobalLog] - 初始化服务器 192.168.163.204:52321的连接成功
2015-03-12 16:56:20,159 [1] [INFO ] [GlobalLog] - 应用程序关闭
2015-03-12 16:57:03,908 [1] [INFO ] [GlobalLog] - 初始化服务器 192.168.163.204:52321的连接成功
2015-03-12 16:57:08,974 [7] [INFO ] [GlobalLog] - 发送到服务器消息：Hello world
2015-03-12 16:57:12,700 [1] [INFO ] [GlobalLog] - 应用程序关闭
2015-03-12 16:59:10,302 [1] [INFO ] [GlobalLog] - 初始化服务器 192.168.163.204:52321的连接成功
2015-03-12 16:59:15,354 [7] [INFO ] [GlobalLog] - 发送到服务器消息：Hello world
2015-03-12 16:59:18,311 [1] [INFO ] [GlobalLog] - 应用程序关闭
2015-03-12 16:59:33,825 [1] [INFO ] [GlobalLog] - 初始化服务器 192.168.163.204:52321的连接成功
2015-03-12 16:59:38,883 [7] [INFO ] [GlobalLog] - 发送到服务器消息：Hello world
2015-03-12 16:59:43,885 [7] [INFO ] [GlobalLog] - 发送到服务器消息：Hello world
2015-03-12 16:59:48,891 [7] [INFO ] [GlobalLog] - 发送到服务器消息：Hello world
2015-03-12 16:59:51,189 [1] [INFO ] [GlobalLog] - 应用程序关闭
2015-03-12 17:00:12,146 [1] [INFO ] [GlobalLog] - 初始化服务器 192.168.163.204:52321的连接成功
2015-03-12 17:00:17,210 [7] [INFO ] [GlobalLog] - 发送到服务器消息：Hello world
2015-03-12 17:00:22,207 [7] [INFO ] [GlobalLog] - 发送到服务器消息：Hello world
2015-03-12 17:00:27,216 [7] [INFO ] [GlobalLog] - 发送到服务器消息：Hello world
2015-03-12 17:00:32,226 [7] [INFO ] [GlobalLog] - 发送到服务器消息：Hello world
2015-03-12 17:00:37,235 [7] [INFO ] [GlobalLog] - 发送到服务器消息：Hello world
2015-03-12 17:00:42,241 [7] [INFO ] [GlobalLog] - 发送到服务器消息：Hello world
2015-03-12 17:00:47,258 [7] [INFO ] [GlobalLog] - 发送到服务器消息：Hello world
2015-03-12 17:00:52,259 [7] [INFO ] [GlobalLog] - 发送到服务器消息：Hello world
2015-03-12 17:00:56,665 [1] [INFO ] [GlobalLog] - 应用程序关闭
2015-03-12 17:01:01,256 [1] [INFO ] [GlobalLog] - 初始化服务器 192.168.163.204:52321的连接成功
2015-03-12 17:01:06,334 [7] [INFO ] [GlobalLog] - 发送到服务器消息：Hello world
2015-03-12 17:01:07,844 [1] [INFO ] [GlobalLog] - 应用程序关闭
2015-03-12 17:01:50,858 [1] [INFO ] [GlobalLog] - 初始化服务器 192.168.163.204:52321的连接成功
2015-03-12 17:01:55,937 [7] [INFO ] [GlobalLog] - 发送到服务器消息：Hello world
2015-03-12 17:02:00,913 [7] [INFO ] [GlobalLog] - 发送到服务器消息：Hello world
2015-03-12 17:02:05,926 [7] [INFO ] [GlobalLog] - 发送到服务器消息：Hello world
2015-03-12 17:02:10,928 [7] [INFO ] [GlobalLog] - 发送到服务器消息：Hello world
2015-03-12 17:02:15,736 [1] [INFO ] [GlobalLog] - 应用程序关闭
2015-03-12 17:03:36,416 [1] [INFO ] [GlobalLog] - 初始化服务器 192.168.163.204:52321的连接成功
2015-03-12 17:03:41,486 [7] [INFO ] [GlobalLog] - 发送到服务器消息：Hello world
2015-03-12 17:03:46,479 [7] [INFO ] [GlobalLog] - 发送到服务器消息：Hello world
2015-03-12 17:03:51,489 [7] [INFO ] [GlobalLog] - 发送到服务器消息：Hello world
2015-03-12 17:03:56,496 [7] [INFO ] [GlobalLog] - 发送到服务器消息：Hello world
2015-03-12 17:04:01,506 [7] [INFO ] [GlobalLog] - 发送到服务器消息：Hello world
2015-03-12 17:04:02,185 [1] [INFO ] [GlobalLog] - 应用程序关闭
2015-03-12 17:07:47,161 [1] [INFO ] [GlobalLog] - 初始化服务器 192.168.163.204:52321的连接成功
2015-03-12 17:07:52,198 [7] [INFO ] [GlobalLog] - 发送到服务器消息：Hello world
2015-03-12 17:07:57,205 [7] [INFO ] [GlobalLog] - 发送到服务器消息：Hello world
2015-03-12 17:08:02,212 [7] [INFO ] [GlobalLog] - 发送到服务器消息：Hello world
2015-03-12 17:08:07,230 [7] [INFO ] [GlobalLog] - 发送到服务器消息：Hello world
2015-03-12 17:08:12,229 [7] [INFO ] [GlobalLog] - 发送到服务器消息：Hello world
2015-03-12 17:08:16,849 [1] [INFO ] [GlobalLog] - 应用程序关闭
