2015-03-06 15:03:35,425 [1] [INFO ] [GlobalLog] - 注册控制台事件成功
2015-03-06 15:03:35,449 [1] [INFO ] [GlobalLog] - 开始加载配置文件
2015-03-06 15:03:35,795 [1] [INFO ] [GlobalLog] - 加载服务器配置文件ServerConfig.xml成功
2015-03-06 15:03:35,798 [1] [INFO ] [GlobalLog] - 开始启动服务器，
2015-03-06 15:03:35,818 [1] [ERROR] [GlobalLog] - 启动服务器失败，程序退出
2015-03-06 15:03:35,856 [ServerThread] [ERROR] [GlobalLog] - 开启服务器监听线程失败：System.Net.Sockets.SocketException (0x80004005): 通常每个套接字地址(协议/网络地址/端口)只允许使用一次。
   在 System.Net.Sockets.Socket.DoBind(EndPoint endPointSnapshot, SocketAddress socketAddress)
   在 System.Net.Sockets.Socket.Bind(EndPoint localEP)
   在 System.Net.Sockets.TcpListener.Start(Int32 backlog)
   在 MonitorServerConsole.Utils.Sockets.TcpListenerEx.Listen() 位置 e:\工作相关\ModificationWorks\FIDS Advance Solution\MonitorServerConsole\Utils\Sockets\TcpListenerEx.cs:行号 117
2015-03-06 15:03:44,140 [1] [INFO ] [GlobalLog] - 注册控制台事件成功
2015-03-06 15:03:44,165 [1] [INFO ] [GlobalLog] - 开始加载配置文件
2015-03-06 15:03:44,439 [1] [INFO ] [GlobalLog] - 加载服务器配置文件ServerConfig.xml成功
2015-03-06 15:03:44,441 [1] [INFO ] [GlobalLog] - 开始启动服务器，
2015-03-06 15:03:44,458 [1] [INFO ] [GlobalLog] - 绑定服务器192.168.163.163:52321成功
2015-03-06 15:03:44,460 [1] [INFO ] [GlobalLog] - 当前机器4核，计划创建4个连接池
2015-03-06 15:03:44,476 [1] [INFO ] [GlobalLog] - 连接池 [连接池1]初始化成功
2015-03-06 15:03:44,479 [1] [INFO ] [GlobalLog] - 连接池 [连接池2]初始化成功
2015-03-06 15:03:44,481 [1] [INFO ] [GlobalLog] - 连接池 [连接池3]初始化成功
2015-03-06 15:03:44,483 [1] [INFO ] [GlobalLog] - 连接池 [连接池4]初始化成功
2015-03-06 15:03:44,486 [1] [INFO ] [GlobalLog] - 连接池 [连接池5]初始化成功
2015-03-06 15:03:44,494 [1] [INFO ] [GlobalLog] - 连接池 [连接池6]初始化成功
2015-03-06 15:03:44,495 [1] [INFO ] [GlobalLog] - 启动服务器成功
2015-03-06 15:03:45,450 [ServerThread] [INFO ] [GlobalLog] - 服务器开始接受等待新链接---------------
2015-03-06 15:10:18,662 [1] [INFO ] [GlobalLog] - 注册控制台事件成功
2015-03-06 15:10:18,687 [1] [INFO ] [GlobalLog] - 开始加载配置文件
2015-03-06 15:10:18,946 [1] [INFO ] [GlobalLog] - 加载服务器配置文件ServerConfig.xml成功
2015-03-06 15:10:18,948 [1] [INFO ] [GlobalLog] - 开始启动服务器，
2015-03-06 15:10:18,963 [1] [INFO ] [GlobalLog] - 绑定服务器192.168.163.163:52321成功
2015-03-06 15:10:18,964 [1] [INFO ] [GlobalLog] - 当前机器4核，计划创建4个连接池
2015-03-06 15:10:18,968 [1] [INFO ] [GlobalLog] - 连接池 [连接池1]初始化成功
2015-03-06 15:10:18,970 [1] [INFO ] [GlobalLog] - 连接池 [连接池2]初始化成功
2015-03-06 15:10:18,972 [1] [INFO ] [GlobalLog] - 连接池 [连接池3]初始化成功
2015-03-06 15:10:18,975 [1] [INFO ] [GlobalLog] - 连接池 [连接池4]初始化成功
2015-03-06 15:10:18,977 [1] [INFO ] [GlobalLog] - 连接池 [连接池5]初始化成功
2015-03-06 15:10:18,979 [1] [INFO ] [GlobalLog] - 连接池 [连接池6]初始化成功
2015-03-06 15:10:18,980 [1] [INFO ] [GlobalLog] - 启动服务器成功
2015-03-06 15:10:19,972 [ServerThread] [INFO ] [GlobalLog] - 服务器开始接受等待新链接---------------
2015-03-06 15:10:37,677 [1] [INFO ] [GlobalLog] - 注册控制台事件成功
2015-03-06 15:10:37,702 [1] [INFO ] [GlobalLog] - 开始加载配置文件
2015-03-06 15:10:38,026 [1] [INFO ] [GlobalLog] - 加载服务器配置文件ServerConfig.xml成功
2015-03-06 15:10:38,028 [1] [INFO ] [GlobalLog] - 开始启动服务器，
2015-03-06 15:10:38,047 [1] [INFO ] [GlobalLog] - 绑定服务器192.168.163.163:52321成功
2015-03-06 15:10:38,052 [1] [INFO ] [GlobalLog] - 当前机器4核，计划创建4个连接池
2015-03-06 15:10:38,058 [1] [INFO ] [GlobalLog] - 连接池 [连接池1]初始化成功
2015-03-06 15:10:38,062 [1] [INFO ] [GlobalLog] - 连接池 [连接池2]初始化成功
2015-03-06 15:10:38,065 [1] [INFO ] [GlobalLog] - 连接池 [连接池3]初始化成功
2015-03-06 15:10:38,068 [1] [INFO ] [GlobalLog] - 连接池 [连接池4]初始化成功
2015-03-06 15:10:38,071 [1] [INFO ] [GlobalLog] - 连接池 [连接池5]初始化成功
2015-03-06 15:10:38,073 [1] [INFO ] [GlobalLog] - 连接池 [连接池6]初始化成功
2015-03-06 15:10:38,077 [1] [INFO ] [GlobalLog] - 连接池 [连接池7]初始化成功
2015-03-06 15:10:38,080 [1] [INFO ] [GlobalLog] - 连接池 [连接池8]初始化成功
2015-03-06 15:10:38,083 [1] [INFO ] [GlobalLog] - 连接池 [连接池9]初始化成功
2015-03-06 15:10:38,086 [1] [INFO ] [GlobalLog] - 连接池 [连接池10]初始化成功
2015-03-06 15:10:38,089 [1] [INFO ] [GlobalLog] - 连接池 [连接池11]初始化成功
2015-03-06 15:10:38,093 [1] [INFO ] [GlobalLog] - 连接池 [连接池12]初始化成功
2015-03-06 15:10:38,097 [1] [INFO ] [GlobalLog] - 连接池 [连接池13]初始化成功
2015-03-06 15:10:38,100 [1] [INFO ] [GlobalLog] - 连接池 [连接池14]初始化成功
2015-03-06 15:10:38,103 [1] [INFO ] [GlobalLog] - 连接池 [连接池15]初始化成功
2015-03-06 15:10:38,105 [1] [INFO ] [GlobalLog] - 连接池 [连接池16]初始化成功
2015-03-06 15:10:38,108 [1] [INFO ] [GlobalLog] - 连接池 [连接池17]初始化成功
2015-03-06 15:10:38,112 [1] [INFO ] [GlobalLog] - 连接池 [连接池18]初始化成功
2015-03-06 15:10:38,115 [1] [INFO ] [GlobalLog] - 连接池 [连接池19]初始化成功
2015-03-06 15:10:38,119 [1] [INFO ] [GlobalLog] - 连接池 [连接池20]初始化成功
2015-03-06 15:10:38,122 [1] [INFO ] [GlobalLog] - 连接池 [连接池21]初始化成功
2015-03-06 15:10:38,129 [1] [INFO ] [GlobalLog] - 连接池 [连接池22]初始化成功
2015-03-06 15:10:38,133 [1] [INFO ] [GlobalLog] - 连接池 [连接池23]初始化成功
2015-03-06 15:10:38,137 [1] [INFO ] [GlobalLog] - 连接池 [连接池24]初始化成功
2015-03-06 15:10:38,140 [1] [INFO ] [GlobalLog] - 连接池 [连接池25]初始化成功
2015-03-06 15:10:38,145 [1] [INFO ] [GlobalLog] - 连接池 [连接池26]初始化成功
2015-03-06 15:10:38,149 [1] [INFO ] [GlobalLog] - 连接池 [连接池27]初始化成功
2015-03-06 15:10:38,152 [1] [INFO ] [GlobalLog] - 连接池 [连接池28]初始化成功
2015-03-06 15:10:38,156 [1] [INFO ] [GlobalLog] - 连接池 [连接池29]初始化成功
2015-03-06 15:10:38,162 [1] [INFO ] [GlobalLog] - 连接池 [连接池30]初始化成功
2015-03-06 15:10:38,166 [1] [INFO ] [GlobalLog] - 连接池 [连接池31]初始化成功
2015-03-06 15:10:38,171 [1] [INFO ] [GlobalLog] - 连接池 [连接池32]初始化成功
2015-03-06 15:10:38,177 [1] [INFO ] [GlobalLog] - 连接池 [连接池33]初始化成功
2015-03-06 15:10:38,180 [1] [INFO ] [GlobalLog] - 连接池 [连接池34]初始化成功
2015-03-06 15:10:38,184 [1] [INFO ] [GlobalLog] - 连接池 [连接池35]初始化成功
2015-03-06 15:10:38,187 [1] [INFO ] [GlobalLog] - 连接池 [连接池36]初始化成功
2015-03-06 15:10:38,194 [1] [INFO ] [GlobalLog] - 连接池 [连接池37]初始化成功
2015-03-06 15:10:38,198 [1] [INFO ] [GlobalLog] - 连接池 [连接池38]初始化成功
2015-03-06 15:10:38,201 [1] [INFO ] [GlobalLog] - 连接池 [连接池39]初始化成功
2015-03-06 15:10:38,204 [1] [INFO ] [GlobalLog] - 连接池 [连接池40]初始化成功
2015-03-06 15:10:38,210 [1] [INFO ] [GlobalLog] - 连接池 [连接池41]初始化成功
2015-03-06 15:10:38,214 [1] [INFO ] [GlobalLog] - 连接池 [连接池42]初始化成功
2015-03-06 15:10:38,217 [1] [INFO ] [GlobalLog] - 连接池 [连接池43]初始化成功
2015-03-06 15:10:38,220 [1] [INFO ] [GlobalLog] - 连接池 [连接池44]初始化成功
2015-03-06 15:10:38,224 [1] [INFO ] [GlobalLog] - 连接池 [连接池45]初始化成功
2015-03-06 15:10:38,228 [1] [INFO ] [GlobalLog] - 连接池 [连接池46]初始化成功
2015-03-06 15:10:38,232 [1] [INFO ] [GlobalLog] - 连接池 [连接池47]初始化成功
2015-03-06 15:10:38,235 [1] [INFO ] [GlobalLog] - 连接池 [连接池48]初始化成功
2015-03-06 15:10:38,240 [1] [INFO ] [GlobalLog] - 连接池 [连接池49]初始化成功
2015-03-06 15:10:38,245 [1] [INFO ] [GlobalLog] - 连接池 [连接池50]初始化成功
2015-03-06 15:10:38,248 [1] [INFO ] [GlobalLog] - 连接池 [连接池51]初始化成功
2015-03-06 15:10:38,252 [1] [INFO ] [GlobalLog] - 连接池 [连接池52]初始化成功
2015-03-06 15:10:38,255 [1] [INFO ] [GlobalLog] - 连接池 [连接池53]初始化成功
2015-03-06 15:10:38,259 [1] [INFO ] [GlobalLog] - 连接池 [连接池54]初始化成功
2015-03-06 15:10:38,263 [1] [INFO ] [GlobalLog] - 连接池 [连接池55]初始化成功
2015-03-06 15:10:38,267 [1] [INFO ] [GlobalLog] - 连接池 [连接池56]初始化成功
2015-03-06 15:10:38,271 [1] [INFO ] [GlobalLog] - 连接池 [连接池57]初始化成功
2015-03-06 15:10:38,274 [1] [INFO ] [GlobalLog] - 连接池 [连接池58]初始化成功
2015-03-06 15:10:38,278 [1] [INFO ] [GlobalLog] - 连接池 [连接池59]初始化成功
2015-03-06 15:10:38,282 [1] [INFO ] [GlobalLog] - 连接池 [连接池60]初始化成功
2015-03-06 15:10:38,284 [1] [INFO ] [GlobalLog] - 启动服务器成功
2015-03-06 15:10:39,038 [ServerThread] [INFO ] [GlobalLog] - 服务器开始接受等待新链接---------------
2015-03-06 15:10:59,051 [1] [INFO ] [GlobalLog] - 注册控制台事件成功
2015-03-06 15:10:59,091 [1] [INFO ] [GlobalLog] - 开始加载配置文件
2015-03-06 15:10:59,429 [1] [INFO ] [GlobalLog] - 加载服务器配置文件ServerConfig.xml成功
2015-03-06 15:10:59,430 [1] [INFO ] [GlobalLog] - 开始启动服务器，
2015-03-06 15:10:59,444 [1] [INFO ] [GlobalLog] - 绑定服务器192.168.163.163:52321成功
2015-03-06 15:10:59,446 [1] [INFO ] [GlobalLog] - 当前机器4核，计划创建4个连接池
2015-03-06 15:10:59,449 [1] [INFO ] [GlobalLog] - 连接池 [连接池1]初始化成功
2015-03-06 15:10:59,452 [1] [INFO ] [GlobalLog] - 连接池 [连接池2]初始化成功
2015-03-06 15:10:59,453 [1] [INFO ] [GlobalLog] - 连接池 [连接池3]初始化成功
2015-03-06 15:10:59,455 [1] [INFO ] [GlobalLog] - 连接池 [连接池4]初始化成功
2015-03-06 15:10:59,457 [1] [INFO ] [GlobalLog] - 连接池 [连接池5]初始化成功
2015-03-06 15:10:59,459 [1] [INFO ] [GlobalLog] - 连接池 [连接池6]初始化成功
2015-03-06 15:10:59,460 [1] [INFO ] [GlobalLog] - 启动服务器成功
2015-03-06 15:11:00,439 [ServerThread] [INFO ] [GlobalLog] - 服务器开始接受等待新链接---------------
2015-03-06 15:12:34,360 [1] [INFO ] [GlobalLog] - 注册控制台事件成功
2015-03-06 15:12:34,402 [1] [INFO ] [GlobalLog] - 开始加载配置文件
2015-03-06 15:12:34,743 [1] [INFO ] [GlobalLog] - 加载服务器配置文件ServerConfig.xml成功
2015-03-06 15:12:34,744 [1] [INFO ] [GlobalLog] - 开始启动服务器，
2015-03-06 15:12:34,759 [1] [INFO ] [GlobalLog] - 绑定服务器192.168.163.163:52321成功
2015-03-06 15:12:34,760 [1] [INFO ] [GlobalLog] - 当前机器4核，计划创建4个连接池
2015-03-06 15:12:34,764 [1] [INFO ] [GlobalLog] - 连接池 [连接池1]初始化成功
2015-03-06 15:12:34,766 [1] [INFO ] [GlobalLog] - 连接池 [连接池2]初始化成功
2015-03-06 15:12:34,769 [1] [INFO ] [GlobalLog] - 连接池 [连接池3]初始化成功
2015-03-06 15:12:34,771 [1] [INFO ] [GlobalLog] - 连接池 [连接池4]初始化成功
2015-03-06 15:12:34,773 [1] [INFO ] [GlobalLog] - 连接池 [连接池5]初始化成功
2015-03-06 15:12:34,775 [1] [INFO ] [GlobalLog] - 连接池 [连接池6]初始化成功
2015-03-06 15:12:34,777 [1] [INFO ] [GlobalLog] - 连接池 [连接池7]初始化成功
2015-03-06 15:12:34,779 [1] [INFO ] [GlobalLog] - 连接池 [连接池8]初始化成功
2015-03-06 15:12:34,781 [1] [INFO ] [GlobalLog] - 启动服务器成功
2015-03-06 15:12:35,761 [ServerThread] [INFO ] [GlobalLog] - 服务器开始接受等待新链接---------------
2015-03-06 15:15:41,402 [1] [INFO ] [GlobalLog] - 注册控制台事件成功
2015-03-06 15:15:41,434 [1] [INFO ] [GlobalLog] - 开始加载配置文件
2015-03-06 15:15:41,886 [1] [INFO ] [GlobalLog] - 加载服务器配置文件ServerConfig.xml成功
2015-03-06 15:15:41,889 [1] [INFO ] [GlobalLog] - 开始启动服务器，
2015-03-06 15:15:41,914 [1] [INFO ] [GlobalLog] - 绑定服务器192.168.163.163:52321成功
2015-03-06 15:15:41,916 [1] [INFO ] [GlobalLog] - 当前机器4核，计划创建4个连接池
2015-03-06 15:15:41,924 [1] [INFO ] [GlobalLog] - 连接池 [连接池1]初始化成功
2015-03-06 15:15:41,928 [1] [INFO ] [GlobalLog] - 连接池 [连接池2]初始化成功
2015-03-06 15:15:41,931 [1] [INFO ] [GlobalLog] - 连接池 [连接池3]初始化成功
2015-03-06 15:15:41,935 [1] [INFO ] [GlobalLog] - 连接池 [连接池4]初始化成功
2015-03-06 15:15:41,940 [1] [INFO ] [GlobalLog] - 连接池 [连接池5]初始化成功
2015-03-06 15:15:41,943 [1] [INFO ] [GlobalLog] - 连接池 [连接池6]初始化成功
2015-03-06 15:15:41,947 [1] [INFO ] [GlobalLog] - 连接池 [连接池7]初始化成功
2015-03-06 15:15:41,950 [1] [INFO ] [GlobalLog] - 连接池 [连接池8]初始化成功
2015-03-06 15:15:41,953 [1] [INFO ] [GlobalLog] - 启动服务器成功
2015-03-06 15:15:42,902 [ServerThread] [INFO ] [GlobalLog] - 服务器开始接受等待新链接---------------
2015-03-06 15:16:23,858 [1] [INFO ] [GlobalLog] - 注册控制台事件成功
2015-03-06 15:16:23,886 [1] [INFO ] [GlobalLog] - 开始加载配置文件
2015-03-06 15:16:24,200 [1] [INFO ] [GlobalLog] - 加载服务器配置文件ServerConfig.xml成功
2015-03-06 15:16:24,202 [1] [INFO ] [GlobalLog] - 开始启动服务器，
2015-03-06 15:16:24,218 [1] [INFO ] [GlobalLog] - 绑定服务器192.168.163.163:52321成功
2015-03-06 15:16:24,221 [1] [INFO ] [GlobalLog] - 当前机器4核，计划创建8个连接池
2015-03-06 15:16:24,225 [1] [INFO ] [GlobalLog] - 连接池 [连接池1]初始化成功
2015-03-06 15:16:24,228 [1] [INFO ] [GlobalLog] - 连接池 [连接池2]初始化成功
2015-03-06 15:16:24,231 [1] [INFO ] [GlobalLog] - 连接池 [连接池3]初始化成功
2015-03-06 15:16:24,234 [1] [INFO ] [GlobalLog] - 连接池 [连接池4]初始化成功
2015-03-06 15:16:24,237 [1] [INFO ] [GlobalLog] - 连接池 [连接池5]初始化成功
2015-03-06 15:16:24,240 [1] [INFO ] [GlobalLog] - 连接池 [连接池6]初始化成功
2015-03-06 15:16:24,242 [1] [INFO ] [GlobalLog] - 连接池 [连接池7]初始化成功
2015-03-06 15:16:24,245 [1] [INFO ] [GlobalLog] - 连接池 [连接池8]初始化成功
2015-03-06 15:16:24,247 [1] [INFO ] [GlobalLog] - 启动服务器成功
2015-03-06 15:16:25,210 [ServerThread] [INFO ] [GlobalLog] - 服务器开始接受等待新链接---------------
2015-03-06 15:49:48,214 [1] [INFO ] [GlobalLog] - 注册控制台事件成功
2015-03-06 15:49:48,233 [1] [INFO ] [GlobalLog] - 开始加载配置文件
2015-03-06 15:49:48,435 [1] [INFO ] [GlobalLog] - 加载服务器配置文件ServerConfig.xml成功
2015-03-06 15:49:48,436 [1] [INFO ] [GlobalLog] - 开始启动服务器，
2015-03-06 15:49:48,447 [1] [INFO ] [GlobalLog] - 绑定服务器192.168.163.163:52321成功
2015-03-06 15:49:48,448 [1] [INFO ] [GlobalLog] - 当前机器4核，计划创建8个连接池
2015-03-06 15:49:48,451 [1] [INFO ] [GlobalLog] - 连接池 [连接池1]初始化成功
2015-03-06 15:49:48,454 [1] [INFO ] [GlobalLog] - 连接池 [连接池2]初始化成功
2015-03-06 15:49:48,456 [1] [INFO ] [GlobalLog] - 连接池 [连接池3]初始化成功
2015-03-06 15:49:48,457 [1] [INFO ] [GlobalLog] - 连接池 [连接池4]初始化成功
2015-03-06 15:49:48,458 [1] [INFO ] [GlobalLog] - 连接池 [连接池5]初始化成功
2015-03-06 15:49:48,461 [1] [INFO ] [GlobalLog] - 连接池 [连接池6]初始化成功
2015-03-06 15:49:48,462 [1] [INFO ] [GlobalLog] - 连接池 [连接池7]初始化成功
2015-03-06 15:49:48,464 [1] [INFO ] [GlobalLog] - 连接池 [连接池8]初始化成功
2015-03-06 15:49:48,465 [1] [INFO ] [GlobalLog] - 启动服务器成功
2015-03-06 15:49:49,442 [ServerThread] [INFO ] [GlobalLog] - 服务器开始接受等待新链接---------------
2015-03-06 15:49:51,614 [29] [ERROR] [GlobalLog] - 用户[cmlu]于2015/3/6 15:49:51点击关闭按钮关闭系统
2015-03-06 16:54:56,380 [1] [INFO ] [GlobalLog] - 注册控制台事件成功
2015-03-06 16:54:56,411 [1] [INFO ] [GlobalLog] - 开始加载配置文件
2015-03-06 16:54:56,784 [1] [INFO ] [GlobalLog] - 加载服务器配置文件ServerConfig.xml成功
2015-03-06 16:54:56,785 [1] [INFO ] [GlobalLog] - 开始启动服务器，
2015-03-06 16:54:56,801 [1] [INFO ] [GlobalLog] - 绑定服务器192.168.163.163:52321成功
2015-03-06 16:54:56,810 [1] [INFO ] [GlobalLog] - 连接池 [连接池1]初始化成功
2015-03-06 16:54:56,813 [1] [INFO ] [GlobalLog] - 连接池 [连接池2]初始化成功
2015-03-06 16:54:56,815 [1] [INFO ] [GlobalLog] - 连接池 [连接池3]初始化成功
2015-03-06 16:54:56,818 [1] [INFO ] [GlobalLog] - 连接池 [连接池4]初始化成功
2015-03-06 16:54:56,820 [1] [INFO ] [GlobalLog] - 连接池 [连接池5]初始化成功
2015-03-06 16:54:56,822 [1] [INFO ] [GlobalLog] - 连接池 [连接池6]初始化成功
2015-03-06 16:54:56,826 [1] [INFO ] [GlobalLog] - 连接池 [连接池7]初始化成功
2015-03-06 16:54:56,830 [1] [INFO ] [GlobalLog] - 连接池 [连接池8]初始化成功
2015-03-06 16:54:56,833 [1] [INFO ] [GlobalLog] - 当前机器4核，创建8个连接池
2015-03-06 16:54:56,834 [1] [INFO ] [GlobalLog] - 启动服务器成功
2015-03-06 16:54:57,795 [ServerThread] [INFO ] [GlobalLog] - 服务器开始接受等待新链接---------------
2015-03-06 16:55:02,667 [29] [ERROR] [GlobalLog] - 用户[cmlu]于2015/3/6 16:55:02点击关闭按钮关闭系统
