2015-03-10 10:47:33,134 [1] [INFO ] [GlobalLog] - 注册控制台事件成功
2015-03-10 10:47:33,182 [1] [INFO ] [GlobalLog] - 开始加载配置文件
2015-03-10 10:47:33,610 [1] [INFO ] [GlobalLog] - 加载服务器配置文件ServerConfig.xml成功
2015-03-10 10:47:33,618 [1] [INFO ] [GlobalLog] - 开始启动服务器，
2015-03-10 10:47:33,658 [1] [INFO ] [GlobalLog] - 绑定服务器192.168.163.163:52321成功
2015-03-10 10:47:33,676 [1] [INFO ] [GlobalLog] - 连接池 [连接池1]初始化成功
2015-03-10 10:47:33,682 [1] [INFO ] [GlobalLog] - 连接池 [连接池2]初始化成功
2015-03-10 10:47:33,689 [1] [INFO ] [GlobalLog] - 连接池 [连接池3]初始化成功
2015-03-10 10:47:33,697 [1] [INFO ] [GlobalLog] - 连接池 [连接池4]初始化成功
2015-03-10 10:47:33,707 [1] [INFO ] [GlobalLog] - 连接池 [连接池5]初始化成功
2015-03-10 10:47:33,718 [1] [INFO ] [GlobalLog] - 连接池 [连接池6]初始化成功
2015-03-10 10:47:33,724 [1] [INFO ] [GlobalLog] - 连接池 [连接池7]初始化成功
2015-03-10 10:47:33,734 [1] [INFO ] [GlobalLog] - 连接池 [连接池8]初始化成功
2015-03-10 10:47:33,742 [1] [INFO ] [GlobalLog] - 当前机器4核，创建8个连接池
2015-03-10 10:47:33,751 [1] [INFO ] [GlobalLog] - 启动服务器成功
2015-03-10 10:47:34,644 [ServerThread] [INFO ] [GlobalLog] - 服务器开始接受等待新链接---------------
2015-03-10 10:47:36,052 [30] [ERROR] [GlobalLog] - 用户[cmlu]于2015/3/10 10:47:36点击关闭按钮关闭系统
2015-03-10 10:54:48,355 [1] [INFO ] [GlobalLog] - 注册控制台事件成功
2015-03-10 10:54:48,395 [1] [INFO ] [GlobalLog] - 开始加载配置文件
2015-03-10 10:54:48,844 [1] [INFO ] [GlobalLog] - 加载服务器配置文件ServerConfig.xml成功
2015-03-10 10:54:48,854 [1] [INFO ] [GlobalLog] - 开始启动服务器，
2015-03-10 10:54:48,888 [1] [INFO ] [GlobalLog] - 绑定服务器192.168.163.163:52321成功
2015-03-10 10:54:48,901 [1] [INFO ] [GlobalLog] - 连接池 [连接池1]初始化成功
2015-03-10 10:54:48,910 [1] [INFO ] [GlobalLog] - 连接池 [连接池2]初始化成功
2015-03-10 10:54:48,920 [1] [INFO ] [GlobalLog] - 连接池 [连接池3]初始化成功
2015-03-10 10:54:48,932 [1] [INFO ] [GlobalLog] - 连接池 [连接池4]初始化成功
2015-03-10 10:54:48,953 [1] [INFO ] [GlobalLog] - 连接池 [连接池5]初始化成功
2015-03-10 10:54:48,981 [1] [INFO ] [GlobalLog] - 连接池 [连接池6]初始化成功
2015-03-10 10:54:49,009 [1] [INFO ] [GlobalLog] - 连接池 [连接池7]初始化成功
2015-03-10 10:54:49,033 [1] [INFO ] [GlobalLog] - 连接池 [连接池8]初始化成功
2015-03-10 10:54:49,046 [1] [INFO ] [GlobalLog] - 当前机器4核，创建8个连接池
2015-03-10 10:54:49,057 [1] [INFO ] [GlobalLog] - 启动服务器成功
2015-03-10 10:54:49,678 [30] [ERROR] [GlobalLog] - 用户[cmlu]于2015/3/10 10:54:49点击关闭按钮关闭系统
2015-03-10 11:11:55,843 [1] [INFO ] [GlobalLog] - 注册控制台事件成功
2015-03-10 11:11:55,885 [1] [INFO ] [GlobalLog] - 开始加载配置文件
2015-03-10 11:11:56,343 [1] [INFO ] [GlobalLog] - 加载服务器配置文件ServerConfig.xml成功
2015-03-10 11:11:56,351 [1] [INFO ] [GlobalLog] - 开始启动服务器，
2015-03-10 11:11:56,377 [1] [INFO ] [GlobalLog] - 绑定服务器192.168.163.163:52321成功
2015-03-10 11:11:56,398 [1] [INFO ] [GlobalLog] - 连接池 [连接池1]初始化成功
2015-03-10 11:11:56,415 [1] [INFO ] [GlobalLog] - 连接池 [连接池2]初始化成功
2015-03-10 11:11:56,430 [1] [INFO ] [GlobalLog] - 连接池 [连接池3]初始化成功
2015-03-10 11:11:56,453 [1] [INFO ] [GlobalLog] - 连接池 [连接池4]初始化成功
2015-03-10 11:11:56,461 [1] [INFO ] [GlobalLog] - 连接池 [连接池5]初始化成功
2015-03-10 11:11:56,494 [1] [INFO ] [GlobalLog] - 连接池 [连接池6]初始化成功
2015-03-10 11:11:56,500 [1] [INFO ] [GlobalLog] - 连接池 [连接池7]初始化成功
2015-03-10 11:11:56,509 [1] [INFO ] [GlobalLog] - 连接池 [连接池8]初始化成功
2015-03-10 11:11:56,514 [1] [INFO ] [GlobalLog] - 当前机器4核，创建8个连接池
2015-03-10 11:11:56,520 [1] [INFO ] [GlobalLog] - 启动服务器成功
2015-03-10 11:11:57,369 [ServerThread] [INFO ] [GlobalLog] - 服务器开始接受等待新链接---------------
2015-03-10 11:12:07,666 [30] [ERROR] [GlobalLog] - 用户[cmlu]于2015/3/10 11:12:07点击关闭按钮关闭系统
2015-03-10 15:19:32,616 [1] [INFO ] [GlobalLog] - 注册控制台事件成功
2015-03-10 15:19:32,655 [1] [INFO ] [GlobalLog] - 开始加载配置文件
2015-03-10 15:19:32,986 [1] [INFO ] [GlobalLog] - 加载服务器配置文件ServerConfig.xml成功
2015-03-10 15:19:32,993 [1] [INFO ] [GlobalLog] - 开始启动服务器，
2015-03-10 15:19:33,015 [1] [INFO ] [GlobalLog] - 绑定服务器192.168.163.163:52321成功
2015-03-10 15:19:33,026 [1] [INFO ] [GlobalLog] - 连接池 [连接池1]初始化成功
2015-03-10 15:19:33,035 [1] [INFO ] [GlobalLog] - 连接池 [连接池2]初始化成功
2015-03-10 15:19:33,044 [1] [INFO ] [GlobalLog] - 连接池 [连接池3]初始化成功
2015-03-10 15:19:33,052 [1] [INFO ] [GlobalLog] - 连接池 [连接池4]初始化成功
2015-03-10 15:19:33,063 [1] [INFO ] [GlobalLog] - 连接池 [连接池5]初始化成功
2015-03-10 15:19:33,071 [1] [INFO ] [GlobalLog] - 连接池 [连接池6]初始化成功
2015-03-10 15:19:33,079 [1] [INFO ] [GlobalLog] - 连接池 [连接池7]初始化成功
2015-03-10 15:19:33,088 [1] [INFO ] [GlobalLog] - 连接池 [连接池8]初始化成功
2015-03-10 15:19:33,095 [1] [INFO ] [GlobalLog] - 当前机器4核，创建8个连接池
2015-03-10 15:19:33,104 [1] [INFO ] [GlobalLog] - 启动服务器成功
2015-03-10 15:19:34,008 [ServerThread] [INFO ] [GlobalLog] - 服务器开始接受等待新链接---------------
2015-03-10 15:19:54,008 [30] [ERROR] [GlobalLog] - 用户[cmlu]于2015/3/10 15:19:53点击关闭按钮关闭系统
