2015-03-06 10:17:20,877 [5] ERROR GlobalLog - 用户[cmlu]于2015/3/6 10:17:20点击关闭按钮关闭系统
2015-03-06 10:19:31,836 [5] [ERROR] [GlobalLog] - 用户[cmlu]于2015/3/6 10:19:31点击关闭按钮关闭系统
2015-03-06 11:04:30,643 [5] [ERROR] [GlobalLog] - 用户[cmlu]于2015/3/6 11:04:30点击关闭按钮关闭系统
2015-03-06 11:15:30,587 [5] [ERROR] [GlobalLog] - 用户[cmlu]于2015/3/6 11:15:30点击关闭按钮关闭系统
2015-03-06 14:08:51,664 [1] [ERROR] [GlobalLog] - 启动服务器失败：System.NullReferenceException: 未将对象引用设置到对象的实例。
   在 MonitorServerConsole.Utils.Sockets.TcpListenerEx.Start() 位置 e:\工作相关\ModificationWorks\FIDS Advance Solution\MonitorServerConsole\Utils\Sockets\TcpListenerEx.cs:行号 88
2015-03-06 14:08:51,664 [1] [ERROR] [GlobalLog] - 启动服务器失败，程序退出
2015-03-06 14:19:11,573 [18] [ERROR] [GlobalLog] - 用户[cmlu]于2015/3/6 14:19:11点击关闭按钮关闭系统
2015-03-06 14:19:23,132 [17] [ERROR] [GlobalLog] - 用户[cmlu]于2015/3/6 14:19:23点击关闭按钮关闭系统
2015-03-06 14:19:58,590 [23] [ERROR] [GlobalLog] - 用户[cmlu]于2015/3/6 14:19:58点击关闭按钮关闭系统
2015-03-06 14:21:33,426 [1] [ERROR] [GlobalLog] - 启动服务器失败，程序退出
2015-03-06 14:21:33,473 [ServerThread] [ERROR] [GlobalLog] - 开启服务器监听线程失败：System.Net.Sockets.SocketException (0x80004005): 通常每个套接字地址(协议/网络地址/端口)只允许使用一次。
   在 System.Net.Sockets.Socket.DoBind(EndPoint endPointSnapshot, SocketAddress socketAddress)
   在 System.Net.Sockets.Socket.Bind(EndPoint localEP)
   在 System.Net.Sockets.TcpListener.Start(Int32 backlog)
   在 MonitorServerConsole.Utils.Sockets.TcpListenerEx.Listen() 位置 e:\工作相关\ModificationWorks\FIDS Advance Solution\MonitorServerConsole\Utils\Sockets\TcpListenerEx.cs:行号 114
2015-03-06 14:24:20,633 [24] [ERROR] [GlobalLog] - 用户[cmlu]于2015/3/6 14:24:20点击关闭按钮关闭系统
2015-03-06 14:24:29,996 [1] [ERROR] [GlobalLog] - 启动服务器失败，程序退出
2015-03-06 14:24:30,006 [ServerThread] [ERROR] [GlobalLog] - 开启服务器监听线程失败：System.Net.Sockets.SocketException (0x80004005): 通常每个套接字地址(协议/网络地址/端口)只允许使用一次。
   在 System.Net.Sockets.Socket.DoBind(EndPoint endPointSnapshot, SocketAddress socketAddress)
   在 System.Net.Sockets.Socket.Bind(EndPoint localEP)
   在 System.Net.Sockets.TcpListener.Start(Int32 backlog)
   在 MonitorServerConsole.Utils.Sockets.TcpListenerEx.Listen() 位置 e:\工作相关\ModificationWorks\FIDS Advance Solution\MonitorServerConsole\Utils\Sockets\TcpListenerEx.cs:行号 117
2015-03-06 14:24:54,127 [24] [ERROR] [GlobalLog] - 用户[cmlu]于2015/3/6 14:24:54点击关闭按钮关闭系统
2015-03-06 14:30:48,170 [23] [ERROR] [GlobalLog] - 用户[cmlu]于2015/3/6 14:30:48点击关闭按钮关闭系统
2015-03-06 14:31:30,766 [23] [ERROR] [GlobalLog] - 用户[cmlu]于2015/3/6 14:31:30点击关闭按钮关闭系统
2015-03-06 14:31:42,342 [23] [ERROR] [GlobalLog] - 用户[cmlu]于2015/3/6 14:31:42点击关闭按钮关闭系统
2015-03-06 14:48:22,496 [1] [ERROR] [GlobalLog] - 启动服务器失败，程序退出
2015-03-06 14:48:22,506 [ServerThread] [ERROR] [GlobalLog] - 开启服务器监听线程失败：System.Net.Sockets.SocketException (0x80004005): 通常每个套接字地址(协议/网络地址/端口)只允许使用一次。
   在 System.Net.Sockets.Socket.DoBind(EndPoint endPointSnapshot, SocketAddress socketAddress)
   在 System.Net.Sockets.Socket.Bind(EndPoint localEP)
   在 System.Net.Sockets.TcpListener.Start(Int32 backlog)
   在 MonitorServerConsole.Utils.Sockets.TcpListenerEx.Listen() 位置 e:\工作相关\ModificationWorks\FIDS Advance Solution\MonitorServerConsole\Utils\Sockets\TcpListenerEx.cs:行号 117
2015-03-06 15:03:40,059 [24] [ERROR] [GlobalLog] - 用户[cmlu]于2015/3/6 15:03:40点击关闭按钮关闭系统
2015-03-06 15:30:05,809 [29] [ERROR] [GlobalLog] - 用户[cmlu]于2015/3/6 15:30:05点击关闭按钮关闭系统
2015-03-06 15:30:20,419 [29] [ERROR] [GlobalLog] - 用户[cmlu]于2015/3/6 15:30:20点击关闭按钮关闭系统
2015-03-06 15:30:27,440 [29] [ERROR] [GlobalLog] - 用户[cmlu]于2015/3/6 15:30:27点击关闭按钮关闭系统
2015-03-06 15:36:21,534 [29] [ERROR] [GlobalLog] - 用户[cmlu]于2015/3/6 15:36:21点击关闭按钮关闭系统
2015-03-06 15:39:51,506 [29] [ERROR] [GlobalLog] - 用户[cmlu]于2015/3/6 15:39:51点击关闭按钮关闭系统
2015-03-06 15:49:40,580 [29] [ERROR] [GlobalLog] - 用户[cmlu]于2015/3/6 15:49:40点击关闭按钮关闭系统
